gpasm-0.13.7 beta               Objects/BerkeleyTCPClientDemo.asm12-16-2009  00:29:59         PAGE  1


LOC  OBJECT CODE     LINE SOURCE TEXT
  VALUE
 
               00001 ;--------------------------------------------------------
               00002 ; File Created by SDCC : free open source ANSI-C Compiler
               00003 ; Version 2.9.4 #5582 (Dec  9 2009) (UNIX)
               00004 ; This file was generated Wed Dec 16 00:29:59 2009
               00005 ;--------------------------------------------------------
               00006 ; PIC16 port for the Microchip 16-bit core micros
               00007 ;--------------------------------------------------------
               00008         list    p=18f97j60
               00009 
               00010         radix dec
               00011 
               00012 ;--------------------------------------------------------
               00013 ; public variables in this module
               00014 ;--------------------------------------------------------
               00015         global _BerkeleyTCPClientDemo
               00016 
               00017 ;--------------------------------------------------------
               00018 ; extern variables in this module
               00019 ;--------------------------------------------------------
               00020         extern _EBSTCONbits
               00021         extern _MISTATbits
               00022         extern _EFLOCONbits
               00023         extern _MACON1bits
               00024         extern _MACON2bits
               00025         extern _MACON3bits
               00026         extern _MACON4bits
               00027         extern _MACLCON1bits
               00028         extern _MACLCON2bits
               00029         extern _MICONbits
               00030         extern _MICMDbits
               00031         extern _EWOLIEbits
               00032         extern _EWOLIRbits
               00033         extern _ERXFCONbits
               00034         extern _EIEbits
               00035         extern _ESTATbits
               00036         extern _ECON2bits
               00037         extern _EIRbits
               00038         extern _EDATAbits
               00039         extern _SSP2CON2bits
               00040         extern _SSP2CON1bits
               00041         extern _SSP2STATbits
               00042         extern _ECCP2DELbits
               00043         extern _ECCP2ASbits
               00044         extern _ECCP3DELbits
               00045         extern _ECCP3ASbits
               00046         extern _RCSTA2bits
               00047         extern _TXSTA2bits
               00048         extern _CCP5CONbits
               00049         extern _CCP4CONbits
               00050         extern _T4CONbits
               00051         extern _ECCP1DELbits
               00052         extern _BAUDCON2bits
               00053         extern _BAUDCTL2bits
               00054         extern _BAUDCONbits
gpasm-0.13.7 beta               Objects/BerkeleyTCPClientDemo.asm12-16-2009  00:29:59         PAGE  2


LOC  OBJECT CODE     LINE SOURCE TEXT
  VALUE
 
               00055         extern _BAUDCON1bits
               00056         extern _BAUDCTLbits
               00057         extern _BAUDCTL1bits
               00058         extern _PORTAbits
               00059         extern _PORTBbits
               00060         extern _PORTCbits
               00061         extern _PORTDbits
               00062         extern _PORTEbits
               00063         extern _PORTFbits
               00064         extern _PORTGbits
               00065         extern _PORTHbits
               00066         extern _PORTJbits
               00067         extern _LATAbits
               00068         extern _LATBbits
               00069         extern _LATCbits
               00070         extern _LATDbits
               00071         extern _LATEbits
               00072         extern _LATFbits
               00073         extern _LATGbits
               00074         extern _LATHbits
               00075         extern _LATJbits
               00076         extern _DDRAbits
               00077         extern _TRISAbits
               00078         extern _DDRBbits
               00079         extern _TRISBbits
               00080         extern _DDRCbits
               00081         extern _TRISCbits
               00082         extern _DDRDbits
               00083         extern _TRISDbits
               00084         extern _DDREbits
               00085         extern _TRISEbits
               00086         extern _DDRFbits
               00087         extern _TRISFbits
               00088         extern _DDRGbits
               00089         extern _TRISGbits
               00090         extern _DDRHbits
               00091         extern _TRISHbits
               00092         extern _DDRJbits
               00093         extern _TRISJbits
               00094         extern _OSCTUNEbits
               00095         extern _MEMCONbits
               00096         extern _PIE1bits
               00097         extern _PIR1bits
               00098         extern _IPR1bits
               00099         extern _PIE2bits
               00100         extern _PIR2bits
               00101         extern _IPR2bits
               00102         extern _PIE3bits
               00103         extern _PIR3bits
               00104         extern _IPR3bits
               00105         extern _EECON1bits
               00106         extern _RCSTAbits
               00107         extern _RCSTA1bits
               00108         extern _TXSTAbits
gpasm-0.13.7 beta               Objects/BerkeleyTCPClientDemo.asm12-16-2009  00:29:59         PAGE  3


LOC  OBJECT CODE     LINE SOURCE TEXT
  VALUE
 
               00109         extern _TXSTA1bits
               00110         extern _PSPCONbits
               00111         extern _T3CONbits
               00112         extern _CMCONbits
               00113         extern _CVRCONbits
               00114         extern _ECCP1ASbits
               00115         extern _CCP3CONbits
               00116         extern _ECCP3CONbits
               00117         extern _CCP2CONbits
               00118         extern _ECCP2CONbits
               00119         extern _CCP1CONbits
               00120         extern _ECCP1CONbits
               00121         extern _ADCON2bits
               00122         extern _ADCON1bits
               00123         extern _ADCON0bits
               00124         extern _SSP1CON2bits
               00125         extern _SSPCON2bits
               00126         extern _SSP1CON1bits
               00127         extern _SSPCON1bits
               00128         extern _SSP1STATbits
               00129         extern _SSPSTATbits
               00130         extern _T2CONbits
               00131         extern _T1CONbits
               00132         extern _RCONbits
               00133         extern _WDTCONbits
               00134         extern _ECON1bits
               00135         extern _OSCCONbits
               00136         extern _T0CONbits
               00137         extern _STATUSbits
               00138         extern _INTCON3bits
               00139         extern _INTCON2bits
               00140         extern _INTCONbits
               00141         extern _STKPTRbits
               00142         extern _stdin
               00143         extern _stdout
               00144         extern _AppConfig
               00145         extern _activeUDPSocket
               00146         extern _UDPSocketInfo
               00147         extern _UDPTxCount
               00148         extern _UDPRxCount
               00149         extern _LCDText
               00150         extern _MAADR5
               00151         extern _MAADR6
               00152         extern _MAADR3
               00153         extern _MAADR4
               00154         extern _MAADR1
               00155         extern _MAADR2
               00156         extern _EBSTSD
               00157         extern _EBSTCON
               00158         extern _EBSTCS
               00159         extern _EBSTCSL
               00160         extern _EBSTCSH
               00161         extern _MISTAT
               00162         extern _EFLOCON
gpasm-0.13.7 beta               Objects/BerkeleyTCPClientDemo.asm12-16-2009  00:29:59         PAGE  4


LOC  OBJECT CODE     LINE SOURCE TEXT
  VALUE
 
               00163         extern _EPAUS
               00164         extern _EPAUSL
               00165         extern _EPAUSH
               00166         extern _MACON1
               00167         extern _MACON2
               00168         extern _MACON3
               00169         extern _MACON4
               00170         extern _MABBIPG
               00171         extern _MAIPG
               00172         extern _MAIPGL
               00173         extern _MAIPGH
               00174         extern _MACLCON1
               00175         extern _MACLCON2
               00176         extern _MAMXFL
               00177         extern _MAMXFLL
               00178         extern _MAMXFLH
               00179         extern _MICON
               00180         extern _MICMD
               00181         extern _MIREGADR
               00182         extern _MIWR
               00183         extern _MIWRL
               00184         extern _MIWRH
               00185         extern _MIRD
               00186         extern _MIRDL
               00187         extern _MIRDH
               00188         extern _EHT0
               00189         extern _EHT1
               00190         extern _EHT2
               00191         extern _EHT3
               00192         extern _EHT4
               00193         extern _EHT5
               00194         extern _EHT6
               00195         extern _EHT7
               00196         extern _EPMM0
               00197         extern _EPMM1
               00198         extern _EPMM2
               00199         extern _EPMM3
               00200         extern _EPMM4
               00201         extern _EPMM5
               00202         extern _EPMM6
               00203         extern _EPMM7
               00204         extern _EPMCS
               00205         extern _EPMCSL
               00206         extern _EPMCSH
               00207         extern _EPMO
               00208         extern _EPMOL
               00209         extern _EPMOH
               00210         extern _EWOLIE
               00211         extern _EWOLIR
               00212         extern _ERXFCON
               00213         extern _EPKTCNT
               00214         extern _EWRPT
               00215         extern _EWRPTL
               00216         extern _EWRPTH
gpasm-0.13.7 beta               Objects/BerkeleyTCPClientDemo.asm12-16-2009  00:29:59         PAGE  5


LOC  OBJECT CODE     LINE SOURCE TEXT
  VALUE
 
               00217         extern _ETXST
               00218         extern _ETXSTL
               00219         extern _ETXSTH
               00220         extern _ETXND
               00221         extern _ETXNDL
               00222         extern _ETXNDH
               00223         extern _ERXST
               00224         extern _ERXSTL
               00225         extern _ERXSTH
               00226         extern _ERXND
               00227         extern _ERXNDL
               00228         extern _ERXNDH
               00229         extern _ERXRDPT
               00230         extern _ERXRDPTL
               00231         extern _ERXRDPTH
               00232         extern _ERXWRPT
               00233         extern _ERXWRPTL
               00234         extern _ERXWRPTH
               00235         extern _EDMAST
               00236         extern _EDMASTL
               00237         extern _EDMASTH
               00238         extern _EDMAND
               00239         extern _EDMANDL
               00240         extern _EDMANDH
               00241         extern _EDMADST
               00242         extern _EDMADSTL
               00243         extern _EDMADSTH
               00244         extern _EDMACS
               00245         extern _EDMACSL
               00246         extern _EDMACSH
               00247         extern _EIE
               00248         extern _ESTAT
               00249         extern _ECON2
               00250         extern _EIR
               00251         extern _EDATA
               00252         extern _SSP2CON2
               00253         extern _SSP2CON1
               00254         extern _SSP2STAT
               00255         extern _SSP2ADD
               00256         extern _SSP2BUF
               00257         extern _ECCP2DEL
               00258         extern _ECCP2AS
               00259         extern _ECCP3DEL
               00260         extern _ECCP3AS
               00261         extern _RCSTA2
               00262         extern _TXSTA2
               00263         extern _TXREG2
               00264         extern _RCREG2
               00265         extern _SPBRG2
               00266         extern _CCP5CON
               00267         extern _CCPR5
               00268         extern _CCPR5L
               00269         extern _CCPR5H
               00270         extern _CCP4CON
gpasm-0.13.7 beta               Objects/BerkeleyTCPClientDemo.asm12-16-2009  00:29:59         PAGE  6


LOC  OBJECT CODE     LINE SOURCE TEXT
  VALUE
 
               00271         extern _CCPR4
               00272         extern _CCPR4L
               00273         extern _CCPR4H
               00274         extern _T4CON
               00275         extern _PR4
               00276         extern _TMR4
               00277         extern _ECCP1DEL
               00278         extern _ERDPT
               00279         extern _ERDPTL
               00280         extern _ERDPTH
               00281         extern _BAUDCON2
               00282         extern _BAUDCTL2
               00283         extern _SPBRGH2
               00284         extern _BAUDCON
               00285         extern _BAUDCON1
               00286         extern _BAUDCTL
               00287         extern _BAUDCTL1
               00288         extern _SPBRGH
               00289         extern _SPBRGH1
               00290         extern _PORTA
               00291         extern _PORTB
               00292         extern _PORTC
               00293         extern _PORTD
               00294         extern _PORTE
               00295         extern _PORTF
               00296         extern _PORTG
               00297         extern _PORTH
               00298         extern _PORTJ
               00299         extern _LATA
               00300         extern _LATB
               00301         extern _LATC
               00302         extern _LATD
               00303         extern _LATE
               00304         extern _LATF
               00305         extern _LATG
               00306         extern _LATH
               00307         extern _LATJ
               00308         extern _DDRA
               00309         extern _TRISA
               00310         extern _DDRB
               00311         extern _TRISB
               00312         extern _DDRC
               00313         extern _TRISC
               00314         extern _DDRD
               00315         extern _TRISD
               00316         extern _DDRE
               00317         extern _TRISE
               00318         extern _DDRF
               00319         extern _TRISF
               00320         extern _DDRG
               00321         extern _TRISG
               00322         extern _DDRH
               00323         extern _TRISH
               00324         extern _DDRJ
gpasm-0.13.7 beta               Objects/BerkeleyTCPClientDemo.asm12-16-2009  00:29:59         PAGE  7


LOC  OBJECT CODE     LINE SOURCE TEXT
  VALUE
 
               00325         extern _TRISJ
               00326         extern _OSCTUNE
               00327         extern _MEMCON
               00328         extern _PIE1
               00329         extern _PIR1
               00330         extern _IPR1
               00331         extern _PIE2
               00332         extern _PIR2
               00333         extern _IPR2
               00334         extern _PIE3
               00335         extern _PIR3
               00336         extern _IPR3
               00337         extern _EECON1
               00338         extern _EECON2
               00339         extern _RCSTA
               00340         extern _RCSTA1
               00341         extern _TXSTA
               00342         extern _TXSTA1
               00343         extern _TXREG
               00344         extern _TXREG1
               00345         extern _RCREG
               00346         extern _RCREG1
               00347         extern _SPBRG
               00348         extern _SPBRG1
               00349         extern _PSPCON
               00350         extern _T3CON
               00351         extern _TMR3L
               00352         extern _TMR3H
               00353         extern _CMCON
               00354         extern _CVRCON
               00355         extern _ECCP1AS
               00356         extern _CCP3CON
               00357         extern _ECCP3CON
               00358         extern _CCPR3
               00359         extern _CCPR3L
               00360         extern _CCPR3H
               00361         extern _CCP2CON
               00362         extern _ECCP2CON
               00363         extern _CCPR2
               00364         extern _CCPR2L
               00365         extern _CCPR2H
               00366         extern _CCP1CON
               00367         extern _ECCP1CON
               00368         extern _CCPR1
               00369         extern _CCPR1L
               00370         extern _CCPR1H
               00371         extern _ADCON2
               00372         extern _ADCON1
               00373         extern _ADCON0
               00374         extern _ADRES
               00375         extern _ADRESL
               00376         extern _ADRESH
               00377         extern _SSP1CON2
               00378         extern _SSPCON2
gpasm-0.13.7 beta               Objects/BerkeleyTCPClientDemo.asm12-16-2009  00:29:59         PAGE  8


LOC  OBJECT CODE     LINE SOURCE TEXT
  VALUE
 
               00379         extern _SSP1CON1
               00380         extern _SSPCON1
               00381         extern _SSP1STAT
               00382         extern _SSPSTAT
               00383         extern _SSP1ADD
               00384         extern _SSPADD
               00385         extern _SSP1BUF
               00386         extern _SSPBUF
               00387         extern _T2CON
               00388         extern _PR2
               00389         extern _TMR2
               00390         extern _T1CON
               00391         extern _TMR1L
               00392         extern _TMR1H
               00393         extern _RCON
               00394         extern _WDTCON
               00395         extern _ECON1
               00396         extern _OSCCON
               00397         extern _T0CON
               00398         extern _TMR0L
               00399         extern _TMR0H
               00400         extern _STATUS
               00401         extern _FSR2L
               00402         extern _FSR2H
               00403         extern _PLUSW2
               00404         extern _PREINC2
               00405         extern _POSTDEC2
               00406         extern _POSTINC2
               00407         extern _INDF2
               00408         extern _BSR
               00409         extern _FSR1L
               00410         extern _FSR1H
               00411         extern _PLUSW1
               00412         extern _PREINC1
               00413         extern _POSTDEC1
               00414         extern _POSTINC1
               00415         extern _INDF1
               00416         extern _WREG
               00417         extern _FSR0L
               00418         extern _FSR0H
               00419         extern _PLUSW0
               00420         extern _PREINC0
               00421         extern _POSTDEC0
               00422         extern _POSTINC0
               00423         extern _INDF0
               00424         extern _INTCON3
               00425         extern _INTCON2
               00426         extern _INTCON
               00427         extern _PROD
               00428         extern _PRODL
               00429         extern _PRODH
               00430         extern _TABLAT
               00431         extern _TBLPTR
               00432         extern _TBLPTRL
gpasm-0.13.7 beta               Objects/BerkeleyTCPClientDemo.asm12-16-2009  00:29:59         PAGE  9


LOC  OBJECT CODE     LINE SOURCE TEXT
  VALUE
 
               00433         extern _TBLPTRH
               00434         extern _TBLPTRU
               00435         extern _PC
               00436         extern _PCL
               00437         extern _PCLATH
               00438         extern _PCLATU
               00439         extern _STKPTR
               00440         extern _TOS
               00441         extern _TOSL
               00442         extern _TOSH
               00443         extern _TOSU
               00444         extern _strlen
               00445         extern _socket
               00446         extern _connect
               00447         extern _send
               00448         extern _recv
               00449         extern _closesocket
               00450         extern _DNSBeginUsage
               00451         extern _DNSResolve
               00452         extern _DNSIsResolved
               00453         extern _DNSEndUsage
               00454 ;--------------------------------------------------------
               00455 ;       Equates to used internal registers
               00456 ;--------------------------------------------------------
  00000FD8     00457 STATUS  equ     0xfd8
  00000FF9     00458 PCL     equ     0xff9
  00000FFA     00459 PCLATH  equ     0xffa
  00000FFB     00460 PCLATU  equ     0xffb
  00000FE8     00461 WREG    equ     0xfe8
  00000FE1     00462 FSR1L   equ     0xfe1
  00000FD9     00463 FSR2L   equ     0xfd9
  00000FE5     00464 POSTDEC1        equ     0xfe5
  00000FE4     00465 PREINC1 equ     0xfe4
  00000FF3     00466 PRODL   equ     0xff3
               00467 
               00468 
               00469         idata
               00470 _ServerName     db      0x77, 0x77, 0x77, 0x2e, 0x67, 0x6f, 0x6f, 0x67, 0x6c, 0x65, 0x2e, 0x63
               00471         db      0x6f, 0x6d, 0x00
               00472 _sendRequest    db      0x47, 0x45, 0x54, 0x20, 0x2f, 0x73, 0x65, 0x61, 0x72, 0x63, 0x68, 0x3f
               00473         db      0x61, 0x73, 0x5f, 0x71, 0x3d, 0x4d, 0x69, 0x63, 0x72, 0x6f, 0x63, 0x68
               00474         db      0x69, 0x70, 0x26, 0x61, 0x73, 0x5f, 0x73, 0x69, 0x74, 0x65, 0x73, 0x65
               00475         db      0x61, 0x72, 0x63, 0x68, 0x3d, 0x6d, 0x69, 0x63, 0x72, 0x6f, 0x63, 0x68
               00476         db      0x69, 0x70, 0x2e, 0x63, 0x6f, 0x6d, 0x20, 0x48, 0x54, 0x54, 0x50, 0x2f
               00477         db      0x31, 0x2e, 0x30, 0x0d, 0x0a, 0x48, 0x6f, 0x73, 0x74, 0x3a, 0x20, 0x77
               00478         db      0x77, 0x77, 0x2e, 0x67, 0x6f, 0x6f, 0x67, 0x6c, 0x65, 0x2e, 0x63, 0x6f
               00479         db      0x6d, 0x0d, 0x0a, 0x43, 0x6f, 0x6e, 0x6e, 0x65, 0x63, 0x74, 0x69, 0x6f
               00480         db      0x6e, 0x3a, 0x20, 0x63, 0x6c, 0x6f, 0x73, 0x65, 0x0d, 0x0a, 0x0d, 0x0a
               00481         db      0x00
               00482 _BerkeleyTCPClientDemo_BSDClientState_1_1       db      0x07
               00483 
               00484 
               00485 ; Internal registers
               00486 .registers      udata_ovr       0x0000
gpasm-0.13.7 beta               Objects/BerkeleyTCPClientDemo.asm12-16-2009  00:29:59         PAGE 10


LOC  OBJECT CODE     LINE SOURCE TEXT
  VALUE
 
               00487 r0x00   res     1
               00488 r0x01   res     1
               00489 r0x02   res     1
               00490 r0x03   res     1
               00491 r0x04   res     1
               00492 r0x05   res     1
               00493 r0x06   res     1
               00494 r0x07   res     1
               00495 
               00496 udata_BerkeleyTCPClientDemo_0   udata
               00497 _BerkeleyTCPClientDemo_bsdClientSocket_1_1      res     1
               00498 
               00499 udata_BerkeleyTCPClientDemo_1   udata
               00500 _BerkeleyTCPClientDemo_addr_1_1 res     16
               00501 
               00502 udata_BerkeleyTCPClientDemo_2   udata
               00503 _BerkeleyTCPClientDemo_recvBuffer_1_1   res     9
               00504 
               00505 ;--------------------------------------------------------
               00506 ; global & static initialisations
               00507 ;--------------------------------------------------------
               00508 ; I code from now on!
               00509 ; ; Starting pCode block
               00510 S_BerkeleyTCPClientDemo__BerkeleyTCPClientDemo  code
0000 00511 _BerkeleyTCPClientDemo:
               00512 ;       .line   85; BerkeleyTCPClientDemo.c     void BerkeleyTCPClientDemo(void)
0000 CFD9 FFE5 00513         MOVFF   FSR2L, POSTDEC1
0004 CFE1 FFD9 00514         MOVFF   FSR1L, FSR2L
0008 C000 FFE5 00515         MOVFF   r0x00, POSTDEC1
000C C000 FFE5 00516         MOVFF   r0x01, POSTDEC1
0010 C000 FFE5 00517         MOVFF   r0x02, POSTDEC1
0014 C000 FFE5 00518         MOVFF   r0x03, POSTDEC1
0018 C000 FFE5 00519         MOVFF   r0x04, POSTDEC1
001C C000 FFE5 00520         MOVFF   r0x05, POSTDEC1
               00521 ;       .line   106; BerkeleyTCPClientDemo.c    switch(BSDClientState)
0020 0E08      00522         MOVLW   0x08
0022 0000      00523         BANKSEL _BerkeleyTCPClientDemo_BSDClientState_1_1
0024 5D00      00524         SUBWF   _BerkeleyTCPClientDemo_BSDClientState_1_1, W, B
0026 B0D8      00525         BTFSC   STATUS, 0
0028 D000      00526         BRA     _00136_DS_
002A C000 FFE5 00527         MOVFF   r0x06, POSTDEC1
002E C000 FFE5 00528         MOVFF   r0x07, POSTDEC1
0032 6A00      00529         CLRF    r0x07
0034 0000      00530         BANKSEL _BerkeleyTCPClientDemo_BSDClientState_1_1
0036 3500      00531         RLCF    _BerkeleyTCPClientDemo_BSDClientState_1_1, W, B
0038 3600      00532         RLCF    r0x07, F
003A 34E8      00533         RLCF    WREG, W
003C 3600      00534         RLCF    r0x07, F
003E 0BFC      00535         ANDLW   0xfc
0040 6E00      00536         MOVWF   r0x06
0042 0E00      00537         MOVLW   UPPER(_00150_DS_)
0044 6EFB      00538         MOVWF   PCLATU
0046 0E00      00539         MOVLW   HIGH(_00150_DS_)
0048 6EFA      00540         MOVWF   PCLATH
gpasm-0.13.7 beta               Objects/BerkeleyTCPClientDemo.asm12-16-2009  00:29:59         PAGE 11


LOC  OBJECT CODE     LINE SOURCE TEXT
  VALUE
 
004A 0E00      00541         MOVLW   LOW(_00150_DS_)
004C 2600      00542         ADDWF   r0x06, F
004E 5000      00543         MOVF    r0x07, W
0050 22FA      00544         ADDWFC  PCLATH, F
0052 B0D8      00545         BTFSC   STATUS, 0
0054 2AFB      00546         INCF    PCLATU, F
0056 5000      00547         MOVF    r0x06, W
0058 CFE4 F000 00548         MOVFF   PREINC1, r0x07
005C CFE4 F000 00549         MOVFF   PREINC1, r0x06
0060 6EF9      00550         MOVWF   PCL
0062 00551 _00150_DS_:
0062 EF00 F000 00552         GOTO    _00105_DS_
0066 EF00 F000 00553         GOTO    _00108_DS_
006A EF00 F000 00554         GOTO    _00113_DS_
006E EF00 F000 00555         GOTO    _00116_DS_
0072 EF00 F000 00556         GOTO    _00119_DS_
0076 EF00 F000 00557         GOTO    _00128_DS_
007A EF00 F000 00558         GOTO    _00130_DS_
007E EF00 F000 00559         GOTO    _00131_DS_
0082 00560 _00105_DS_:
               00561 ;       .line   109; BerkeleyTCPClientDemo.c    if(DNSBeginUsage())
0082 EC00 F000 00562         CALL    _DNSBeginUsage
0086 6E00      00563         MOVWF   r0x00
0088 5000      00564         MOVF    r0x00, W
008A B4D8      00565         BTFSC   STATUS, 2
008C D000      00566         BRA     _00136_DS_
               00567 ;       .line   112; BerkeleyTCPClientDemo.c    DNSResolve(ServerName, DNS_TYPE_A);
008E 0E00      00568         MOVLW   HIGH(_ServerName)
0090 6E00      00569         MOVWF   r0x01
0092 0E00      00570         MOVLW   LOW(_ServerName)
0094 6E00      00571         MOVWF   r0x00
0096 0E80      00572         MOVLW   0x80
0098 6E00      00573         MOVWF   r0x02
009A 0E01      00574         MOVLW   0x01
009C 6EE5      00575         MOVWF   POSTDEC1
009E 5000      00576         MOVF    r0x02, W
00A0 6EE5      00577         MOVWF   POSTDEC1
00A2 5000      00578         MOVF    r0x01, W
00A4 6EE5      00579         MOVWF   POSTDEC1
00A6 5000      00580         MOVF    r0x00, W
00A8 6EE5      00581         MOVWF   POSTDEC1
00AA EC00 F000 00582         CALL    _DNSResolve
00AE 0E04      00583         MOVLW   0x04
00B0 26E1      00584         ADDWF   FSR1L, F
               00585 ;       .line   113; BerkeleyTCPClientDemo.c    BSDClientState = DNS_GET_RESULT;
00B2 0E01      00586         MOVLW   0x01
00B4 0000      00587         BANKSEL _BerkeleyTCPClientDemo_BSDClientState_1_1
00B6 6F00      00588         MOVWF   _BerkeleyTCPClientDemo_BSDClientState_1_1, B
               00589 ;       .line   115; BerkeleyTCPClientDemo.c    break;
00B8 D000      00590         BRA     _00136_DS_
00BA 00591 _00108_DS_:
               00592 ;       .line   118; BerkeleyTCPClientDemo.c    if(!DNSIsResolved((IP_ADDR*)&addr.sin_addr.S_un.S_addr))
00BA 0E00      00593         MOVLW   HIGH(_BerkeleyTCPClientDemo_addr_1_1 + 4)
00BC 6E00      00594         MOVWF   r0x01
gpasm-0.13.7 beta               Objects/BerkeleyTCPClientDemo.asm12-16-2009  00:29:59         PAGE 12


LOC  OBJECT CODE     LINE SOURCE TEXT
  VALUE
 
00BE 0E00      00595         MOVLW   LOW(_BerkeleyTCPClientDemo_addr_1_1 + 4)
00C0 6E00      00596         MOVWF   r0x00
00C2 0E80      00597         MOVLW   0x80
00C4 6E00      00598         MOVWF   r0x02
00C6 5000      00599         MOVF    r0x02, W
00C8 6EE5      00600         MOVWF   POSTDEC1
00CA 5000      00601         MOVF    r0x01, W
00CC 6EE5      00602         MOVWF   POSTDEC1
00CE 5000      00603         MOVF    r0x00, W
00D0 6EE5      00604         MOVWF   POSTDEC1
00D2 EC00 F000 00605         CALL    _DNSIsResolved
00D6 6E00      00606         MOVWF   r0x00
00D8 0E03      00607         MOVLW   0x03
00DA 26E1      00608         ADDWF   FSR1L, F
00DC 5000      00609         MOVF    r0x00, W
00DE B4D8      00610         BTFSC   STATUS, 2
00E0 D000      00611         BRA     _00136_DS_
               00612 ;       .line   121; BerkeleyTCPClientDemo.c    if(!DNSEndUsage())
00E2 EC00 F000 00613         CALL    _DNSEndUsage
00E6 6E00      00614         MOVWF   r0x00
00E8 5000      00615         MOVF    r0x00, W
00EA E100      00616         BNZ     _00112_DS_
               00617 ;       .line   126; BerkeleyTCPClientDemo.c    BSDClientState = BSD_DONE;
00EC 0E07      00618         MOVLW   0x07
00EE 0000      00619         BANKSEL _BerkeleyTCPClientDemo_BSDClientState_1_1
00F0 6F00      00620         MOVWF   _BerkeleyTCPClientDemo_BSDClientState_1_1, B
               00621 ;       .line   127; BerkeleyTCPClientDemo.c    break;
00F2 D000      00622         BRA     _00136_DS_
00F4 00623 _00112_DS_:
               00624 ;       .line   130; BerkeleyTCPClientDemo.c    BSDClientState = BSD_START;                     
00F4 0E02      00625         MOVLW   0x02
00F6 0000      00626         BANKSEL _BerkeleyTCPClientDemo_BSDClientState_1_1
00F8 6F00      00627         MOVWF   _BerkeleyTCPClientDemo_BSDClientState_1_1, B
00FA 00628 _00113_DS_:
               00629 ;       .line   135; BerkeleyTCPClientDemo.c    if((bsdClientSocket = socket(AF_INET, SOCK_STREAM, IPPROTO_TCP)) == INVALID_SOCKET )
00FA 0E00      00630         MOVLW   0x00
00FC 6EE5      00631         MOVWF   POSTDEC1
00FE 0E06      00632         MOVLW   0x06
0100 6EE5      00633         MOVWF   POSTDEC1
0102 0E00      00634         MOVLW   0x00
0104 6EE5      00635         MOVWF   POSTDEC1
0106 0E64      00636         MOVLW   0x64
0108 6EE5      00637         MOVWF   POSTDEC1
010A 0E00      00638         MOVLW   0x00
010C 6EE5      00639         MOVWF   POSTDEC1
010E 0E02      00640         MOVLW   0x02
0110 6EE5      00641         MOVWF   POSTDEC1
0112 EC00 F000 00642         CALL    _socket
0116 6E00      00643         MOVWF   r0x00
0118 0E06      00644         MOVLW   0x06
011A 26E1      00645         ADDWF   FSR1L, F
011C C000 F000 00646         MOVFF   r0x00, _BerkeleyTCPClientDemo_bsdClientSocket_1_1
0120 5000      00647         MOVF    r0x00, W
0122 0AFE      00648         XORLW   0xfe
gpasm-0.13.7 beta               Objects/BerkeleyTCPClientDemo.asm12-16-2009  00:29:59         PAGE 13


LOC  OBJECT CODE     LINE SOURCE TEXT
  VALUE
 
0124 E100      00649         BNZ     _00115_DS_
               00650 ;       .line   136; BerkeleyTCPClientDemo.c    return;
0126 D000      00651         BRA     _00136_DS_
0128 00652 _00115_DS_:
               00653 ;       .line   145; BerkeleyTCPClientDemo.c    BSDClientState = BSD_CONNECT;
0128 0E03      00654         MOVLW   0x03
012A 0000      00655         BANKSEL _BerkeleyTCPClientDemo_BSDClientState_1_1
012C 6F00      00656         MOVWF   _BerkeleyTCPClientDemo_BSDClientState_1_1, B
               00657 ;       .line   146; BerkeleyTCPClientDemo.c    break;
012E D000      00658         BRA     _00136_DS_
0130 00659 _00116_DS_:
               00660 ;       .line   150; BerkeleyTCPClientDemo.c    addr.sin_port = PORTNUM;
0130 0E50      00661         MOVLW   0x50
0132 0000      00662         BANKSEL (_BerkeleyTCPClientDemo_addr_1_1 + 2)
0134 6F00      00663         MOVWF   (_BerkeleyTCPClientDemo_addr_1_1 + 2), B
0136 0000      00664         BANKSEL (_BerkeleyTCPClientDemo_addr_1_1 + 3)
0138 6B00      00665         CLRF    (_BerkeleyTCPClientDemo_addr_1_1 + 3), B
               00666 ;       .line   152; BerkeleyTCPClientDemo.c    if(connect( bsdClientSocket, (struct sockaddr*)&addr, addrlen) < 0)
013A 0E00      00667         MOVLW   HIGH(_BerkeleyTCPClientDemo_addr_1_1)
013C 6E00      00668         MOVWF   r0x01
013E 0E00      00669         MOVLW   LOW(_BerkeleyTCPClientDemo_addr_1_1)
0140 6E00      00670         MOVWF   r0x00
0142 0E80      00671         MOVLW   0x80
0144 6E00      00672         MOVWF   r0x02
0146 0E00      00673         MOVLW   0x00
0148 6EE5      00674         MOVWF   POSTDEC1
014A 0E10      00675         MOVLW   0x10
014C 6EE5      00676         MOVWF   POSTDEC1
014E 5000      00677         MOVF    r0x02, W
0150 6EE5      00678         MOVWF   POSTDEC1
0152 5000      00679         MOVF    r0x01, W
0154 6EE5      00680         MOVWF   POSTDEC1
0156 5000      00681         MOVF    r0x00, W
0158 6EE5      00682         MOVWF   POSTDEC1
015A 0000      00683         BANKSEL _BerkeleyTCPClientDemo_bsdClientSocket_1_1
015C 5100      00684         MOVF    _BerkeleyTCPClientDemo_bsdClientSocket_1_1, W, B
015E 6EE5      00685         MOVWF   POSTDEC1
0160 EC00 F000 00686         CALL    _connect
0164 6E00      00687         MOVWF   r0x00
0166 CFF3 F000 00688         MOVFF   PRODL, r0x01
016A 0E06      00689         MOVLW   0x06
016C 26E1      00690         ADDWF   FSR1L, F
016E 80D8      00691         BSF     STATUS, 0
0170 AE00      00692         BTFSS   r0x01, 7
0172 90D8      00693         BCF     STATUS, 0
0174 E300      00694         BNC     _00118_DS_
               00695 ;       .line   153; BerkeleyTCPClientDemo.c    return;
0176 D000      00696         BRA     _00136_DS_
0178 00697 _00118_DS_:
               00698 ;       .line   155; BerkeleyTCPClientDemo.c    BSDClientState = BSD_SEND;
0178 0E04      00699         MOVLW   0x04
017A 0000      00700         BANKSEL _BerkeleyTCPClientDemo_BSDClientState_1_1
017C 6F00      00701         MOVWF   _BerkeleyTCPClientDemo_BSDClientState_1_1, B
017E 00702 _00119_DS_:
gpasm-0.13.7 beta               Objects/BerkeleyTCPClientDemo.asm12-16-2009  00:29:59         PAGE 14


LOC  OBJECT CODE     LINE SOURCE TEXT
  VALUE
 
               00703 ;       .line   160; BerkeleyTCPClientDemo.c    send(bsdClientSocket, (const char*)sendRequest, strlen((char*)sendRequest), 0);  
017E 0E00      00704         MOVLW   HIGH(_sendRequest)
0180 6E00      00705         MOVWF   r0x01
0182 0E00      00706         MOVLW   LOW(_sendRequest)
0184 6E00      00707         MOVWF   r0x00
0186 0E80      00708         MOVLW   0x80
0188 6E00      00709         MOVWF   r0x02
018A 0E00      00710         MOVLW   HIGH(_sendRequest)
018C 6E00      00711         MOVWF   r0x04
018E 0E00      00712         MOVLW   LOW(_sendRequest)
0190 6E00      00713         MOVWF   r0x03
0192 0E80      00714         MOVLW   0x80
0194 6E00      00715         MOVWF   r0x05
0196 5000      00716         MOVF    r0x05, W
0198 6EE5      00717         MOVWF   POSTDEC1
019A 5000      00718         MOVF    r0x04, W
019C 6EE5      00719         MOVWF   POSTDEC1
019E 5000      00720         MOVF    r0x03, W
01A0 6EE5      00721         MOVWF   POSTDEC1
01A2 EC00 F000 00722         CALL    _strlen
01A6 6E00      00723         MOVWF   r0x03
01A8 CFF3 F000 00724         MOVFF   PRODL, r0x04
01AC 0E03      00725         MOVLW   0x03
01AE 26E1      00726         ADDWF   FSR1L, F
01B0 0E00      00727         MOVLW   0x00
01B2 6EE5      00728         MOVWF   POSTDEC1
01B4 0E00      00729         MOVLW   0x00
01B6 6EE5      00730         MOVWF   POSTDEC1
01B8 5000      00731         MOVF    r0x04, W
01BA 6EE5      00732         MOVWF   POSTDEC1
01BC 5000      00733         MOVF    r0x03, W
01BE 6EE5      00734         MOVWF   POSTDEC1
01C0 5000      00735         MOVF    r0x02, W
01C2 6EE5      00736         MOVWF   POSTDEC1
01C4 5000      00737         MOVF    r0x01, W
01C6 6EE5      00738         MOVWF   POSTDEC1
01C8 5000      00739         MOVF    r0x00, W
01CA 6EE5      00740         MOVWF   POSTDEC1
01CC 0000      00741         BANKSEL _BerkeleyTCPClientDemo_bsdClientSocket_1_1
01CE 5100      00742         MOVF    _BerkeleyTCPClientDemo_bsdClientSocket_1_1, W, B
01D0 6EE5      00743         MOVWF   POSTDEC1
01D2 EC00 F000 00744         CALL    _send
01D6 0E08      00745         MOVLW   0x08
01D8 26E1      00746         ADDWF   FSR1L, F
               00747 ;       .line   161; BerkeleyTCPClientDemo.c    BSDClientState = BSD_OPERATION;
01DA 0E05      00748         MOVLW   0x05
01DC 0000      00749         BANKSEL _BerkeleyTCPClientDemo_BSDClientState_1_1
01DE 6F00      00750         MOVWF   _BerkeleyTCPClientDemo_BSDClientState_1_1, B
               00751 ;       .line   162; BerkeleyTCPClientDemo.c    break;
01E0 D000      00752         BRA     _00136_DS_
01E2 00753 _00128_DS_:
               00754 ;       .line   168; BerkeleyTCPClientDemo.c    i = recv(bsdClientSocket, recvBuffer, sizeof(recvBuffer)-1, 0); //get the data from the recv queue
01E2 0E00      00755         MOVLW   HIGH(_BerkeleyTCPClientDemo_recvBuffer_1_1)
01E4 6E00      00756         MOVWF   r0x01
gpasm-0.13.7 beta               Objects/BerkeleyTCPClientDemo.asm12-16-2009  00:29:59         PAGE 15


LOC  OBJECT CODE     LINE SOURCE TEXT
  VALUE
 
01E6 0E00      00757         MOVLW   LOW(_BerkeleyTCPClientDemo_recvBuffer_1_1)
01E8 6E00      00758         MOVWF   r0x00
01EA 0E80      00759         MOVLW   0x80
01EC 6E00      00760         MOVWF   r0x02
01EE 0E00      00761         MOVLW   0x00
01F0 6EE5      00762         MOVWF   POSTDEC1
01F2 0E00      00763         MOVLW   0x00
01F4 6EE5      00764         MOVWF   POSTDEC1
01F6 0E00      00765         MOVLW   0x00
01F8 6EE5      00766         MOVWF   POSTDEC1
01FA 0E08      00767         MOVLW   0x08
01FC 6EE5      00768         MOVWF   POSTDEC1
01FE 5000      00769         MOVF    r0x02, W
0200 6EE5      00770         MOVWF   POSTDEC1
0202 5000      00771         MOVF    r0x01, W
0204 6EE5      00772         MOVWF   POSTDEC1
0206 5000      00773         MOVF    r0x00, W
0208 6EE5      00774         MOVWF   POSTDEC1
020A 0000      00775         BANKSEL _BerkeleyTCPClientDemo_bsdClientSocket_1_1
020C 5100      00776         MOVF    _BerkeleyTCPClientDemo_bsdClientSocket_1_1, W, B
020E 6EE5      00777         MOVWF   POSTDEC1
0210 EC00 F000 00778         CALL    _recv
0214 6E00      00779         MOVWF   r0x00
0216 CFF3 F000 00780         MOVFF   PRODL, r0x01
021A 0E08      00781         MOVLW   0x08
021C 26E1      00782         ADDWF   FSR1L, F
               00783 ;       .line   170; BerkeleyTCPClientDemo.c    if(i == 0)
021E 5000      00784         MOVF    r0x00, W
0220 1000      00785         IORWF   r0x01, W
0222 E000      00786         BZ      _00136_DS_
               00787 ;       .line   173; BerkeleyTCPClientDemo.c    if(i< 0) //error condition
0224 80D8      00788         BSF     STATUS, 0
0226 AE00      00789         BTFSS   r0x01, 7
0228 90D8      00790         BCF     STATUS, 0
022A E300      00791         BNC     _00124_DS_
               00792 ;       .line   175; BerkeleyTCPClientDemo.c    BSDClientState = BSD_CLOSE;
022C 0E06      00793         MOVLW   0x06
022E 0000      00794         BANKSEL _BerkeleyTCPClientDemo_BSDClientState_1_1
0230 6F00      00795         MOVWF   _BerkeleyTCPClientDemo_BSDClientState_1_1, B
               00796 ;       .line   176; BerkeleyTCPClientDemo.c    break;
0232 D000      00797         BRA     _00136_DS_
0234 00798 _00124_DS_:
0234 0000      00799         BANKSEL _BerkeleyTCPClientDemo_BSDClientState_1_1
               00800 ;       .line   184; BerkeleyTCPClientDemo.c    if(BSDClientState == BSD_OPERATION)
0236 5100      00801         MOVF    _BerkeleyTCPClientDemo_BSDClientState_1_1, W, B
0238 0A05      00802         XORLW   0x05
023A E100      00803         BNZ     _00128_DS_
               00804 ;       .line   185; BerkeleyTCPClientDemo.c    break;
023C D000      00805         BRA     _00136_DS_
023E 00806 _00130_DS_:
023E 0000      00807         BANKSEL _BerkeleyTCPClientDemo_bsdClientSocket_1_1
               00808 ;       .line   190; BerkeleyTCPClientDemo.c    closesocket(bsdClientSocket);
0240 5100      00809         MOVF    _BerkeleyTCPClientDemo_bsdClientSocket_1_1, W, B
0242 6EE5      00810         MOVWF   POSTDEC1
gpasm-0.13.7 beta               Objects/BerkeleyTCPClientDemo.asm12-16-2009  00:29:59         PAGE 16


LOC  OBJECT CODE     LINE SOURCE TEXT
  VALUE
 
0244 EC00 F000 00811         CALL    _closesocket
0248 2AE1      00812         INCF    FSR1L, F
               00813 ;       .line   191; BerkeleyTCPClientDemo.c    BSDClientState = BSD_DONE;
024A 0E07      00814         MOVLW   0x07
024C 0000      00815         BANKSEL _BerkeleyTCPClientDemo_BSDClientState_1_1
024E 6F00      00816         MOVWF   _BerkeleyTCPClientDemo_BSDClientState_1_1, B
0250 00817 _00131_DS_:
               00818 ;       .line   195; BerkeleyTCPClientDemo.c    if(BUTTON2_IO == 0u)
0250 B200      00819         BTFSC   _PORTBbits, 1
0252 D000      00820         BRA     _00136_DS_
0254 0000      00821         BANKSEL _BerkeleyTCPClientDemo_BSDClientState_1_1
               00822 ;       .line   196; BerkeleyTCPClientDemo.c    BSDClientState = DNS_START_RESOLUTION;
0256 6B00      00823         CLRF    _BerkeleyTCPClientDemo_BSDClientState_1_1, B
0258 00824 _00136_DS_:
               00825 ;       .line   201; BerkeleyTCPClientDemo.c    }
0258 CFE4 F000 00826         MOVFF   PREINC1, r0x05
025C CFE4 F000 00827         MOVFF   PREINC1, r0x04
0260 CFE4 F000 00828         MOVFF   PREINC1, r0x03
0264 CFE4 F000 00829         MOVFF   PREINC1, r0x02
0268 CFE4 F000 00830         MOVFF   PREINC1, r0x01
026C CFE4 F000 00831         MOVFF   PREINC1, r0x00
0270 CFE4 FFD9 00832         MOVFF   PREINC1, FSR2L
0274 0012      00833         RETURN  
               00834 
               00835 
               00836 
               00837 ; Statistics:
               00838 ; code size:      630 (0x0276) bytes ( 0.48%)
               00839 ;                 315 (0x013b) words
               00840 ; udata size:      26 (0x001a) bytes ( 0.68%)
               00841 ; access size:      8 (0x0008) bytes
               00842 
               00843 
gpasm-0.13.7 beta               Objects/BerkeleyTCPClientDemo.asm12-16-2009  00:29:59         PAGE 17


SYMBOL TABLE
  LABEL                             VALUE 

FSR1L                             00000FE1
FSR2L                             00000FD9
PCL                               00000FF9
PCLATH                            00000FFA
PCLATU                            00000FFB
POSTDEC1                          00000FE5
PREINC1                           00000FE4
PRODL                             00000FF3
STATUS                            00000FD8
WREG                              00000FE8
_00105_DS_                        00000082
_00108_DS_                        000000BA
_00112_DS_                        000000F4
_00113_DS_                        000000FA
_00115_DS_                        00000128
_00116_DS_                        00000130
_00118_DS_                        00000178
_00119_DS_                        0000017E
_00124_DS_                        00000234
_00128_DS_                        000001E2
_00130_DS_                        0000023E
_00131_DS_                        00000250
_00136_DS_                        00000258
_00150_DS_                        00000062
_ADCON0                           00000000
_ADCON0bits                       00000000
_ADCON1                           00000000
_ADCON1bits                       00000000
_ADCON2                           00000000
_ADCON2bits                       00000000
_ADRES                            00000000
_ADRESH                           00000000
_ADRESL                           00000000
_AppConfig                        00000000
_BAUDCON                          00000000
_BAUDCON1                         00000000
_BAUDCON1bits                     00000000
_BAUDCON2                         00000000
_BAUDCON2bits                     00000000
_BAUDCONbits                      00000000
_BAUDCTL                          00000000
_BAUDCTL1                         00000000
_BAUDCTL1bits                     00000000
_BAUDCTL2                         00000000
_BAUDCTL2bits                     00000000
_BAUDCTLbits                      00000000
_BSR                              00000000
_BerkeleyTCPClientDemo            00000000
_BerkeleyTCPClientDemo_BSDClientState_1_1  0000007C
_BerkeleyTCPClientDemo_addr_1_1   00000000
_BerkeleyTCPClientDemo_bsdClientSocket_1_1  00000000
_BerkeleyTCPClientDemo_recvBuffer_1_1  00000000
_CCP1CON                          00000000
gpasm-0.13.7 beta               Objects/BerkeleyTCPClientDemo.asm12-16-2009  00:29:59         PAGE 18


LOC  OBJECT CODE     LINE SOURCE TEXT
  VALUE
 
_CCP1CONbits                      00000000
_CCP2CON                          00000000
_CCP2CONbits                      00000000
_CCP3CON                          00000000
_CCP3CONbits                      00000000
_CCP4CON                          00000000
_CCP4CONbits                      00000000
_CCP5CON                          00000000
_CCP5CONbits                      00000000
_CCPR1                            00000000
_CCPR1H                           00000000
_CCPR1L                           00000000
_CCPR2                            00000000
_CCPR2H                           00000000
_CCPR2L                           00000000
_CCPR3                            00000000
_CCPR3H                           00000000
_CCPR3L                           00000000
_CCPR4                            00000000
_CCPR4H                           00000000
_CCPR4L                           00000000
_CCPR5                            00000000
_CCPR5H                           00000000
_CCPR5L                           00000000
_CMCON                            00000000
_CMCONbits                        00000000
_CVRCON                           00000000
_CVRCONbits                       00000000
_DDRA                             00000000
_DDRAbits                         00000000
_DDRB                             00000000
_DDRBbits                         00000000
_DDRC                             00000000
_DDRCbits                         00000000
_DDRD                             00000000
_DDRDbits                         00000000
_DDRE                             00000000
_DDREbits                         00000000
_DDRF                             00000000
_DDRFbits                         00000000
_DDRG                             00000000
_DDRGbits                         00000000
_DDRH                             00000000
_DDRHbits                         00000000
_DDRJ                             00000000
_DDRJbits                         00000000
_DNSBeginUsage                    00000000
_DNSEndUsage                      00000000
_DNSIsResolved                    00000000
_DNSResolve                       00000000
_EBSTCON                          00000000
_EBSTCONbits                      00000000
_EBSTCS                           00000000
_EBSTCSH                          00000000
gpasm-0.13.7 beta               Objects/BerkeleyTCPClientDemo.asm12-16-2009  00:29:59         PAGE 19


LOC  OBJECT CODE     LINE SOURCE TEXT
  VALUE
 
_EBSTCSL                          00000000
_EBSTSD                           00000000
_ECCP1AS                          00000000
_ECCP1ASbits                      00000000
_ECCP1CON                         00000000
_ECCP1CONbits                     00000000
_ECCP1DEL                         00000000
_ECCP1DELbits                     00000000
_ECCP2AS                          00000000
_ECCP2ASbits                      00000000
_ECCP2CON                         00000000
_ECCP2CONbits                     00000000
_ECCP2DEL                         00000000
_ECCP2DELbits                     00000000
_ECCP3AS                          00000000
_ECCP3ASbits                      00000000
_ECCP3CON                         00000000
_ECCP3CONbits                     00000000
_ECCP3DEL                         00000000
_ECCP3DELbits                     00000000
_ECON1                            00000000
_ECON1bits                        00000000
_ECON2                            00000000
_ECON2bits                        00000000
_EDATA                            00000000
_EDATAbits                        00000000
_EDMACS                           00000000
_EDMACSH                          00000000
_EDMACSL                          00000000
_EDMADST                          00000000
_EDMADSTH                         00000000
_EDMADSTL                         00000000
_EDMAND                           00000000
_EDMANDH                          00000000
_EDMANDL                          00000000
_EDMAST                           00000000
_EDMASTH                          00000000
_EDMASTL                          00000000
_EECON1                           00000000
_EECON1bits                       00000000
_EECON2                           00000000
_EFLOCON                          00000000
_EFLOCONbits                      00000000
_EHT0                             00000000
_EHT1                             00000000
_EHT2                             00000000
_EHT3                             00000000
_EHT4                             00000000
_EHT5                             00000000
_EHT6                             00000000
_EHT7                             00000000
_EIE                              00000000
_EIEbits                          00000000
_EIR                              00000000
gpasm-0.13.7 beta               Objects/BerkeleyTCPClientDemo.asm12-16-2009  00:29:59         PAGE 20


LOC  OBJECT CODE     LINE SOURCE TEXT
  VALUE
 
_EIRbits                          00000000
_EPAUS                            00000000
_EPAUSH                           00000000
_EPAUSL                           00000000
_EPKTCNT                          00000000
_EPMCS                            00000000
_EPMCSH                           00000000
_EPMCSL                           00000000
_EPMM0                            00000000
_EPMM1                            00000000
_EPMM2                            00000000
_EPMM3                            00000000
_EPMM4                            00000000
_EPMM5                            00000000
_EPMM6                            00000000
_EPMM7                            00000000
_EPMO                             00000000
_EPMOH                            00000000
_EPMOL                            00000000
_ERDPT                            00000000
_ERDPTH                           00000000
_ERDPTL                           00000000
_ERXFCON                          00000000
_ERXFCONbits                      00000000
_ERXND                            00000000
_ERXNDH                           00000000
_ERXNDL                           00000000
_ERXRDPT                          00000000
_ERXRDPTH                         00000000
_ERXRDPTL                         00000000
_ERXST                            00000000
_ERXSTH                           00000000
_ERXSTL                           00000000
_ERXWRPT                          00000000
_ERXWRPTH                         00000000
_ERXWRPTL                         00000000
_ESTAT                            00000000
_ESTATbits                        00000000
_ETXND                            00000000
_ETXNDH                           00000000
_ETXNDL                           00000000
_ETXST                            00000000
_ETXSTH                           00000000
_ETXSTL                           00000000
_EWOLIE                           00000000
_EWOLIEbits                       00000000
_EWOLIR                           00000000
_EWOLIRbits                       00000000
_EWRPT                            00000000
_EWRPTH                           00000000
_EWRPTL                           00000000
_FSR0H                            00000000
_FSR0L                            00000000
_FSR1H                            00000000
gpasm-0.13.7 beta               Objects/BerkeleyTCPClientDemo.asm12-16-2009  00:29:59         PAGE 21


LOC  OBJECT CODE     LINE SOURCE TEXT
  VALUE
 
_FSR1L                            00000000
_FSR2H                            00000000
_FSR2L                            00000000
_INDF0                            00000000
_INDF1                            00000000
_INDF2                            00000000
_INTCON                           00000000
_INTCON2                          00000000
_INTCON2bits                      00000000
_INTCON3                          00000000
_INTCON3bits                      00000000
_INTCONbits                       00000000
_IPR1                             00000000
_IPR1bits                         00000000
_IPR2                             00000000
_IPR2bits                         00000000
_IPR3                             00000000
_IPR3bits                         00000000
_LATA                             00000000
_LATAbits                         00000000
_LATB                             00000000
_LATBbits                         00000000
_LATC                             00000000
_LATCbits                         00000000
_LATD                             00000000
_LATDbits                         00000000
_LATE                             00000000
_LATEbits                         00000000
_LATF                             00000000
_LATFbits                         00000000
_LATG                             00000000
_LATGbits                         00000000
_LATH                             00000000
_LATHbits                         00000000
_LATJ                             00000000
_LATJbits                         00000000
_LCDText                          00000000
_MAADR1                           00000000
_MAADR2                           00000000
_MAADR3                           00000000
_MAADR4                           00000000
_MAADR5                           00000000
_MAADR6                           00000000
_MABBIPG                          00000000
_MACLCON1                         00000000
_MACLCON1bits                     00000000
_MACLCON2                         00000000
_MACLCON2bits                     00000000
_MACON1                           00000000
_MACON1bits                       00000000
_MACON2                           00000000
_MACON2bits                       00000000
_MACON3                           00000000
_MACON3bits                       00000000
gpasm-0.13.7 beta               Objects/BerkeleyTCPClientDemo.asm12-16-2009  00:29:59         PAGE 22


LOC  OBJECT CODE     LINE SOURCE TEXT
  VALUE
 
_MACON4                           00000000
_MACON4bits                       00000000
_MAIPG                            00000000
_MAIPGH                           00000000
_MAIPGL                           00000000
_MAMXFL                           00000000
_MAMXFLH                          00000000
_MAMXFLL                          00000000
_MEMCON                           00000000
_MEMCONbits                       00000000
_MICMD                            00000000
_MICMDbits                        00000000
_MICON                            00000000
_MICONbits                        00000000
_MIRD                             00000000
_MIRDH                            00000000
_MIRDL                            00000000
_MIREGADR                         00000000
_MISTAT                           00000000
_MISTATbits                       00000000
_MIWR                             00000000
_MIWRH                            00000000
_MIWRL                            00000000
_OSCCON                           00000000
_OSCCONbits                       00000000
_OSCTUNE                          00000000
_OSCTUNEbits                      00000000
_PC                               00000000
_PCL                              00000000
_PCLATH                           00000000
_PCLATU                           00000000
_PIE1                             00000000
_PIE1bits                         00000000
_PIE2                             00000000
_PIE2bits                         00000000
_PIE3                             00000000
_PIE3bits                         00000000
_PIR1                             00000000
_PIR1bits                         00000000
_PIR2                             00000000
_PIR2bits                         00000000
_PIR3                             00000000
_PIR3bits                         00000000
_PLUSW0                           00000000
_PLUSW1                           00000000
_PLUSW2                           00000000
_PORTA                            00000000
_PORTAbits                        00000000
_PORTB                            00000000
_PORTBbits                        00000000
_PORTC                            00000000
_PORTCbits                        00000000
_PORTD                            00000000
_PORTDbits                        00000000
gpasm-0.13.7 beta               Objects/BerkeleyTCPClientDemo.asm12-16-2009  00:29:59         PAGE 23


LOC  OBJECT CODE     LINE SOURCE TEXT
  VALUE
 
_PORTE                            00000000
_PORTEbits                        00000000
_PORTF                            00000000
_PORTFbits                        00000000
_PORTG                            00000000
_PORTGbits                        00000000
_PORTH                            00000000
_PORTHbits                        00000000
_PORTJ                            00000000
_PORTJbits                        00000000
_POSTDEC0                         00000000
_POSTDEC1                         00000000
_POSTDEC2                         00000000
_POSTINC0                         00000000
_POSTINC1                         00000000
_POSTINC2                         00000000
_PR2                              00000000
_PR4                              00000000
_PREINC0                          00000000
_PREINC1                          00000000
_PREINC2                          00000000
_PROD                             00000000
_PRODH                            00000000
_PRODL                            00000000
_PSPCON                           00000000
_PSPCONbits                       00000000
_RCON                             00000000
_RCONbits                         00000000
_RCREG                            00000000
_RCREG1                           00000000
_RCREG2                           00000000
_RCSTA                            00000000
_RCSTA1                           00000000
_RCSTA1bits                       00000000
_RCSTA2                           00000000
_RCSTA2bits                       00000000
_RCSTAbits                        00000000
_SPBRG                            00000000
_SPBRG1                           00000000
_SPBRG2                           00000000
_SPBRGH                           00000000
_SPBRGH1                          00000000
_SPBRGH2                          00000000
_SSP1ADD                          00000000
_SSP1BUF                          00000000
_SSP1CON1                         00000000
_SSP1CON1bits                     00000000
_SSP1CON2                         00000000
_SSP1CON2bits                     00000000
_SSP1STAT                         00000000
_SSP1STATbits                     00000000
_SSP2ADD                          00000000
_SSP2BUF                          00000000
_SSP2CON1                         00000000
gpasm-0.13.7 beta               Objects/BerkeleyTCPClientDemo.asm12-16-2009  00:29:59         PAGE 24


LOC  OBJECT CODE     LINE SOURCE TEXT
  VALUE
 
_SSP2CON1bits                     00000000
_SSP2CON2                         00000000
_SSP2CON2bits                     00000000
_SSP2STAT                         00000000
_SSP2STATbits                     00000000
_SSPADD                           00000000
_SSPBUF                           00000000
_SSPCON1                          00000000
_SSPCON1bits                      00000000
_SSPCON2                          00000000
_SSPCON2bits                      00000000
_SSPSTAT                          00000000
_SSPSTATbits                      00000000
_STATUS                           00000000
_STATUSbits                       00000000
_STKPTR                           00000000
_STKPTRbits                       00000000
_ServerName                       00000000
_T0CON                            00000000
_T0CONbits                        00000000
_T1CON                            00000000
_T1CONbits                        00000000
_T2CON                            00000000
_T2CONbits                        00000000
_T3CON                            00000000
_T3CONbits                        00000000
_T4CON                            00000000
_T4CONbits                        00000000
_TABLAT                           00000000
_TBLPTR                           00000000
_TBLPTRH                          00000000
_TBLPTRL                          00000000
_TBLPTRU                          00000000
_TMR0H                            00000000
_TMR0L                            00000000
_TMR1H                            00000000
_TMR1L                            00000000
_TMR2                             00000000
_TMR3H                            00000000
_TMR3L                            00000000
_TMR4                             00000000
_TOS                              00000000
_TOSH                             00000000
_TOSL                             00000000
_TOSU                             00000000
_TRISA                            00000000
_TRISAbits                        00000000
_TRISB                            00000000
_TRISBbits                        00000000
_TRISC                            00000000
_TRISCbits                        00000000
_TRISD                            00000000
_TRISDbits                        00000000
_TRISE                            00000000
gpasm-0.13.7 beta               Objects/BerkeleyTCPClientDemo.asm12-16-2009  00:29:59         PAGE 25


LOC  OBJECT CODE     LINE SOURCE TEXT
  VALUE
 
_TRISEbits                        00000000
_TRISF                            00000000
_TRISFbits                        00000000
_TRISG                            00000000
_TRISGbits                        00000000
_TRISH                            00000000
_TRISHbits                        00000000
_TRISJ                            00000000
_TRISJbits                        00000000
_TXREG                            00000000
_TXREG1                           00000000
_TXREG2                           00000000
_TXSTA                            00000000
_TXSTA1                           00000000
_TXSTA1bits                       00000000
_TXSTA2                           00000000
_TXSTA2bits                       00000000
_TXSTAbits                        00000000
_UDPRxCount                       00000000
_UDPSocketInfo                    00000000
_UDPTxCount                       00000000
_WDTCON                           00000000
_WDTCONbits                       00000000
_WREG                             00000000
__18F97J60                        00000001
_activeUDPSocket                  00000000
_closesocket                      00000000
_connect                          00000000
_recv                             00000000
_send                             00000000
_sendRequest                      0000000F
_socket                           00000000
_stdin                            00000000
_stdout                           00000000
_strlen                           00000000
r0x00                             00000000
r0x01                             00000001
r0x02                             00000002
r0x03                             00000003
r0x04                             00000004
r0x05                             00000005
r0x06                             00000006
r0x07                             00000007


Errors   :       0
Warnings :       0 reported,       0 suppressed
Messages :       0 reported,       0 suppressed

