gpasm-0.13.7 beta               Objects/IP.asm3-15-2010  11:43:32          PAGE  1


LOC  OBJECT CODE     LINE SOURCE TEXT
  VALUE
 
               00001 ;--------------------------------------------------------
               00002 ; File Created by SDCC : free open source ANSI-C Compiler
               00003 ; Version 2.9.4 #5595 (Dec 17 2009) (UNIX)
               00004 ; This file was generated Mon Mar 15 11:43:32 2010
               00005 ;--------------------------------------------------------
               00006 ; PIC16 port for the Microchip 16-bit core micros
               00007 ;--------------------------------------------------------
               00008         list    p=18f97j60
               00009 
               00010         radix dec
               00011 
               00012 ;--------------------------------------------------------
               00013 ; public variables in this module
               00014 ;--------------------------------------------------------
               00015         global _IPGetHeader
               00016         global _IPPutHeader
               00017         global _IPSetRxBuffer
               00018 
               00019 ;--------------------------------------------------------
               00020 ; extern variables in this module
               00021 ;--------------------------------------------------------
               00022         extern __gptrput4
               00023         extern __gptrput1
               00024         extern __gptrput2
               00025         extern __gptrget4
               00026         extern __gptrget2
               00027         extern _EBSTCONbits
               00028         extern _MISTATbits
               00029         extern _EFLOCONbits
               00030         extern _MACON1bits
               00031         extern _MACON2bits
               00032         extern _MACON3bits
               00033         extern _MACON4bits
               00034         extern _MACLCON1bits
               00035         extern _MACLCON2bits
               00036         extern _MICONbits
               00037         extern _MICMDbits
               00038         extern _EWOLIEbits
               00039         extern _EWOLIRbits
               00040         extern _ERXFCONbits
               00041         extern _EIEbits
               00042         extern _ESTATbits
               00043         extern _ECON2bits
               00044         extern _EIRbits
               00045         extern _EDATAbits
               00046         extern _SSP2CON2bits
               00047         extern _SSP2CON1bits
               00048         extern _SSP2STATbits
               00049         extern _ECCP2DELbits
               00050         extern _ECCP2ASbits
               00051         extern _ECCP3DELbits
               00052         extern _ECCP3ASbits
               00053         extern _RCSTA2bits
               00054         extern _TXSTA2bits
gpasm-0.13.7 beta               Objects/IP.asm3-15-2010  11:43:32          PAGE  2


LOC  OBJECT CODE     LINE SOURCE TEXT
  VALUE
 
               00055         extern _CCP5CONbits
               00056         extern _CCP4CONbits
               00057         extern _T4CONbits
               00058         extern _ECCP1DELbits
               00059         extern _BAUDCON2bits
               00060         extern _BAUDCTL2bits
               00061         extern _BAUDCONbits
               00062         extern _BAUDCON1bits
               00063         extern _BAUDCTLbits
               00064         extern _BAUDCTL1bits
               00065         extern _PORTAbits
               00066         extern _PORTBbits
               00067         extern _PORTCbits
               00068         extern _PORTDbits
               00069         extern _PORTEbits
               00070         extern _PORTFbits
               00071         extern _PORTGbits
               00072         extern _PORTHbits
               00073         extern _PORTJbits
               00074         extern _LATAbits
               00075         extern _LATBbits
               00076         extern _LATCbits
               00077         extern _LATDbits
               00078         extern _LATEbits
               00079         extern _LATFbits
               00080         extern _LATGbits
               00081         extern _LATHbits
               00082         extern _LATJbits
               00083         extern _DDRAbits
               00084         extern _TRISAbits
               00085         extern _DDRBbits
               00086         extern _TRISBbits
               00087         extern _DDRCbits
               00088         extern _TRISCbits
               00089         extern _DDRDbits
               00090         extern _TRISDbits
               00091         extern _DDREbits
               00092         extern _TRISEbits
               00093         extern _DDRFbits
               00094         extern _TRISFbits
               00095         extern _DDRGbits
               00096         extern _TRISGbits
               00097         extern _DDRHbits
               00098         extern _TRISHbits
               00099         extern _DDRJbits
               00100         extern _TRISJbits
               00101         extern _OSCTUNEbits
               00102         extern _MEMCONbits
               00103         extern _PIE1bits
               00104         extern _PIR1bits
               00105         extern _IPR1bits
               00106         extern _PIE2bits
               00107         extern _PIR2bits
               00108         extern _IPR2bits
gpasm-0.13.7 beta               Objects/IP.asm3-15-2010  11:43:32          PAGE  3


LOC  OBJECT CODE     LINE SOURCE TEXT
  VALUE
 
               00109         extern _PIE3bits
               00110         extern _PIR3bits
               00111         extern _IPR3bits
               00112         extern _EECON1bits
               00113         extern _RCSTAbits
               00114         extern _RCSTA1bits
               00115         extern _TXSTAbits
               00116         extern _TXSTA1bits
               00117         extern _PSPCONbits
               00118         extern _T3CONbits
               00119         extern _CMCONbits
               00120         extern _CVRCONbits
               00121         extern _ECCP1ASbits
               00122         extern _CCP3CONbits
               00123         extern _ECCP3CONbits
               00124         extern _CCP2CONbits
               00125         extern _ECCP2CONbits
               00126         extern _CCP1CONbits
               00127         extern _ECCP1CONbits
               00128         extern _ADCON2bits
               00129         extern _ADCON1bits
               00130         extern _ADCON0bits
               00131         extern _SSP1CON2bits
               00132         extern _SSPCON2bits
               00133         extern _SSP1CON1bits
               00134         extern _SSPCON1bits
               00135         extern _SSP1STATbits
               00136         extern _SSPSTATbits
               00137         extern _T2CONbits
               00138         extern _T1CONbits
               00139         extern _RCONbits
               00140         extern _WDTCONbits
               00141         extern _ECON1bits
               00142         extern _OSCCONbits
               00143         extern _T0CONbits
               00144         extern _STATUSbits
               00145         extern _INTCON3bits
               00146         extern _INTCON2bits
               00147         extern _INTCONbits
               00148         extern _STKPTRbits
               00149         extern _stdin
               00150         extern _stdout
               00151         extern _AN0String
               00152         extern _AppConfig
               00153         extern _activeUDPSocket
               00154         extern _UDPSocketInfo
               00155         extern _UDPTxCount
               00156         extern _UDPRxCount
               00157         extern _LCDText
               00158         extern _MAADR5
               00159         extern _MAADR6
               00160         extern _MAADR3
               00161         extern _MAADR4
               00162         extern _MAADR1
gpasm-0.13.7 beta               Objects/IP.asm3-15-2010  11:43:32          PAGE  4


LOC  OBJECT CODE     LINE SOURCE TEXT
  VALUE
 
               00163         extern _MAADR2
               00164         extern _EBSTSD
               00165         extern _EBSTCON
               00166         extern _EBSTCS
               00167         extern _EBSTCSL
               00168         extern _EBSTCSH
               00169         extern _MISTAT
               00170         extern _EFLOCON
               00171         extern _EPAUS
               00172         extern _EPAUSL
               00173         extern _EPAUSH
               00174         extern _MACON1
               00175         extern _MACON2
               00176         extern _MACON3
               00177         extern _MACON4
               00178         extern _MABBIPG
               00179         extern _MAIPG
               00180         extern _MAIPGL
               00181         extern _MAIPGH
               00182         extern _MACLCON1
               00183         extern _MACLCON2
               00184         extern _MAMXFL
               00185         extern _MAMXFLL
               00186         extern _MAMXFLH
               00187         extern _MICON
               00188         extern _MICMD
               00189         extern _MIREGADR
               00190         extern _MIWR
               00191         extern _MIWRL
               00192         extern _MIWRH
               00193         extern _MIRD
               00194         extern _MIRDL
               00195         extern _MIRDH
               00196         extern _EHT0
               00197         extern _EHT1
               00198         extern _EHT2
               00199         extern _EHT3
               00200         extern _EHT4
               00201         extern _EHT5
               00202         extern _EHT6
               00203         extern _EHT7
               00204         extern _EPMM0
               00205         extern _EPMM1
               00206         extern _EPMM2
               00207         extern _EPMM3
               00208         extern _EPMM4
               00209         extern _EPMM5
               00210         extern _EPMM6
               00211         extern _EPMM7
               00212         extern _EPMCS
               00213         extern _EPMCSL
               00214         extern _EPMCSH
               00215         extern _EPMO
               00216         extern _EPMOL
gpasm-0.13.7 beta               Objects/IP.asm3-15-2010  11:43:32          PAGE  5


LOC  OBJECT CODE     LINE SOURCE TEXT
  VALUE
 
               00217         extern _EPMOH
               00218         extern _EWOLIE
               00219         extern _EWOLIR
               00220         extern _ERXFCON
               00221         extern _EPKTCNT
               00222         extern _EWRPT
               00223         extern _EWRPTL
               00224         extern _EWRPTH
               00225         extern _ETXST
               00226         extern _ETXSTL
               00227         extern _ETXSTH
               00228         extern _ETXND
               00229         extern _ETXNDL
               00230         extern _ETXNDH
               00231         extern _ERXST
               00232         extern _ERXSTL
               00233         extern _ERXSTH
               00234         extern _ERXND
               00235         extern _ERXNDL
               00236         extern _ERXNDH
               00237         extern _ERXRDPT
               00238         extern _ERXRDPTL
               00239         extern _ERXRDPTH
               00240         extern _ERXWRPT
               00241         extern _ERXWRPTL
               00242         extern _ERXWRPTH
               00243         extern _EDMAST
               00244         extern _EDMASTL
               00245         extern _EDMASTH
               00246         extern _EDMAND
               00247         extern _EDMANDL
               00248         extern _EDMANDH
               00249         extern _EDMADST
               00250         extern _EDMADSTL
               00251         extern _EDMADSTH
               00252         extern _EDMACS
               00253         extern _EDMACSL
               00254         extern _EDMACSH
               00255         extern _EIE
               00256         extern _ESTAT
               00257         extern _ECON2
               00258         extern _EIR
               00259         extern _EDATA
               00260         extern _SSP2CON2
               00261         extern _SSP2CON1
               00262         extern _SSP2STAT
               00263         extern _SSP2ADD
               00264         extern _SSP2BUF
               00265         extern _ECCP2DEL
               00266         extern _ECCP2AS
               00267         extern _ECCP3DEL
               00268         extern _ECCP3AS
               00269         extern _RCSTA2
               00270         extern _TXSTA2
gpasm-0.13.7 beta               Objects/IP.asm3-15-2010  11:43:32          PAGE  6


LOC  OBJECT CODE     LINE SOURCE TEXT
  VALUE
 
               00271         extern _TXREG2
               00272         extern _RCREG2
               00273         extern _SPBRG2
               00274         extern _CCP5CON
               00275         extern _CCPR5
               00276         extern _CCPR5L
               00277         extern _CCPR5H
               00278         extern _CCP4CON
               00279         extern _CCPR4
               00280         extern _CCPR4L
               00281         extern _CCPR4H
               00282         extern _T4CON
               00283         extern _PR4
               00284         extern _TMR4
               00285         extern _ECCP1DEL
               00286         extern _ERDPT
               00287         extern _ERDPTL
               00288         extern _ERDPTH
               00289         extern _BAUDCON2
               00290         extern _BAUDCTL2
               00291         extern _SPBRGH2
               00292         extern _BAUDCON
               00293         extern _BAUDCON1
               00294         extern _BAUDCTL
               00295         extern _BAUDCTL1
               00296         extern _SPBRGH
               00297         extern _SPBRGH1
               00298         extern _PORTA
               00299         extern _PORTB
               00300         extern _PORTC
               00301         extern _PORTD
               00302         extern _PORTE
               00303         extern _PORTF
               00304         extern _PORTG
               00305         extern _PORTH
               00306         extern _PORTJ
               00307         extern _LATA
               00308         extern _LATB
               00309         extern _LATC
               00310         extern _LATD
               00311         extern _LATE
               00312         extern _LATF
               00313         extern _LATG
               00314         extern _LATH
               00315         extern _LATJ
               00316         extern _DDRA
               00317         extern _TRISA
               00318         extern _DDRB
               00319         extern _TRISB
               00320         extern _DDRC
               00321         extern _TRISC
               00322         extern _DDRD
               00323         extern _TRISD
               00324         extern _DDRE
gpasm-0.13.7 beta               Objects/IP.asm3-15-2010  11:43:32          PAGE  7


LOC  OBJECT CODE     LINE SOURCE TEXT
  VALUE
 
               00325         extern _TRISE
               00326         extern _DDRF
               00327         extern _TRISF
               00328         extern _DDRG
               00329         extern _TRISG
               00330         extern _DDRH
               00331         extern _TRISH
               00332         extern _DDRJ
               00333         extern _TRISJ
               00334         extern _OSCTUNE
               00335         extern _MEMCON
               00336         extern _PIE1
               00337         extern _PIR1
               00338         extern _IPR1
               00339         extern _PIE2
               00340         extern _PIR2
               00341         extern _IPR2
               00342         extern _PIE3
               00343         extern _PIR3
               00344         extern _IPR3
               00345         extern _EECON1
               00346         extern _EECON2
               00347         extern _RCSTA
               00348         extern _RCSTA1
               00349         extern _TXSTA
               00350         extern _TXSTA1
               00351         extern _TXREG
               00352         extern _TXREG1
               00353         extern _RCREG
               00354         extern _RCREG1
               00355         extern _SPBRG
               00356         extern _SPBRG1
               00357         extern _PSPCON
               00358         extern _T3CON
               00359         extern _TMR3L
               00360         extern _TMR3H
               00361         extern _CMCON
               00362         extern _CVRCON
               00363         extern _ECCP1AS
               00364         extern _CCP3CON
               00365         extern _ECCP3CON
               00366         extern _CCPR3
               00367         extern _CCPR3L
               00368         extern _CCPR3H
               00369         extern _CCP2CON
               00370         extern _ECCP2CON
               00371         extern _CCPR2
               00372         extern _CCPR2L
               00373         extern _CCPR2H
               00374         extern _CCP1CON
               00375         extern _ECCP1CON
               00376         extern _CCPR1
               00377         extern _CCPR1L
               00378         extern _CCPR1H
gpasm-0.13.7 beta               Objects/IP.asm3-15-2010  11:43:32          PAGE  8


LOC  OBJECT CODE     LINE SOURCE TEXT
  VALUE
 
               00379         extern _ADCON2
               00380         extern _ADCON1
               00381         extern _ADCON0
               00382         extern _ADRES
               00383         extern _ADRESL
               00384         extern _ADRESH
               00385         extern _SSP1CON2
               00386         extern _SSPCON2
               00387         extern _SSP1CON1
               00388         extern _SSPCON1
               00389         extern _SSP1STAT
               00390         extern _SSPSTAT
               00391         extern _SSP1ADD
               00392         extern _SSPADD
               00393         extern _SSP1BUF
               00394         extern _SSPBUF
               00395         extern _T2CON
               00396         extern _PR2
               00397         extern _TMR2
               00398         extern _T1CON
               00399         extern _TMR1L
               00400         extern _TMR1H
               00401         extern _RCON
               00402         extern _WDTCON
               00403         extern _ECON1
               00404         extern _OSCCON
               00405         extern _T0CON
               00406         extern _TMR0L
               00407         extern _TMR0H
               00408         extern _STATUS
               00409         extern _FSR2L
               00410         extern _FSR2H
               00411         extern _PLUSW2
               00412         extern _PREINC2
               00413         extern _POSTDEC2
               00414         extern _POSTINC2
               00415         extern _INDF2
               00416         extern _BSR
               00417         extern _FSR1L
               00418         extern _FSR1H
               00419         extern _PLUSW1
               00420         extern _PREINC1
               00421         extern _POSTDEC1
               00422         extern _POSTINC1
               00423         extern _INDF1
               00424         extern _WREG
               00425         extern _FSR0L
               00426         extern _FSR0H
               00427         extern _PLUSW0
               00428         extern _PREINC0
               00429         extern _POSTDEC0
               00430         extern _POSTINC0
               00431         extern _INDF0
               00432         extern _INTCON3
gpasm-0.13.7 beta               Objects/IP.asm3-15-2010  11:43:32          PAGE  9


LOC  OBJECT CODE     LINE SOURCE TEXT
  VALUE
 
               00433         extern _INTCON2
               00434         extern _INTCON
               00435         extern _PROD
               00436         extern _PRODL
               00437         extern _PRODH
               00438         extern _TABLAT
               00439         extern _TBLPTR
               00440         extern _TBLPTRL
               00441         extern _TBLPTRH
               00442         extern _TBLPTRU
               00443         extern _PC
               00444         extern _PCL
               00445         extern _PCLATH
               00446         extern _PCLATU
               00447         extern _STKPTR
               00448         extern _TOS
               00449         extern _TOSL
               00450         extern _TOSH
               00451         extern _TOSU
               00452         extern _swaps
               00453         extern _CalcIPChecksum
               00454         extern _MACCalcRxChecksum
               00455         extern _MACSetReadPtrInRx
               00456         extern _MACGetArray
               00457         extern _MACPutHeader
               00458         extern _MACPutArray
               00459 ;--------------------------------------------------------
               00460 ;       Equates to used internal registers
               00461 ;--------------------------------------------------------
  00000FD8     00462 STATUS  equ     0xfd8
  00000FE8     00463 WREG    equ     0xfe8
  00000FF6     00464 TBLPTRL equ     0xff6
  00000FF7     00465 TBLPTRH equ     0xff7
  00000FE9     00466 FSR0L   equ     0xfe9
  00000FE1     00467 FSR1L   equ     0xfe1
  00000FD9     00468 FSR2L   equ     0xfd9
  00000FE5     00469 POSTDEC1        equ     0xfe5
  00000FE4     00470 PREINC1 equ     0xfe4
  00000FDB     00471 PLUSW2  equ     0xfdb
  00000FF3     00472 PRODL   equ     0xff3
  00000FF4     00473 PRODH   equ     0xff4
               00474 
               00475 
               00476         idata
               00477 __Identifier    db      0x00, 0x00
               00478 
               00479 
               00480 ; Internal registers
               00481 .registers      udata_ovr       0x0000
               00482 r0x00   res     1
               00483 r0x01   res     1
               00484 r0x02   res     1
               00485 r0x03   res     1
               00486 r0x04   res     1
gpasm-0.13.7 beta               Objects/IP.asm3-15-2010  11:43:32          PAGE 10


LOC  OBJECT CODE     LINE SOURCE TEXT
  VALUE
 
               00487 r0x05   res     1
               00488 r0x06   res     1
               00489 r0x07   res     1
               00490 r0x08   res     1
               00491 r0x09   res     1
               00492 r0x0a   res     1
               00493 r0x0b   res     1
               00494 r0x0c   res     1
               00495 r0x0d   res     1
               00496 r0x0e   res     1
               00497 r0x0f   res     1
               00498 
               00499 udata_IP_0      udata
               00500 _IPHeaderLen    res     1
               00501 
               00502 udata_IP_1      udata
               00503 _IPGetHeader_header_1_1 res     20
               00504 
               00505 udata_IP_2      udata
               00506 _IPGetHeader_CalcChecksum_1_1   res     2
               00507 
               00508 udata_IP_3      udata
               00509 _IPPutHeader_header_1_1 res     20
               00510 
               00511 ;--------------------------------------------------------
               00512 ; global & static initialisations
               00513 ;--------------------------------------------------------
               00514 ; I code from now on!
               00515 ; ; Starting pCode block
               00516 S_IP__SwapIPHeader      code
0000 00517 _SwapIPHeader:
               00518 ;       .line   302; TCPIP_Stack/IP.c   static void SwapIPHeader(IP_HEADER* h)
0000 CFD9 FFE5 00519         MOVFF   FSR2L, POSTDEC1
0004 CFE1 FFD9 00520         MOVFF   FSR1L, FSR2L
0008 C000 FFE5 00521         MOVFF   r0x00, POSTDEC1
000C C000 FFE5 00522         MOVFF   r0x01, POSTDEC1
0010 C000 FFE5 00523         MOVFF   r0x02, POSTDEC1
0014 C000 FFE5 00524         MOVFF   r0x03, POSTDEC1
0018 C000 FFE5 00525         MOVFF   r0x04, POSTDEC1
001C C000 FFE5 00526         MOVFF   r0x05, POSTDEC1
0020 C000 FFE5 00527         MOVFF   r0x06, POSTDEC1
0024 C000 FFE5 00528         MOVFF   r0x07, POSTDEC1
0028 0E02      00529         MOVLW   0x02
002A CFDB F000 00530         MOVFF   PLUSW2, r0x00
002E 0E03      00531         MOVLW   0x03
0030 CFDB F000 00532         MOVFF   PLUSW2, r0x01
0034 0E04      00533         MOVLW   0x04
0036 CFDB F000 00534         MOVFF   PLUSW2, r0x02
               00535 ;       .line   304; TCPIP_Stack/IP.c   h->TotalLength      = swaps(h->TotalLength);
003A 5000      00536         MOVF    r0x00, W
003C 0F02      00537         ADDLW   0x02
003E 6E00      00538         MOVWF   r0x03
0040 0E00      00539         MOVLW   0x00
0042 2000      00540         ADDWFC  r0x01, W
gpasm-0.13.7 beta               Objects/IP.asm3-15-2010  11:43:32          PAGE 11


LOC  OBJECT CODE     LINE SOURCE TEXT
  VALUE
 
0044 6E00      00541         MOVWF   r0x04
0046 0E00      00542         MOVLW   0x00
0048 2000      00543         ADDWFC  r0x02, W
004A 6E00      00544         MOVWF   r0x05
004C C000 FFE9 00545         MOVFF   r0x03, FSR0L
0050 C000 FFF3 00546         MOVFF   r0x04, PRODL
0054 5000      00547         MOVF    r0x05, W
0056 EC00 F000 00548         CALL    __gptrget2
005A 6E00      00549         MOVWF   r0x06
005C CFF3 F000 00550         MOVFF   PRODL, r0x07
0060 5000      00551         MOVF    r0x07, W
0062 6EE5      00552         MOVWF   POSTDEC1
0064 5000      00553         MOVF    r0x06, W
0066 6EE5      00554         MOVWF   POSTDEC1
0068 EC00 F000 00555         CALL    _swaps
006C 6E00      00556         MOVWF   r0x06
006E CFF3 F000 00557         MOVFF   PRODL, r0x07
0072 0E02      00558         MOVLW   0x02
0074 26E1      00559         ADDWF   FSR1L, F
0076 C000 FFE5 00560         MOVFF   r0x06, POSTDEC1
007A C000 FFF4 00561         MOVFF   r0x07, PRODH
007E C000 FFE9 00562         MOVFF   r0x03, FSR0L
0082 C000 FFF3 00563         MOVFF   r0x04, PRODL
0086 5000      00564         MOVF    r0x05, W
0088 EC00 F000 00565         CALL    __gptrput2
               00566 ;       .line   305; TCPIP_Stack/IP.c   h->Identification   = swaps(h->Identification);
008C 5000      00567         MOVF    r0x00, W
008E 0F04      00568         ADDLW   0x04
0090 6E00      00569         MOVWF   r0x03
0092 0E00      00570         MOVLW   0x00
0094 2000      00571         ADDWFC  r0x01, W
0096 6E00      00572         MOVWF   r0x04
0098 0E00      00573         MOVLW   0x00
009A 2000      00574         ADDWFC  r0x02, W
009C 6E00      00575         MOVWF   r0x05
009E C000 FFE9 00576         MOVFF   r0x03, FSR0L
00A2 C000 FFF3 00577         MOVFF   r0x04, PRODL
00A6 5000      00578         MOVF    r0x05, W
00A8 EC00 F000 00579         CALL    __gptrget2
00AC 6E00      00580         MOVWF   r0x06
00AE CFF3 F000 00581         MOVFF   PRODL, r0x07
00B2 5000      00582         MOVF    r0x07, W
00B4 6EE5      00583         MOVWF   POSTDEC1
00B6 5000      00584         MOVF    r0x06, W
00B8 6EE5      00585         MOVWF   POSTDEC1
00BA EC00 F000 00586         CALL    _swaps
00BE 6E00      00587         MOVWF   r0x06
00C0 CFF3 F000 00588         MOVFF   PRODL, r0x07
00C4 0E02      00589         MOVLW   0x02
00C6 26E1      00590         ADDWF   FSR1L, F
00C8 C000 FFE5 00591         MOVFF   r0x06, POSTDEC1
00CC C000 FFF4 00592         MOVFF   r0x07, PRODH
00D0 C000 FFE9 00593         MOVFF   r0x03, FSR0L
00D4 C000 FFF3 00594         MOVFF   r0x04, PRODL
gpasm-0.13.7 beta               Objects/IP.asm3-15-2010  11:43:32          PAGE 12


LOC  OBJECT CODE     LINE SOURCE TEXT
  VALUE
 
00D8 5000      00595         MOVF    r0x05, W
00DA EC00 F000 00596         CALL    __gptrput2
               00597 ;       .line   306; TCPIP_Stack/IP.c   h->HeaderChecksum   = swaps(h->HeaderChecksum);
00DE 0E0A      00598         MOVLW   0x0a
00E0 2600      00599         ADDWF   r0x00, F
00E2 0E00      00600         MOVLW   0x00
00E4 2200      00601         ADDWFC  r0x01, F
00E6 0E00      00602         MOVLW   0x00
00E8 2200      00603         ADDWFC  r0x02, F
00EA C000 FFE9 00604         MOVFF   r0x00, FSR0L
00EE C000 FFF3 00605         MOVFF   r0x01, PRODL
00F2 5000      00606         MOVF    r0x02, W
00F4 EC00 F000 00607         CALL    __gptrget2
00F8 6E00      00608         MOVWF   r0x03
00FA CFF3 F000 00609         MOVFF   PRODL, r0x04
00FE 5000      00610         MOVF    r0x04, W
0100 6EE5      00611         MOVWF   POSTDEC1
0102 5000      00612         MOVF    r0x03, W
0104 6EE5      00613         MOVWF   POSTDEC1
0106 EC00 F000 00614         CALL    _swaps
010A 6E00      00615         MOVWF   r0x03
010C CFF3 F000 00616         MOVFF   PRODL, r0x04
0110 0E02      00617         MOVLW   0x02
0112 26E1      00618         ADDWF   FSR1L, F
0114 C000 FFE5 00619         MOVFF   r0x03, POSTDEC1
0118 C000 FFF4 00620         MOVFF   r0x04, PRODH
011C C000 FFE9 00621         MOVFF   r0x00, FSR0L
0120 C000 FFF3 00622         MOVFF   r0x01, PRODL
0124 5000      00623         MOVF    r0x02, W
0126 EC00 F000 00624         CALL    __gptrput2
012A CFE4 F000 00625         MOVFF   PREINC1, r0x07
012E CFE4 F000 00626         MOVFF   PREINC1, r0x06
0132 CFE4 F000 00627         MOVFF   PREINC1, r0x05
0136 CFE4 F000 00628         MOVFF   PREINC1, r0x04
013A CFE4 F000 00629         MOVFF   PREINC1, r0x03
013E CFE4 F000 00630         MOVFF   PREINC1, r0x02
0142 CFE4 F000 00631         MOVFF   PREINC1, r0x01
0146 CFE4 F000 00632         MOVFF   PREINC1, r0x00
014A CFE4 FFD9 00633         MOVFF   PREINC1, FSR2L
014E 0012      00634         RETURN  
               00635 
               00636 ; ; Starting pCode block
               00637 S_IP__IPSetRxBuffer     code
0000 00638 _IPSetRxBuffer:
               00639 ;       .line   295; TCPIP_Stack/IP.c   void IPSetRxBuffer(WORD Offset) 
0000 CFD9 FFE5 00640         MOVFF   FSR2L, POSTDEC1
0004 CFE1 FFD9 00641         MOVFF   FSR1L, FSR2L
0008 C000 FFE5 00642         MOVFF   r0x00, POSTDEC1
000C C000 FFE5 00643         MOVFF   r0x01, POSTDEC1
0010 C000 FFE5 00644         MOVFF   r0x02, POSTDEC1
0014 C000 FFE5 00645         MOVFF   r0x03, POSTDEC1
0018 0E02      00646         MOVLW   0x02
001A CFDB F000 00647         MOVFF   PLUSW2, r0x00
001E 0E03      00648         MOVLW   0x03
gpasm-0.13.7 beta               Objects/IP.asm3-15-2010  11:43:32          PAGE 13


LOC  OBJECT CODE     LINE SOURCE TEXT
  VALUE
 
0020 CFDB F000 00649         MOVFF   PLUSW2, r0x01
               00650 ;       .line   297; TCPIP_Stack/IP.c   MACSetReadPtrInRx(Offset+IPHeaderLen);
0024 C000 F000 00651         MOVFF   _IPHeaderLen, r0x02
0028 6A00      00652         CLRF    r0x03
002A 5000      00653         MOVF    r0x02, W
002C 2600      00654         ADDWF   r0x00, F
002E 5000      00655         MOVF    r0x03, W
0030 2200      00656         ADDWFC  r0x01, F
0032 5000      00657         MOVF    r0x01, W
0034 6EE5      00658         MOVWF   POSTDEC1
0036 5000      00659         MOVF    r0x00, W
0038 6EE5      00660         MOVWF   POSTDEC1
003A EC00 F000 00661         CALL    _MACSetReadPtrInRx
003E 0E02      00662         MOVLW   0x02
0040 26E1      00663         ADDWF   FSR1L, F
0042 CFE4 F000 00664         MOVFF   PREINC1, r0x03
0046 CFE4 F000 00665         MOVFF   PREINC1, r0x02
004A CFE4 F000 00666         MOVFF   PREINC1, r0x01
004E CFE4 F000 00667         MOVFF   PREINC1, r0x00
0052 CFE4 FFD9 00668         MOVFF   PREINC1, FSR2L
0056 0012      00669         RETURN  
               00670 
               00671 ; ; Starting pCode block
               00672 S_IP__IPPutHeader       code
0000 00673 _IPPutHeader:
               00674 ;       .line   247; TCPIP_Stack/IP.c   WORD IPPutHeader(NODE_INFO *remote,
0000 CFD9 FFE5 00675         MOVFF   FSR2L, POSTDEC1
0004 CFE1 FFD9 00676         MOVFF   FSR1L, FSR2L
0008 C000 FFE5 00677         MOVFF   r0x00, POSTDEC1
000C C000 FFE5 00678         MOVFF   r0x01, POSTDEC1
0010 C000 FFE5 00679         MOVFF   r0x02, POSTDEC1
0014 C000 FFE5 00680         MOVFF   r0x03, POSTDEC1
0018 C000 FFE5 00681         MOVFF   r0x04, POSTDEC1
001C C000 FFE5 00682         MOVFF   r0x05, POSTDEC1
0020 C000 FFE5 00683         MOVFF   r0x06, POSTDEC1
0024 C000 FFE5 00684         MOVFF   r0x07, POSTDEC1
0028 C000 FFE5 00685         MOVFF   r0x08, POSTDEC1
002C 0E02      00686         MOVLW   0x02
002E CFDB F000 00687         MOVFF   PLUSW2, r0x00
0032 0E03      00688         MOVLW   0x03
0034 CFDB F000 00689         MOVFF   PLUSW2, r0x01
0038 0E04      00690         MOVLW   0x04
003A CFDB F000 00691         MOVFF   PLUSW2, r0x02
003E 0E05      00692         MOVLW   0x05
0040 CFDB F000 00693         MOVFF   PLUSW2, r0x03
0044 0E06      00694         MOVLW   0x06
0046 CFDB F000 00695         MOVFF   PLUSW2, r0x04
004A 0E07      00696         MOVLW   0x07
004C CFDB F000 00697         MOVFF   PLUSW2, r0x05
               00698 ;       .line   253; TCPIP_Stack/IP.c   IPHeaderLen = sizeof(IP_HEADER);
0050 0E14      00699         MOVLW   0x14
0052 0000      00700         BANKSEL _IPHeaderLen
0054 6F00      00701         MOVWF   _IPHeaderLen, B
               00702 ;       .line   255; TCPIP_Stack/IP.c   header.VersionIHL       = IP_VERSION | IP_IHL;
gpasm-0.13.7 beta               Objects/IP.asm3-15-2010  11:43:32          PAGE 14


LOC  OBJECT CODE     LINE SOURCE TEXT
  VALUE
 
0056 0E45      00703         MOVLW   0x45
0058 0000      00704         BANKSEL _IPPutHeader_header_1_1
005A 6F00      00705         MOVWF   _IPPutHeader_header_1_1, B
005C 0000      00706         BANKSEL (_IPPutHeader_header_1_1 + 1)
               00707 ;       .line   256; TCPIP_Stack/IP.c   header.TypeOfService    = IP_SERVICE;
005E 6B00      00708         CLRF    (_IPPutHeader_header_1_1 + 1), B
               00709 ;       .line   257; TCPIP_Stack/IP.c   header.TotalLength      = sizeof(header) + len;
0060 0E14      00710         MOVLW   0x14
0062 2600      00711         ADDWF   r0x04, F
0064 B0D8      00712         BTFSC   STATUS, 0
0066 2A00      00713         INCF    r0x05, F
0068 5000      00714         MOVF    r0x04, W
006A 0000      00715         BANKSEL (_IPPutHeader_header_1_1 + 2)
006C 6F00      00716         MOVWF   (_IPPutHeader_header_1_1 + 2), B
006E 5000      00717         MOVF    r0x05, W
0070 0000      00718         BANKSEL (_IPPutHeader_header_1_1 + 3)
0072 6F00      00719         MOVWF   (_IPPutHeader_header_1_1 + 3), B
0074 0000      00720         BANKSEL __Identifier
               00721 ;       .line   258; TCPIP_Stack/IP.c   header.Identification   = ++_Identifier;
0076 2B00      00722         INCF    __Identifier, F, B
0078 E300      00723         BNC     _10137_DS_
007A 0000      00724         BANKSEL (__Identifier + 1)
007C 2B00      00725         INCF    (__Identifier + 1), F, B
007E 00726 _10137_DS_:
007E 0000      00727         BANKSEL __Identifier
0080 5100      00728         MOVF    __Identifier, W, B
0082 0000      00729         BANKSEL (_IPPutHeader_header_1_1 + 4)
0084 6F00      00730         MOVWF   (_IPPutHeader_header_1_1 + 4), B
0086 0000      00731         BANKSEL (__Identifier + 1)
0088 5100      00732         MOVF    (__Identifier + 1), W, B
008A 0000      00733         BANKSEL (_IPPutHeader_header_1_1 + 5)
008C 6F00      00734         MOVWF   (_IPPutHeader_header_1_1 + 5), B
008E 0000      00735         BANKSEL (_IPPutHeader_header_1_1 + 6)
               00736 ;       .line   259; TCPIP_Stack/IP.c   header.FragmentInfo     = 0;
0090 6B00      00737         CLRF    (_IPPutHeader_header_1_1 + 6), B
0092 0000      00738         BANKSEL (_IPPutHeader_header_1_1 + 7)
0094 6B00      00739         CLRF    (_IPPutHeader_header_1_1 + 7), B
               00740 ;       .line   260; TCPIP_Stack/IP.c   header.TimeToLive       = MY_IP_TTL;
0096 0E64      00741         MOVLW   0x64
0098 0000      00742         BANKSEL (_IPPutHeader_header_1_1 + 8)
009A 6F00      00743         MOVWF   (_IPPutHeader_header_1_1 + 8), B
               00744 ;       .line   261; TCPIP_Stack/IP.c   header.Protocol         = protocol;
009C 5000      00745         MOVF    r0x03, W
009E 0000      00746         BANKSEL (_IPPutHeader_header_1_1 + 9)
00A0 6F00      00747         MOVWF   (_IPPutHeader_header_1_1 + 9), B
00A2 0000      00748         BANKSEL (_IPPutHeader_header_1_1 + 10)
               00749 ;       .line   262; TCPIP_Stack/IP.c   header.HeaderChecksum   = 0;
00A4 6B00      00750         CLRF    (_IPPutHeader_header_1_1 + 10), B
00A6 0000      00751         BANKSEL (_IPPutHeader_header_1_1 + 11)
00A8 6B00      00752         CLRF    (_IPPutHeader_header_1_1 + 11), B
00AA 0000      00753         BANKSEL _AppConfig
               00754 ;       .line   264; TCPIP_Stack/IP.c   header.SourceAddress.Val        = AppConfig.MyIPAddr.Val;
00AC 5100      00755         MOVF    _AppConfig, W, B
00AE 0000      00756         BANKSEL (_IPPutHeader_header_1_1 + 12)
gpasm-0.13.7 beta               Objects/IP.asm3-15-2010  11:43:32          PAGE 15


LOC  OBJECT CODE     LINE SOURCE TEXT
  VALUE
 
00B0 6F00      00757         MOVWF   (_IPPutHeader_header_1_1 + 12), B
00B2 0000      00758         BANKSEL (_AppConfig + 1)
00B4 5100      00759         MOVF    (_AppConfig + 1), W, B
00B6 0000      00760         BANKSEL (_IPPutHeader_header_1_1 + 13)
00B8 6F00      00761         MOVWF   (_IPPutHeader_header_1_1 + 13), B
00BA 0000      00762         BANKSEL (_AppConfig + 2)
00BC 5100      00763         MOVF    (_AppConfig + 2), W, B
00BE 0000      00764         BANKSEL (_IPPutHeader_header_1_1 + 14)
00C0 6F00      00765         MOVWF   (_IPPutHeader_header_1_1 + 14), B
00C2 0000      00766         BANKSEL (_AppConfig + 3)
00C4 5100      00767         MOVF    (_AppConfig + 3), W, B
00C6 0000      00768         BANKSEL (_IPPutHeader_header_1_1 + 15)
00C8 6F00      00769         MOVWF   (_IPPutHeader_header_1_1 + 15), B
               00770 ;       .line   266; TCPIP_Stack/IP.c   header.DestAddress.Val = remote->IPAddr.Val;
00CA C000 FFE9 00771         MOVFF   r0x00, FSR0L
00CE C000 FFF3 00772         MOVFF   r0x01, PRODL
00D2 5000      00773         MOVF    r0x02, W
00D4 EC00 F000 00774         CALL    __gptrget4
00D8 6E00      00775         MOVWF   r0x03
00DA CFF3 F000 00776         MOVFF   PRODL, r0x06
00DE CFF4 F000 00777         MOVFF   PRODH, r0x07
00E2 CFE9 F000 00778         MOVFF   FSR0L, r0x08
00E6 5000      00779         MOVF    r0x03, W
00E8 0000      00780         BANKSEL (_IPPutHeader_header_1_1 + 16)
00EA 6F00      00781         MOVWF   (_IPPutHeader_header_1_1 + 16), B
00EC 5000      00782         MOVF    r0x06, W
00EE 0000      00783         BANKSEL (_IPPutHeader_header_1_1 + 17)
00F0 6F00      00784         MOVWF   (_IPPutHeader_header_1_1 + 17), B
00F2 5000      00785         MOVF    r0x07, W
00F4 0000      00786         BANKSEL (_IPPutHeader_header_1_1 + 18)
00F6 6F00      00787         MOVWF   (_IPPutHeader_header_1_1 + 18), B
00F8 5000      00788         MOVF    r0x08, W
00FA 0000      00789         BANKSEL (_IPPutHeader_header_1_1 + 19)
00FC 6F00      00790         MOVWF   (_IPPutHeader_header_1_1 + 19), B
               00791 ;       .line   268; TCPIP_Stack/IP.c   SwapIPHeader(&header);
00FE 0E00      00792         MOVLW   HIGH(_IPPutHeader_header_1_1)
0100 6E00      00793         MOVWF   r0x06
0102 0E00      00794         MOVLW   LOW(_IPPutHeader_header_1_1)
0104 6E00      00795         MOVWF   r0x03
0106 0E80      00796         MOVLW   0x80
0108 6E00      00797         MOVWF   r0x07
010A 5000      00798         MOVF    r0x07, W
010C 6EE5      00799         MOVWF   POSTDEC1
010E 5000      00800         MOVF    r0x06, W
0110 6EE5      00801         MOVWF   POSTDEC1
0112 5000      00802         MOVF    r0x03, W
0114 6EE5      00803         MOVWF   POSTDEC1
0116 EC00 F000 00804         CALL    _SwapIPHeader
011A 0E03      00805         MOVLW   0x03
011C 26E1      00806         ADDWF   FSR1L, F
               00807 ;       .line   270; TCPIP_Stack/IP.c   header.HeaderChecksum   = CalcIPChecksum((BYTE*)&header, sizeof(header));
011E 0E00      00808         MOVLW   HIGH(_IPPutHeader_header_1_1)
0120 6E00      00809         MOVWF   r0x06
0122 0E00      00810         MOVLW   LOW(_IPPutHeader_header_1_1)
gpasm-0.13.7 beta               Objects/IP.asm3-15-2010  11:43:32          PAGE 16


LOC  OBJECT CODE     LINE SOURCE TEXT
  VALUE
 
0124 6E00      00811         MOVWF   r0x03
0126 0E80      00812         MOVLW   0x80
0128 6E00      00813         MOVWF   r0x07
012A 0E00      00814         MOVLW   0x00
012C 6EE5      00815         MOVWF   POSTDEC1
012E 0E14      00816         MOVLW   0x14
0130 6EE5      00817         MOVWF   POSTDEC1
0132 5000      00818         MOVF    r0x07, W
0134 6EE5      00819         MOVWF   POSTDEC1
0136 5000      00820         MOVF    r0x06, W
0138 6EE5      00821         MOVWF   POSTDEC1
013A 5000      00822         MOVF    r0x03, W
013C 6EE5      00823         MOVWF   POSTDEC1
013E EC00 F000 00824         CALL    _CalcIPChecksum
0142 6E00      00825         MOVWF   r0x03
0144 CFF3 F000 00826         MOVFF   PRODL, r0x06
0148 0E05      00827         MOVLW   0x05
014A 26E1      00828         ADDWF   FSR1L, F
014C 5000      00829         MOVF    r0x03, W
014E 0000      00830         BANKSEL (_IPPutHeader_header_1_1 + 10)
0150 6F00      00831         MOVWF   (_IPPutHeader_header_1_1 + 10), B
0152 5000      00832         MOVF    r0x06, W
0154 0000      00833         BANKSEL (_IPPutHeader_header_1_1 + 11)
0156 6F00      00834         MOVWF   (_IPPutHeader_header_1_1 + 11), B
               00835 ;       .line   272; TCPIP_Stack/IP.c   MACPutHeader(&remote->MACAddr, MAC_IP, (sizeof(header)+len));
0158 0E04      00836         MOVLW   0x04
015A 2600      00837         ADDWF   r0x00, F
015C 0E00      00838         MOVLW   0x00
015E 2200      00839         ADDWFC  r0x01, F
0160 0E00      00840         MOVLW   0x00
0162 2200      00841         ADDWFC  r0x02, F
0164 5000      00842         MOVF    r0x05, W
0166 6EE5      00843         MOVWF   POSTDEC1
0168 5000      00844         MOVF    r0x04, W
016A 6EE5      00845         MOVWF   POSTDEC1
016C 0E00      00846         MOVLW   0x00
016E 6EE5      00847         MOVWF   POSTDEC1
0170 5000      00848         MOVF    r0x02, W
0172 6EE5      00849         MOVWF   POSTDEC1
0174 5000      00850         MOVF    r0x01, W
0176 6EE5      00851         MOVWF   POSTDEC1
0178 5000      00852         MOVF    r0x00, W
017A 6EE5      00853         MOVWF   POSTDEC1
017C EC00 F000 00854         CALL    _MACPutHeader
0180 0E06      00855         MOVLW   0x06
0182 26E1      00856         ADDWF   FSR1L, F
               00857 ;       .line   273; TCPIP_Stack/IP.c   MACPutArray((BYTE*)&header, sizeof(header));
0184 0E00      00858         MOVLW   HIGH(_IPPutHeader_header_1_1)
0186 6E00      00859         MOVWF   r0x01
0188 0E00      00860         MOVLW   LOW(_IPPutHeader_header_1_1)
018A 6E00      00861         MOVWF   r0x00
018C 0E80      00862         MOVLW   0x80
018E 6E00      00863         MOVWF   r0x02
0190 0E00      00864         MOVLW   0x00
gpasm-0.13.7 beta               Objects/IP.asm3-15-2010  11:43:32          PAGE 17


LOC  OBJECT CODE     LINE SOURCE TEXT
  VALUE
 
0192 6EE5      00865         MOVWF   POSTDEC1
0194 0E14      00866         MOVLW   0x14
0196 6EE5      00867         MOVWF   POSTDEC1
0198 5000      00868         MOVF    r0x02, W
019A 6EE5      00869         MOVWF   POSTDEC1
019C 5000      00870         MOVF    r0x01, W
019E 6EE5      00871         MOVWF   POSTDEC1
01A0 5000      00872         MOVF    r0x00, W
01A2 6EE5      00873         MOVWF   POSTDEC1
01A4 EC00 F000 00874         CALL    _MACPutArray
01A8 0E05      00875         MOVLW   0x05
01AA 26E1      00876         ADDWF   FSR1L, F
               00877 ;       .line   275; TCPIP_Stack/IP.c   return 0x0000;
01AC 6AF3      00878         CLRF    PRODL
01AE 6AE8      00879         CLRF    WREG
01B0 CFE4 F000 00880         MOVFF   PREINC1, r0x08
01B4 CFE4 F000 00881         MOVFF   PREINC1, r0x07
01B8 CFE4 F000 00882         MOVFF   PREINC1, r0x06
01BC CFE4 F000 00883         MOVFF   PREINC1, r0x05
01C0 CFE4 F000 00884         MOVFF   PREINC1, r0x04
01C4 CFE4 F000 00885         MOVFF   PREINC1, r0x03
01C8 CFE4 F000 00886         MOVFF   PREINC1, r0x02
01CC CFE4 F000 00887         MOVFF   PREINC1, r0x01
01D0 CFE4 F000 00888         MOVFF   PREINC1, r0x00
01D4 CFE4 FFD9 00889         MOVFF   PREINC1, FSR2L
01D8 0012      00890         RETURN  
               00891 
               00892 ; ; Starting pCode block
               00893 S_IP__IPGetHeader       code
0000 00894 _IPGetHeader:
               00895 ;       .line   136; TCPIP_Stack/IP.c   BOOL IPGetHeader(IP_ADDR *localIP,
0000 CFD9 FFE5 00896         MOVFF   FSR2L, POSTDEC1
0004 CFE1 FFD9 00897         MOVFF   FSR1L, FSR2L
0008 C000 FFE5 00898         MOVFF   r0x00, POSTDEC1
000C C000 FFE5 00899         MOVFF   r0x01, POSTDEC1
0010 C000 FFE5 00900         MOVFF   r0x02, POSTDEC1
0014 C000 FFE5 00901         MOVFF   r0x03, POSTDEC1
0018 C000 FFE5 00902         MOVFF   r0x04, POSTDEC1
001C C000 FFE5 00903         MOVFF   r0x05, POSTDEC1
0020 C000 FFE5 00904         MOVFF   r0x06, POSTDEC1
0024 C000 FFE5 00905         MOVFF   r0x07, POSTDEC1
0028 C000 FFE5 00906         MOVFF   r0x08, POSTDEC1
002C C000 FFE5 00907         MOVFF   r0x09, POSTDEC1
0030 C000 FFE5 00908         MOVFF   r0x0a, POSTDEC1
0034 C000 FFE5 00909         MOVFF   r0x0b, POSTDEC1
0038 C000 FFE5 00910         MOVFF   r0x0c, POSTDEC1
003C C000 FFE5 00911         MOVFF   r0x0d, POSTDEC1
0040 C000 FFE5 00912         MOVFF   r0x0e, POSTDEC1
0044 C000 FFE5 00913         MOVFF   r0x0f, POSTDEC1
0048 0E02      00914         MOVLW   0x02
004A CFDB F000 00915         MOVFF   PLUSW2, r0x00
004E 0E03      00916         MOVLW   0x03
0050 CFDB F000 00917         MOVFF   PLUSW2, r0x01
0054 0E04      00918         MOVLW   0x04
gpasm-0.13.7 beta               Objects/IP.asm3-15-2010  11:43:32          PAGE 18


LOC  OBJECT CODE     LINE SOURCE TEXT
  VALUE
 
0056 CFDB F000 00919         MOVFF   PLUSW2, r0x02
005A 0E05      00920         MOVLW   0x05
005C CFDB F000 00921         MOVFF   PLUSW2, r0x03
0060 0E06      00922         MOVLW   0x06
0062 CFDB F000 00923         MOVFF   PLUSW2, r0x04
0066 0E07      00924         MOVLW   0x07
0068 CFDB F000 00925         MOVFF   PLUSW2, r0x05
006C 0E08      00926         MOVLW   0x08
006E CFDB F000 00927         MOVFF   PLUSW2, r0x06
0072 0E09      00928         MOVLW   0x09
0074 CFDB F000 00929         MOVFF   PLUSW2, r0x07
0078 0E0A      00930         MOVLW   0x0a
007A CFDB F000 00931         MOVFF   PLUSW2, r0x08
007E 0E0B      00932         MOVLW   0x0b
0080 CFDB F000 00933         MOVFF   PLUSW2, r0x09
0084 0E0C      00934         MOVLW   0x0c
0086 CFDB F000 00935         MOVFF   PLUSW2, r0x0a
008A 0E0D      00936         MOVLW   0x0d
008C CFDB F000 00937         MOVFF   PLUSW2, r0x0b
               00938 ;       .line   153; TCPIP_Stack/IP.c   MACGetArray((BYTE*)&header, sizeof(header));
0090 0E00      00939         MOVLW   HIGH(_IPGetHeader_header_1_1)
0092 6E00      00940         MOVWF   r0x0d
0094 0E00      00941         MOVLW   LOW(_IPGetHeader_header_1_1)
0096 6E00      00942         MOVWF   r0x0c
0098 0E80      00943         MOVLW   0x80
009A 6E00      00944         MOVWF   r0x0e
009C 0E00      00945         MOVLW   0x00
009E 6EE5      00946         MOVWF   POSTDEC1
00A0 0E14      00947         MOVLW   0x14
00A2 6EE5      00948         MOVWF   POSTDEC1
00A4 5000      00949         MOVF    r0x0e, W
00A6 6EE5      00950         MOVWF   POSTDEC1
00A8 5000      00951         MOVF    r0x0d, W
00AA 6EE5      00952         MOVWF   POSTDEC1
00AC 5000      00953         MOVF    r0x0c, W
00AE 6EE5      00954         MOVWF   POSTDEC1
00B0 EC00 F000 00955         CALL    _MACGetArray
00B4 0E05      00956         MOVLW   0x05
00B6 26E1      00957         ADDWF   FSR1L, F
               00958 ;       .line   156; TCPIP_Stack/IP.c   if((header.VersionIHL & 0xf0) != IP_VERSION) return FALSE;
00B8 0EF0      00959         MOVLW   0xf0
00BA 0000      00960         BANKSEL _IPGetHeader_header_1_1
00BC 1500      00961         ANDWF   _IPGetHeader_header_1_1, W, B
00BE 6E00      00962         MOVWF   r0x0c
00C0 6A00      00963         CLRF    r0x0d
00C2 5000      00964         MOVF    r0x0c, W
00C4 0A40      00965         XORLW   0x40
00C6 E100      00966         BNZ     _00121_DS_
00C8 5000      00967         MOVF    r0x0d, W
00CA E000      00968         BZ      _00106_DS_
00CC 00969 _00121_DS_:
00CC 6AE8      00970         CLRF    WREG
00CE D000      00971         BRA     _00113_DS_
00D0 00972 _00106_DS_:
gpasm-0.13.7 beta               Objects/IP.asm3-15-2010  11:43:32          PAGE 19


LOC  OBJECT CODE     LINE SOURCE TEXT
  VALUE
 
00D0 0000      00973         BANKSEL (_IPGetHeader_header_1_1 + 6)
               00974 ;       .line   160; TCPIP_Stack/IP.c   if(header.FragmentInfo & 0xFF1F) return FALSE;
00D2 5100      00975         MOVF    (_IPGetHeader_header_1_1 + 6), W, B
00D4 0B1F      00976         ANDLW   0x1f
00D6 E100      00977         BNZ     _00122_DS_
00D8 0000      00978         BANKSEL (_IPGetHeader_header_1_1 + 7)
00DA 5100      00979         MOVF    (_IPGetHeader_header_1_1 + 7), W, B
00DC E000      00980         BZ      _00108_DS_
00DE 00981 _00122_DS_:
00DE 6AE8      00982         CLRF    WREG
00E0 D000      00983         BRA     _00113_DS_
00E2 00984 _00108_DS_:
               00985 ;       .line   162; TCPIP_Stack/IP.c   IPHeaderLen = (header.VersionIHL & 0x0f) << 2;
00E2 0E0F      00986         MOVLW   0x0f
00E4 0000      00987         BANKSEL _IPGetHeader_header_1_1
00E6 1500      00988         ANDWF   _IPGetHeader_header_1_1, W, B
00E8 6E00      00989         MOVWF   r0x0c
00EA 4400      00990         RLNCF   r0x0c, W
00EC 44E8      00991         RLNCF   WREG, W
00EE 0BFC      00992         ANDLW   0xfc
00F0 0000      00993         BANKSEL _IPHeaderLen
00F2 6F00      00994         MOVWF   _IPHeaderLen, B
               00995 ;       .line   169; TCPIP_Stack/IP.c   CalcChecksum.Val = MACCalcRxChecksum(0, IPHeaderLen);
00F4 C000 F000 00996         MOVFF   _IPHeaderLen, r0x0c
00F8 6A00      00997         CLRF    r0x0d
00FA 5000      00998         MOVF    r0x0d, W
00FC 6EE5      00999         MOVWF   POSTDEC1
00FE 5000      01000         MOVF    r0x0c, W
0100 6EE5      01001         MOVWF   POSTDEC1
0102 0E00      01002         MOVLW   0x00
0104 6EE5      01003         MOVWF   POSTDEC1
0106 0E00      01004         MOVLW   0x00
0108 6EE5      01005         MOVWF   POSTDEC1
010A EC00 F000 01006         CALL    _MACCalcRxChecksum
010E 6E00      01007         MOVWF   r0x0c
0110 CFF3 F000 01008         MOVFF   PRODL, r0x0d
0114 0E04      01009         MOVLW   0x04
0116 26E1      01010         ADDWF   FSR1L, F
0118 5000      01011         MOVF    r0x0c, W
011A 0000      01012         BANKSEL _IPGetHeader_CalcChecksum_1_1
011C 6F00      01013         MOVWF   _IPGetHeader_CalcChecksum_1_1, B
011E 5000      01014         MOVF    r0x0d, W
0120 0000      01015         BANKSEL (_IPGetHeader_CalcChecksum_1_1 + 1)
0122 6F00      01016         MOVWF   (_IPGetHeader_CalcChecksum_1_1 + 1), B
               01017 ;       .line   172; TCPIP_Stack/IP.c   MACSetReadPtrInRx(IPHeaderLen);
0124 C000 F000 01018         MOVFF   _IPHeaderLen, r0x0c
0128 6A00      01019         CLRF    r0x0d
012A 5000      01020         MOVF    r0x0d, W
012C 6EE5      01021         MOVWF   POSTDEC1
012E 5000      01022         MOVF    r0x0c, W
0130 6EE5      01023         MOVWF   POSTDEC1
0132 EC00 F000 01024         CALL    _MACSetReadPtrInRx
0136 0E02      01025         MOVLW   0x02
0138 26E1      01026         ADDWF   FSR1L, F
gpasm-0.13.7 beta               Objects/IP.asm3-15-2010  11:43:32          PAGE 20


LOC  OBJECT CODE     LINE SOURCE TEXT
  VALUE
 
013A 0000      01027         BANKSEL _IPGetHeader_CalcChecksum_1_1
               01028 ;       .line   174; TCPIP_Stack/IP.c   if(CalcChecksum.Val)
013C 5100      01029         MOVF    _IPGetHeader_CalcChecksum_1_1, W, B
013E 0000      01030         BANKSEL (_IPGetHeader_CalcChecksum_1_1 + 1)
0140 1100      01031         IORWF   (_IPGetHeader_CalcChecksum_1_1 + 1), W, B
0142 E000      01032         BZ      _00110_DS_
               01033 ;       .line   209; TCPIP_Stack/IP.c   return FALSE;
0144 6AE8      01034         CLRF    WREG
0146 D000      01035         BRA     _00113_DS_
0148 01036 _00110_DS_:
               01037 ;       .line   213; TCPIP_Stack/IP.c   SwapIPHeader(&header);
0148 0E00      01038         MOVLW   HIGH(_IPGetHeader_header_1_1)
014A 6E00      01039         MOVWF   r0x0d
014C 0E00      01040         MOVLW   LOW(_IPGetHeader_header_1_1)
014E 6E00      01041         MOVWF   r0x0c
0150 0E80      01042         MOVLW   0x80
0152 6E00      01043         MOVWF   r0x0e
0154 5000      01044         MOVF    r0x0e, W
0156 6EE5      01045         MOVWF   POSTDEC1
0158 5000      01046         MOVF    r0x0d, W
015A 6EE5      01047         MOVWF   POSTDEC1
015C 5000      01048         MOVF    r0x0c, W
015E 6EE5      01049         MOVWF   POSTDEC1
0160 EC00 F000 01050         CALL    _SwapIPHeader
0164 0E03      01051         MOVLW   0x03
0166 26E1      01052         ADDWF   FSR1L, F
               01053 ;       .line   217; TCPIP_Stack/IP.c   if ( localIP ) localIP->Val = header.DestAddress.Val;
0168 5000      01054         MOVF    r0x00, W
016A 1000      01055         IORWF   r0x01, W
016C 1000      01056         IORWF   r0x02, W
016E E000      01057         BZ      _00112_DS_
0170 C000 F000 01058         MOVFF   (_IPGetHeader_header_1_1 + 16), r0x0c
0174 C000 F000 01059         MOVFF   (_IPGetHeader_header_1_1 + 17), r0x0d
0178 C000 F000 01060         MOVFF   (_IPGetHeader_header_1_1 + 18), r0x0e
017C C000 F000 01061         MOVFF   (_IPGetHeader_header_1_1 + 19), r0x0f
0180 C000 FFE5 01062         MOVFF   r0x0c, POSTDEC1
0184 C000 FFF4 01063         MOVFF   r0x0d, PRODH
0188 C000 FFF6 01064         MOVFF   r0x0e, TBLPTRL
018C C000 FFF7 01065         MOVFF   r0x0f, TBLPTRH
0190 C000 FFE9 01066         MOVFF   r0x00, FSR0L
0194 C000 FFF3 01067         MOVFF   r0x01, PRODL
0198 5000      01068         MOVF    r0x02, W
019A EC00 F000 01069         CALL    __gptrput4
019E 01070 _00112_DS_:
               01071 ;       .line   219; TCPIP_Stack/IP.c   remote->IPAddr.Val  = header.SourceAddress.Val;
019E C000 F000 01072         MOVFF   (_IPGetHeader_header_1_1 + 12), r0x00
01A2 C000 F000 01073         MOVFF   (_IPGetHeader_header_1_1 + 13), r0x01
01A6 C000 F000 01074         MOVFF   (_IPGetHeader_header_1_1 + 14), r0x02
01AA C000 F000 01075         MOVFF   (_IPGetHeader_header_1_1 + 15), r0x0c
01AE C000 FFE5 01076         MOVFF   r0x00, POSTDEC1
01B2 C000 FFF4 01077         MOVFF   r0x01, PRODH
01B6 C000 FFF6 01078         MOVFF   r0x02, TBLPTRL
01BA C000 FFF7 01079         MOVFF   r0x0c, TBLPTRH
01BE C000 FFE9 01080         MOVFF   r0x03, FSR0L
gpasm-0.13.7 beta               Objects/IP.asm3-15-2010  11:43:32          PAGE 21


LOC  OBJECT CODE     LINE SOURCE TEXT
  VALUE
 
01C2 C000 FFF3 01081         MOVFF   r0x04, PRODL
01C6 5000      01082         MOVF    r0x05, W
01C8 EC00 F000 01083         CALL    __gptrput4
               01084 ;       .line   220; TCPIP_Stack/IP.c   *protocol           = header.Protocol;
01CC C000 F000 01085         MOVFF   (_IPGetHeader_header_1_1 + 9), r0x00
01D0 C000 FFE5 01086         MOVFF   r0x00, POSTDEC1
01D4 C000 FFE9 01087         MOVFF   r0x06, FSR0L
01D8 C000 FFF3 01088         MOVFF   r0x07, PRODL
01DC 5000      01089         MOVF    r0x08, W
01DE EC00 F000 01090         CALL    __gptrput1
               01091 ;       .line   221; TCPIP_Stack/IP.c   *len            = header.TotalLength - IPHeaderLen;
01E2 C000 F000 01092         MOVFF   _IPHeaderLen, r0x00
01E6 6A00      01093         CLRF    r0x01
01E8 5000      01094         MOVF    r0x00, W
01EA 0000      01095         BANKSEL (_IPGetHeader_header_1_1 + 2)
01EC 5D00      01096         SUBWF   (_IPGetHeader_header_1_1 + 2), W, B
01EE 6E00      01097         MOVWF   r0x00
01F0 5000      01098         MOVF    r0x01, W
01F2 0000      01099         BANKSEL (_IPGetHeader_header_1_1 + 3)
01F4 5900      01100         SUBWFB  (_IPGetHeader_header_1_1 + 3), W, B
01F6 6E00      01101         MOVWF   r0x01
01F8 C000 FFE5 01102         MOVFF   r0x00, POSTDEC1
01FC C000 FFF4 01103         MOVFF   r0x01, PRODH
0200 C000 FFE9 01104         MOVFF   r0x09, FSR0L
0204 C000 FFF3 01105         MOVFF   r0x0a, PRODL
0208 5000      01106         MOVF    r0x0b, W
020A EC00 F000 01107         CALL    __gptrput2
               01108 ;       .line   223; TCPIP_Stack/IP.c   return TRUE;
020E 0E01      01109         MOVLW   0x01
0210 01110 _00113_DS_:
0210 CFE4 F000 01111         MOVFF   PREINC1, r0x0f
0214 CFE4 F000 01112         MOVFF   PREINC1, r0x0e
0218 CFE4 F000 01113         MOVFF   PREINC1, r0x0d
021C CFE4 F000 01114         MOVFF   PREINC1, r0x0c
0220 CFE4 F000 01115         MOVFF   PREINC1, r0x0b
0224 CFE4 F000 01116         MOVFF   PREINC1, r0x0a
0228 CFE4 F000 01117         MOVFF   PREINC1, r0x09
022C CFE4 F000 01118         MOVFF   PREINC1, r0x08
0230 CFE4 F000 01119         MOVFF   PREINC1, r0x07
0234 CFE4 F000 01120         MOVFF   PREINC1, r0x06
0238 CFE4 F000 01121         MOVFF   PREINC1, r0x05
023C CFE4 F000 01122         MOVFF   PREINC1, r0x04
0240 CFE4 F000 01123         MOVFF   PREINC1, r0x03
0244 CFE4 F000 01124         MOVFF   PREINC1, r0x02
0248 CFE4 F000 01125         MOVFF   PREINC1, r0x01
024C CFE4 F000 01126         MOVFF   PREINC1, r0x00
0250 CFE4 FFD9 01127         MOVFF   PREINC1, FSR2L
0254 0012      01128         RETURN  
               01129 
               01130 
               01131 
               01132 ; Statistics:
               01133 ; code size:     1496 (0x05d8) bytes ( 1.14%)
               01134 ;                 748 (0x02ec) words
gpasm-0.13.7 beta               Objects/IP.asm3-15-2010  11:43:32          PAGE 22


LOC  OBJECT CODE     LINE SOURCE TEXT
  VALUE
 
               01135 ; udata size:      43 (0x002b) bytes ( 1.12%)
               01136 ; access size:     16 (0x0010) bytes
               01137 
               01138 
gpasm-0.13.7 beta               Objects/IP.asm3-15-2010  11:43:32          PAGE 23


SYMBOL TABLE
  LABEL                             VALUE 

FSR0L                             00000FE9
FSR1L                             00000FE1
FSR2L                             00000FD9
PLUSW2                            00000FDB
POSTDEC1                          00000FE5
PREINC1                           00000FE4
PRODH                             00000FF4
PRODL                             00000FF3
STATUS                            00000FD8
TBLPTRH                           00000FF7
TBLPTRL                           00000FF6
WREG                              00000FE8
_00106_DS_                        000000D0
_00108_DS_                        000000E2
_00110_DS_                        00000148
_00112_DS_                        0000019E
_00113_DS_                        00000210
_00121_DS_                        000000CC
_00122_DS_                        000000DE
_10137_DS_                        0000007E
_ADCON0                           00000000
_ADCON0bits                       00000000
_ADCON1                           00000000
_ADCON1bits                       00000000
_ADCON2                           00000000
_ADCON2bits                       00000000
_ADRES                            00000000
_ADRESH                           00000000
_ADRESL                           00000000
_AN0String                        00000000
_AppConfig                        00000000
_BAUDCON                          00000000
_BAUDCON1                         00000000
_BAUDCON1bits                     00000000
_BAUDCON2                         00000000
_BAUDCON2bits                     00000000
_BAUDCONbits                      00000000
_BAUDCTL                          00000000
_BAUDCTL1                         00000000
_BAUDCTL1bits                     00000000
_BAUDCTL2                         00000000
_BAUDCTL2bits                     00000000
_BAUDCTLbits                      00000000
_BSR                              00000000
_CCP1CON                          00000000
_CCP1CONbits                      00000000
_CCP2CON                          00000000
_CCP2CONbits                      00000000
_CCP3CON                          00000000
_CCP3CONbits                      00000000
_CCP4CON                          00000000
_CCP4CONbits                      00000000
_CCP5CON                          00000000
gpasm-0.13.7 beta               Objects/IP.asm3-15-2010  11:43:32          PAGE 24


LOC  OBJECT CODE     LINE SOURCE TEXT
  VALUE
 
_CCP5CONbits                      00000000
_CCPR1                            00000000
_CCPR1H                           00000000
_CCPR1L                           00000000
_CCPR2                            00000000
_CCPR2H                           00000000
_CCPR2L                           00000000
_CCPR3                            00000000
_CCPR3H                           00000000
_CCPR3L                           00000000
_CCPR4                            00000000
_CCPR4H                           00000000
_CCPR4L                           00000000
_CCPR5                            00000000
_CCPR5H                           00000000
_CCPR5L                           00000000
_CMCON                            00000000
_CMCONbits                        00000000
_CVRCON                           00000000
_CVRCONbits                       00000000
_CalcIPChecksum                   00000000
_DDRA                             00000000
_DDRAbits                         00000000
_DDRB                             00000000
_DDRBbits                         00000000
_DDRC                             00000000
_DDRCbits                         00000000
_DDRD                             00000000
_DDRDbits                         00000000
_DDRE                             00000000
_DDREbits                         00000000
_DDRF                             00000000
_DDRFbits                         00000000
_DDRG                             00000000
_DDRGbits                         00000000
_DDRH                             00000000
_DDRHbits                         00000000
_DDRJ                             00000000
_DDRJbits                         00000000
_EBSTCON                          00000000
_EBSTCONbits                      00000000
_EBSTCS                           00000000
_EBSTCSH                          00000000
_EBSTCSL                          00000000
_EBSTSD                           00000000
_ECCP1AS                          00000000
_ECCP1ASbits                      00000000
_ECCP1CON                         00000000
_ECCP1CONbits                     00000000
_ECCP1DEL                         00000000
_ECCP1DELbits                     00000000
_ECCP2AS                          00000000
_ECCP2ASbits                      00000000
_ECCP2CON                         00000000
gpasm-0.13.7 beta               Objects/IP.asm3-15-2010  11:43:32          PAGE 25


LOC  OBJECT CODE     LINE SOURCE TEXT
  VALUE
 
_ECCP2CONbits                     00000000
_ECCP2DEL                         00000000
_ECCP2DELbits                     00000000
_ECCP3AS                          00000000
_ECCP3ASbits                      00000000
_ECCP3CON                         00000000
_ECCP3CONbits                     00000000
_ECCP3DEL                         00000000
_ECCP3DELbits                     00000000
_ECON1                            00000000
_ECON1bits                        00000000
_ECON2                            00000000
_ECON2bits                        00000000
_EDATA                            00000000
_EDATAbits                        00000000
_EDMACS                           00000000
_EDMACSH                          00000000
_EDMACSL                          00000000
_EDMADST                          00000000
_EDMADSTH                         00000000
_EDMADSTL                         00000000
_EDMAND                           00000000
_EDMANDH                          00000000
_EDMANDL                          00000000
_EDMAST                           00000000
_EDMASTH                          00000000
_EDMASTL                          00000000
_EECON1                           00000000
_EECON1bits                       00000000
_EECON2                           00000000
_EFLOCON                          00000000
_EFLOCONbits                      00000000
_EHT0                             00000000
_EHT1                             00000000
_EHT2                             00000000
_EHT3                             00000000
_EHT4                             00000000
_EHT5                             00000000
_EHT6                             00000000
_EHT7                             00000000
_EIE                              00000000
_EIEbits                          00000000
_EIR                              00000000
_EIRbits                          00000000
_EPAUS                            00000000
_EPAUSH                           00000000
_EPAUSL                           00000000
_EPKTCNT                          00000000
_EPMCS                            00000000
_EPMCSH                           00000000
_EPMCSL                           00000000
_EPMM0                            00000000
_EPMM1                            00000000
_EPMM2                            00000000
gpasm-0.13.7 beta               Objects/IP.asm3-15-2010  11:43:32          PAGE 26


LOC  OBJECT CODE     LINE SOURCE TEXT
  VALUE
 
_EPMM3                            00000000
_EPMM4                            00000000
_EPMM5                            00000000
_EPMM6                            00000000
_EPMM7                            00000000
_EPMO                             00000000
_EPMOH                            00000000
_EPMOL                            00000000
_ERDPT                            00000000
_ERDPTH                           00000000
_ERDPTL                           00000000
_ERXFCON                          00000000
_ERXFCONbits                      00000000
_ERXND                            00000000
_ERXNDH                           00000000
_ERXNDL                           00000000
_ERXRDPT                          00000000
_ERXRDPTH                         00000000
_ERXRDPTL                         00000000
_ERXST                            00000000
_ERXSTH                           00000000
_ERXSTL                           00000000
_ERXWRPT                          00000000
_ERXWRPTH                         00000000
_ERXWRPTL                         00000000
_ESTAT                            00000000
_ESTATbits                        00000000
_ETXND                            00000000
_ETXNDH                           00000000
_ETXNDL                           00000000
_ETXST                            00000000
_ETXSTH                           00000000
_ETXSTL                           00000000
_EWOLIE                           00000000
_EWOLIEbits                       00000000
_EWOLIR                           00000000
_EWOLIRbits                       00000000
_EWRPT                            00000000
_EWRPTH                           00000000
_EWRPTL                           00000000
_FSR0H                            00000000
_FSR0L                            00000000
_FSR1H                            00000000
_FSR1L                            00000000
_FSR2H                            00000000
_FSR2L                            00000000
_INDF0                            00000000
_INDF1                            00000000
_INDF2                            00000000
_INTCON                           00000000
_INTCON2                          00000000
_INTCON2bits                      00000000
_INTCON3                          00000000
_INTCON3bits                      00000000
gpasm-0.13.7 beta               Objects/IP.asm3-15-2010  11:43:32          PAGE 27


LOC  OBJECT CODE     LINE SOURCE TEXT
  VALUE
 
_INTCONbits                       00000000
_IPGetHeader                      00000000
_IPGetHeader_CalcChecksum_1_1     00000000
_IPGetHeader_header_1_1           00000000
_IPHeaderLen                      00000000
_IPPutHeader                      00000000
_IPPutHeader_header_1_1           00000000
_IPR1                             00000000
_IPR1bits                         00000000
_IPR2                             00000000
_IPR2bits                         00000000
_IPR3                             00000000
_IPR3bits                         00000000
_IPSetRxBuffer                    00000000
_LATA                             00000000
_LATAbits                         00000000
_LATB                             00000000
_LATBbits                         00000000
_LATC                             00000000
_LATCbits                         00000000
_LATD                             00000000
_LATDbits                         00000000
_LATE                             00000000
_LATEbits                         00000000
_LATF                             00000000
_LATFbits                         00000000
_LATG                             00000000
_LATGbits                         00000000
_LATH                             00000000
_LATHbits                         00000000
_LATJ                             00000000
_LATJbits                         00000000
_LCDText                          00000000
_MAADR1                           00000000
_MAADR2                           00000000
_MAADR3                           00000000
_MAADR4                           00000000
_MAADR5                           00000000
_MAADR6                           00000000
_MABBIPG                          00000000
_MACCalcRxChecksum                00000000
_MACGetArray                      00000000
_MACLCON1                         00000000
_MACLCON1bits                     00000000
_MACLCON2                         00000000
_MACLCON2bits                     00000000
_MACON1                           00000000
_MACON1bits                       00000000
_MACON2                           00000000
_MACON2bits                       00000000
_MACON3                           00000000
_MACON3bits                       00000000
_MACON4                           00000000
_MACON4bits                       00000000
gpasm-0.13.7 beta               Objects/IP.asm3-15-2010  11:43:32          PAGE 28


LOC  OBJECT CODE     LINE SOURCE TEXT
  VALUE
 
_MACPutArray                      00000000
_MACPutHeader                     00000000
_MACSetReadPtrInRx                00000000
_MAIPG                            00000000
_MAIPGH                           00000000
_MAIPGL                           00000000
_MAMXFL                           00000000
_MAMXFLH                          00000000
_MAMXFLL                          00000000
_MEMCON                           00000000
_MEMCONbits                       00000000
_MICMD                            00000000
_MICMDbits                        00000000
_MICON                            00000000
_MICONbits                        00000000
_MIRD                             00000000
_MIRDH                            00000000
_MIRDL                            00000000
_MIREGADR                         00000000
_MISTAT                           00000000
_MISTATbits                       00000000
_MIWR                             00000000
_MIWRH                            00000000
_MIWRL                            00000000
_OSCCON                           00000000
_OSCCONbits                       00000000
_OSCTUNE                          00000000
_OSCTUNEbits                      00000000
_PC                               00000000
_PCL                              00000000
_PCLATH                           00000000
_PCLATU                           00000000
_PIE1                             00000000
_PIE1bits                         00000000
_PIE2                             00000000
_PIE2bits                         00000000
_PIE3                             00000000
_PIE3bits                         00000000
_PIR1                             00000000
_PIR1bits                         00000000
_PIR2                             00000000
_PIR2bits                         00000000
_PIR3                             00000000
_PIR3bits                         00000000
_PLUSW0                           00000000
_PLUSW1                           00000000
_PLUSW2                           00000000
_PORTA                            00000000
_PORTAbits                        00000000
_PORTB                            00000000
_PORTBbits                        00000000
_PORTC                            00000000
_PORTCbits                        00000000
_PORTD                            00000000
gpasm-0.13.7 beta               Objects/IP.asm3-15-2010  11:43:32          PAGE 29


LOC  OBJECT CODE     LINE SOURCE TEXT
  VALUE
 
_PORTDbits                        00000000
_PORTE                            00000000
_PORTEbits                        00000000
_PORTF                            00000000
_PORTFbits                        00000000
_PORTG                            00000000
_PORTGbits                        00000000
_PORTH                            00000000
_PORTHbits                        00000000
_PORTJ                            00000000
_PORTJbits                        00000000
_POSTDEC0                         00000000
_POSTDEC1                         00000000
_POSTDEC2                         00000000
_POSTINC0                         00000000
_POSTINC1                         00000000
_POSTINC2                         00000000
_PR2                              00000000
_PR4                              00000000
_PREINC0                          00000000
_PREINC1                          00000000
_PREINC2                          00000000
_PROD                             00000000
_PRODH                            00000000
_PRODL                            00000000
_PSPCON                           00000000
_PSPCONbits                       00000000
_RCON                             00000000
_RCONbits                         00000000
_RCREG                            00000000
_RCREG1                           00000000
_RCREG2                           00000000
_RCSTA                            00000000
_RCSTA1                           00000000
_RCSTA1bits                       00000000
_RCSTA2                           00000000
_RCSTA2bits                       00000000
_RCSTAbits                        00000000
_SPBRG                            00000000
_SPBRG1                           00000000
_SPBRG2                           00000000
_SPBRGH                           00000000
_SPBRGH1                          00000000
_SPBRGH2                          00000000
_SSP1ADD                          00000000
_SSP1BUF                          00000000
_SSP1CON1                         00000000
_SSP1CON1bits                     00000000
_SSP1CON2                         00000000
_SSP1CON2bits                     00000000
_SSP1STAT                         00000000
_SSP1STATbits                     00000000
_SSP2ADD                          00000000
_SSP2BUF                          00000000
gpasm-0.13.7 beta               Objects/IP.asm3-15-2010  11:43:32          PAGE 30


LOC  OBJECT CODE     LINE SOURCE TEXT
  VALUE
 
_SSP2CON1                         00000000
_SSP2CON1bits                     00000000
_SSP2CON2                         00000000
_SSP2CON2bits                     00000000
_SSP2STAT                         00000000
_SSP2STATbits                     00000000
_SSPADD                           00000000
_SSPBUF                           00000000
_SSPCON1                          00000000
_SSPCON1bits                      00000000
_SSPCON2                          00000000
_SSPCON2bits                      00000000
_SSPSTAT                          00000000
_SSPSTATbits                      00000000
_STATUS                           00000000
_STATUSbits                       00000000
_STKPTR                           00000000
_STKPTRbits                       00000000
_SwapIPHeader                     00000000
_T0CON                            00000000
_T0CONbits                        00000000
_T1CON                            00000000
_T1CONbits                        00000000
_T2CON                            00000000
_T2CONbits                        00000000
_T3CON                            00000000
_T3CONbits                        00000000
_T4CON                            00000000
_T4CONbits                        00000000
_TABLAT                           00000000
_TBLPTR                           00000000
_TBLPTRH                          00000000
_TBLPTRL                          00000000
_TBLPTRU                          00000000
_TMR0H                            00000000
_TMR0L                            00000000
_TMR1H                            00000000
_TMR1L                            00000000
_TMR2                             00000000
_TMR3H                            00000000
_TMR3L                            00000000
_TMR4                             00000000
_TOS                              00000000
_TOSH                             00000000
_TOSL                             00000000
_TOSU                             00000000
_TRISA                            00000000
_TRISAbits                        00000000
_TRISB                            00000000
_TRISBbits                        00000000
_TRISC                            00000000
_TRISCbits                        00000000
_TRISD                            00000000
_TRISDbits                        00000000
gpasm-0.13.7 beta               Objects/IP.asm3-15-2010  11:43:32          PAGE 31


LOC  OBJECT CODE     LINE SOURCE TEXT
  VALUE
 
_TRISE                            00000000
_TRISEbits                        00000000
_TRISF                            00000000
_TRISFbits                        00000000
_TRISG                            00000000
_TRISGbits                        00000000
_TRISH                            00000000
_TRISHbits                        00000000
_TRISJ                            00000000
_TRISJbits                        00000000
_TXREG                            00000000
_TXREG1                           00000000
_TXREG2                           00000000
_TXSTA                            00000000
_TXSTA1                           00000000
_TXSTA1bits                       00000000
_TXSTA2                           00000000
_TXSTA2bits                       00000000
_TXSTAbits                        00000000
_UDPRxCount                       00000000
_UDPSocketInfo                    00000000
_UDPTxCount                       00000000
_WDTCON                           00000000
_WDTCONbits                       00000000
_WREG                             00000000
__18F97J60                        00000001
__Identifier                      00000000
__gptrget2                        00000000
__gptrget4                        00000000
__gptrput1                        00000000
__gptrput2                        00000000
__gptrput4                        00000000
_activeUDPSocket                  00000000
_stdin                            00000000
_stdout                           00000000
_swaps                            00000000
r0x00                             00000000
r0x01                             00000001
r0x02                             00000002
r0x03                             00000003
r0x04                             00000004
r0x05                             00000005
r0x06                             00000006
r0x07                             00000007
r0x08                             00000008
r0x09                             00000009
r0x0a                             0000000A
r0x0b                             0000000B
r0x0c                             0000000C
r0x0d                             0000000D
r0x0e                             0000000E
r0x0f                             0000000F


Errors   :       0
Warnings :       0 reported,       0 suppressed
Messages :       0 reported,       0 suppressed

