gpasm-0.13.7 beta               Objects/StackTsk.asm3-15-2010  11:43:32          PAGE  1


LOC  OBJECT CODE     LINE SOURCE TEXT
  VALUE
 
               00001 ;--------------------------------------------------------
               00002 ; File Created by SDCC : free open source ANSI-C Compiler
               00003 ; Version 2.9.4 #5595 (Dec 17 2009) (UNIX)
               00004 ; This file was generated Mon Mar 15 11:43:32 2010
               00005 ;--------------------------------------------------------
               00006 ; PIC16 port for the Microchip 16-bit core micros
               00007 ;--------------------------------------------------------
               00008         list    p=18f97j60
               00009 
               00010         radix dec
               00011 
               00012 ;--------------------------------------------------------
               00013 ; public variables in this module
               00014 ;--------------------------------------------------------
               00015         global _StackInit
               00016         global _StackTask
               00017         global _StackApplications
               00018         global _remoteNode
               00019 
               00020 ;--------------------------------------------------------
               00021 ; extern variables in this module
               00022 ;--------------------------------------------------------
               00023         extern _EBSTCONbits
               00024         extern _MISTATbits
               00025         extern _EFLOCONbits
               00026         extern _MACON1bits
               00027         extern _MACON2bits
               00028         extern _MACON3bits
               00029         extern _MACON4bits
               00030         extern _MACLCON1bits
               00031         extern _MACLCON2bits
               00032         extern _MICONbits
               00033         extern _MICMDbits
               00034         extern _EWOLIEbits
               00035         extern _EWOLIRbits
               00036         extern _ERXFCONbits
               00037         extern _EIEbits
               00038         extern _ESTATbits
               00039         extern _ECON2bits
               00040         extern _EIRbits
               00041         extern _EDATAbits
               00042         extern _SSP2CON2bits
               00043         extern _SSP2CON1bits
               00044         extern _SSP2STATbits
               00045         extern _ECCP2DELbits
               00046         extern _ECCP2ASbits
               00047         extern _ECCP3DELbits
               00048         extern _ECCP3ASbits
               00049         extern _RCSTA2bits
               00050         extern _TXSTA2bits
               00051         extern _CCP5CONbits
               00052         extern _CCP4CONbits
               00053         extern _T4CONbits
               00054         extern _ECCP1DELbits
gpasm-0.13.7 beta               Objects/StackTsk.asm3-15-2010  11:43:32          PAGE  2


LOC  OBJECT CODE     LINE SOURCE TEXT
  VALUE
 
               00055         extern _BAUDCON2bits
               00056         extern _BAUDCTL2bits
               00057         extern _BAUDCONbits
               00058         extern _BAUDCON1bits
               00059         extern _BAUDCTLbits
               00060         extern _BAUDCTL1bits
               00061         extern _PORTAbits
               00062         extern _PORTBbits
               00063         extern _PORTCbits
               00064         extern _PORTDbits
               00065         extern _PORTEbits
               00066         extern _PORTFbits
               00067         extern _PORTGbits
               00068         extern _PORTHbits
               00069         extern _PORTJbits
               00070         extern _LATAbits
               00071         extern _LATBbits
               00072         extern _LATCbits
               00073         extern _LATDbits
               00074         extern _LATEbits
               00075         extern _LATFbits
               00076         extern _LATGbits
               00077         extern _LATHbits
               00078         extern _LATJbits
               00079         extern _DDRAbits
               00080         extern _TRISAbits
               00081         extern _DDRBbits
               00082         extern _TRISBbits
               00083         extern _DDRCbits
               00084         extern _TRISCbits
               00085         extern _DDRDbits
               00086         extern _TRISDbits
               00087         extern _DDREbits
               00088         extern _TRISEbits
               00089         extern _DDRFbits
               00090         extern _TRISFbits
               00091         extern _DDRGbits
               00092         extern _TRISGbits
               00093         extern _DDRHbits
               00094         extern _TRISHbits
               00095         extern _DDRJbits
               00096         extern _TRISJbits
               00097         extern _OSCTUNEbits
               00098         extern _MEMCONbits
               00099         extern _PIE1bits
               00100         extern _PIR1bits
               00101         extern _IPR1bits
               00102         extern _PIE2bits
               00103         extern _PIR2bits
               00104         extern _IPR2bits
               00105         extern _PIE3bits
               00106         extern _PIR3bits
               00107         extern _IPR3bits
               00108         extern _EECON1bits
gpasm-0.13.7 beta               Objects/StackTsk.asm3-15-2010  11:43:32          PAGE  3


LOC  OBJECT CODE     LINE SOURCE TEXT
  VALUE
 
               00109         extern _RCSTAbits
               00110         extern _RCSTA1bits
               00111         extern _TXSTAbits
               00112         extern _TXSTA1bits
               00113         extern _PSPCONbits
               00114         extern _T3CONbits
               00115         extern _CMCONbits
               00116         extern _CVRCONbits
               00117         extern _ECCP1ASbits
               00118         extern _CCP3CONbits
               00119         extern _ECCP3CONbits
               00120         extern _CCP2CONbits
               00121         extern _ECCP2CONbits
               00122         extern _CCP1CONbits
               00123         extern _ECCP1CONbits
               00124         extern _ADCON2bits
               00125         extern _ADCON1bits
               00126         extern _ADCON0bits
               00127         extern _SSP1CON2bits
               00128         extern _SSPCON2bits
               00129         extern _SSP1CON1bits
               00130         extern _SSPCON1bits
               00131         extern _SSP1STATbits
               00132         extern _SSPSTATbits
               00133         extern _T2CONbits
               00134         extern _T1CONbits
               00135         extern _RCONbits
               00136         extern _WDTCONbits
               00137         extern _ECON1bits
               00138         extern _OSCCONbits
               00139         extern _T0CONbits
               00140         extern _STATUSbits
               00141         extern _INTCON3bits
               00142         extern _INTCON2bits
               00143         extern _INTCONbits
               00144         extern _STKPTRbits
               00145         extern _stdin
               00146         extern _stdout
               00147         extern _AN0String
               00148         extern _AppConfig
               00149         extern _activeUDPSocket
               00150         extern _UDPSocketInfo
               00151         extern _UDPTxCount
               00152         extern _UDPRxCount
               00153         extern _LCDText
               00154         extern _MAADR5
               00155         extern _MAADR6
               00156         extern _MAADR3
               00157         extern _MAADR4
               00158         extern _MAADR1
               00159         extern _MAADR2
               00160         extern _EBSTSD
               00161         extern _EBSTCON
               00162         extern _EBSTCS
gpasm-0.13.7 beta               Objects/StackTsk.asm3-15-2010  11:43:32          PAGE  4


LOC  OBJECT CODE     LINE SOURCE TEXT
  VALUE
 
               00163         extern _EBSTCSL
               00164         extern _EBSTCSH
               00165         extern _MISTAT
               00166         extern _EFLOCON
               00167         extern _EPAUS
               00168         extern _EPAUSL
               00169         extern _EPAUSH
               00170         extern _MACON1
               00171         extern _MACON2
               00172         extern _MACON3
               00173         extern _MACON4
               00174         extern _MABBIPG
               00175         extern _MAIPG
               00176         extern _MAIPGL
               00177         extern _MAIPGH
               00178         extern _MACLCON1
               00179         extern _MACLCON2
               00180         extern _MAMXFL
               00181         extern _MAMXFLL
               00182         extern _MAMXFLH
               00183         extern _MICON
               00184         extern _MICMD
               00185         extern _MIREGADR
               00186         extern _MIWR
               00187         extern _MIWRL
               00188         extern _MIWRH
               00189         extern _MIRD
               00190         extern _MIRDL
               00191         extern _MIRDH
               00192         extern _EHT0
               00193         extern _EHT1
               00194         extern _EHT2
               00195         extern _EHT3
               00196         extern _EHT4
               00197         extern _EHT5
               00198         extern _EHT6
               00199         extern _EHT7
               00200         extern _EPMM0
               00201         extern _EPMM1
               00202         extern _EPMM2
               00203         extern _EPMM3
               00204         extern _EPMM4
               00205         extern _EPMM5
               00206         extern _EPMM6
               00207         extern _EPMM7
               00208         extern _EPMCS
               00209         extern _EPMCSL
               00210         extern _EPMCSH
               00211         extern _EPMO
               00212         extern _EPMOL
               00213         extern _EPMOH
               00214         extern _EWOLIE
               00215         extern _EWOLIR
               00216         extern _ERXFCON
gpasm-0.13.7 beta               Objects/StackTsk.asm3-15-2010  11:43:32          PAGE  5


LOC  OBJECT CODE     LINE SOURCE TEXT
  VALUE
 
               00217         extern _EPKTCNT
               00218         extern _EWRPT
               00219         extern _EWRPTL
               00220         extern _EWRPTH
               00221         extern _ETXST
               00222         extern _ETXSTL
               00223         extern _ETXSTH
               00224         extern _ETXND
               00225         extern _ETXNDL
               00226         extern _ETXNDH
               00227         extern _ERXST
               00228         extern _ERXSTL
               00229         extern _ERXSTH
               00230         extern _ERXND
               00231         extern _ERXNDL
               00232         extern _ERXNDH
               00233         extern _ERXRDPT
               00234         extern _ERXRDPTL
               00235         extern _ERXRDPTH
               00236         extern _ERXWRPT
               00237         extern _ERXWRPTL
               00238         extern _ERXWRPTH
               00239         extern _EDMAST
               00240         extern _EDMASTL
               00241         extern _EDMASTH
               00242         extern _EDMAND
               00243         extern _EDMANDL
               00244         extern _EDMANDH
               00245         extern _EDMADST
               00246         extern _EDMADSTL
               00247         extern _EDMADSTH
               00248         extern _EDMACS
               00249         extern _EDMACSL
               00250         extern _EDMACSH
               00251         extern _EIE
               00252         extern _ESTAT
               00253         extern _ECON2
               00254         extern _EIR
               00255         extern _EDATA
               00256         extern _SSP2CON2
               00257         extern _SSP2CON1
               00258         extern _SSP2STAT
               00259         extern _SSP2ADD
               00260         extern _SSP2BUF
               00261         extern _ECCP2DEL
               00262         extern _ECCP2AS
               00263         extern _ECCP3DEL
               00264         extern _ECCP3AS
               00265         extern _RCSTA2
               00266         extern _TXSTA2
               00267         extern _TXREG2
               00268         extern _RCREG2
               00269         extern _SPBRG2
               00270         extern _CCP5CON
gpasm-0.13.7 beta               Objects/StackTsk.asm3-15-2010  11:43:32          PAGE  6


LOC  OBJECT CODE     LINE SOURCE TEXT
  VALUE
 
               00271         extern _CCPR5
               00272         extern _CCPR5L
               00273         extern _CCPR5H
               00274         extern _CCP4CON
               00275         extern _CCPR4
               00276         extern _CCPR4L
               00277         extern _CCPR4H
               00278         extern _T4CON
               00279         extern _PR4
               00280         extern _TMR4
               00281         extern _ECCP1DEL
               00282         extern _ERDPT
               00283         extern _ERDPTL
               00284         extern _ERDPTH
               00285         extern _BAUDCON2
               00286         extern _BAUDCTL2
               00287         extern _SPBRGH2
               00288         extern _BAUDCON
               00289         extern _BAUDCON1
               00290         extern _BAUDCTL
               00291         extern _BAUDCTL1
               00292         extern _SPBRGH
               00293         extern _SPBRGH1
               00294         extern _PORTA
               00295         extern _PORTB
               00296         extern _PORTC
               00297         extern _PORTD
               00298         extern _PORTE
               00299         extern _PORTF
               00300         extern _PORTG
               00301         extern _PORTH
               00302         extern _PORTJ
               00303         extern _LATA
               00304         extern _LATB
               00305         extern _LATC
               00306         extern _LATD
               00307         extern _LATE
               00308         extern _LATF
               00309         extern _LATG
               00310         extern _LATH
               00311         extern _LATJ
               00312         extern _DDRA
               00313         extern _TRISA
               00314         extern _DDRB
               00315         extern _TRISB
               00316         extern _DDRC
               00317         extern _TRISC
               00318         extern _DDRD
               00319         extern _TRISD
               00320         extern _DDRE
               00321         extern _TRISE
               00322         extern _DDRF
               00323         extern _TRISF
               00324         extern _DDRG
gpasm-0.13.7 beta               Objects/StackTsk.asm3-15-2010  11:43:32          PAGE  7


LOC  OBJECT CODE     LINE SOURCE TEXT
  VALUE
 
               00325         extern _TRISG
               00326         extern _DDRH
               00327         extern _TRISH
               00328         extern _DDRJ
               00329         extern _TRISJ
               00330         extern _OSCTUNE
               00331         extern _MEMCON
               00332         extern _PIE1
               00333         extern _PIR1
               00334         extern _IPR1
               00335         extern _PIE2
               00336         extern _PIR2
               00337         extern _IPR2
               00338         extern _PIE3
               00339         extern _PIR3
               00340         extern _IPR3
               00341         extern _EECON1
               00342         extern _EECON2
               00343         extern _RCSTA
               00344         extern _RCSTA1
               00345         extern _TXSTA
               00346         extern _TXSTA1
               00347         extern _TXREG
               00348         extern _TXREG1
               00349         extern _RCREG
               00350         extern _RCREG1
               00351         extern _SPBRG
               00352         extern _SPBRG1
               00353         extern _PSPCON
               00354         extern _T3CON
               00355         extern _TMR3L
               00356         extern _TMR3H
               00357         extern _CMCON
               00358         extern _CVRCON
               00359         extern _ECCP1AS
               00360         extern _CCP3CON
               00361         extern _ECCP3CON
               00362         extern _CCPR3
               00363         extern _CCPR3L
               00364         extern _CCPR3H
               00365         extern _CCP2CON
               00366         extern _ECCP2CON
               00367         extern _CCPR2
               00368         extern _CCPR2L
               00369         extern _CCPR2H
               00370         extern _CCP1CON
               00371         extern _ECCP1CON
               00372         extern _CCPR1
               00373         extern _CCPR1L
               00374         extern _CCPR1H
               00375         extern _ADCON2
               00376         extern _ADCON1
               00377         extern _ADCON0
               00378         extern _ADRES
gpasm-0.13.7 beta               Objects/StackTsk.asm3-15-2010  11:43:32          PAGE  8


LOC  OBJECT CODE     LINE SOURCE TEXT
  VALUE
 
               00379         extern _ADRESL
               00380         extern _ADRESH
               00381         extern _SSP1CON2
               00382         extern _SSPCON2
               00383         extern _SSP1CON1
               00384         extern _SSPCON1
               00385         extern _SSP1STAT
               00386         extern _SSPSTAT
               00387         extern _SSP1ADD
               00388         extern _SSPADD
               00389         extern _SSP1BUF
               00390         extern _SSPBUF
               00391         extern _T2CON
               00392         extern _PR2
               00393         extern _TMR2
               00394         extern _T1CON
               00395         extern _TMR1L
               00396         extern _TMR1H
               00397         extern _RCON
               00398         extern _WDTCON
               00399         extern _ECON1
               00400         extern _OSCCON
               00401         extern _T0CON
               00402         extern _TMR0L
               00403         extern _TMR0H
               00404         extern _STATUS
               00405         extern _FSR2L
               00406         extern _FSR2H
               00407         extern _PLUSW2
               00408         extern _PREINC2
               00409         extern _POSTDEC2
               00410         extern _POSTINC2
               00411         extern _INDF2
               00412         extern _BSR
               00413         extern _FSR1L
               00414         extern _FSR1H
               00415         extern _PLUSW1
               00416         extern _PREINC1
               00417         extern _POSTDEC1
               00418         extern _POSTINC1
               00419         extern _INDF1
               00420         extern _WREG
               00421         extern _FSR0L
               00422         extern _FSR0H
               00423         extern _PLUSW0
               00424         extern _PREINC0
               00425         extern _POSTDEC0
               00426         extern _POSTINC0
               00427         extern _INDF0
               00428         extern _INTCON3
               00429         extern _INTCON2
               00430         extern _INTCON
               00431         extern _PROD
               00432         extern _PRODL
gpasm-0.13.7 beta               Objects/StackTsk.asm3-15-2010  11:43:32          PAGE  9


LOC  OBJECT CODE     LINE SOURCE TEXT
  VALUE
 
               00433         extern _PRODH
               00434         extern _TABLAT
               00435         extern _TBLPTR
               00436         extern _TBLPTRL
               00437         extern _TBLPTRH
               00438         extern _TBLPTRU
               00439         extern _PC
               00440         extern _PCL
               00441         extern _PCLATH
               00442         extern _PCLATU
               00443         extern _STKPTR
               00444         extern _TOS
               00445         extern _TOSL
               00446         extern _TOSH
               00447         extern _TOSU
               00448         extern _srand
               00449         extern _GenerateRandomDWORD
               00450         extern _MACInit
               00451         extern _MACIsLinked
               00452         extern _MACGetHeader
               00453         extern _IPGetHeader
               00454         extern _ARPInit
               00455         extern _ARPProcess
               00456         extern _UDPInit
               00457         extern _UDPTask
               00458         extern _UDPProcess
               00459         extern _UDPDiscard
               00460         extern _DHCPInit
               00461         extern _DHCPTask
               00462         extern _DHCPDisable
               00463         extern _DHCPIsBound
               00464         extern _ICMPProcess
               00465 ;--------------------------------------------------------
               00466 ;       Equates to used internal registers
               00467 ;--------------------------------------------------------
  00000FD8     00468 STATUS  equ     0xfd8
  00000FE9     00469 FSR0L   equ     0xfe9
  00000FE1     00470 FSR1L   equ     0xfe1
  00000FD9     00471 FSR2L   equ     0xfd9
  00000FE5     00472 POSTDEC1        equ     0xfe5
  00000FE4     00473 PREINC1 equ     0xfe4
  00000FF3     00474 PRODL   equ     0xff3
  00000FF4     00475 PRODH   equ     0xff4
               00476 
               00477 
               00478         idata
               00479 _StackTask_bLastLinkState_2_2   db      0x00
               00480 
               00481 
               00482 ; Internal registers
               00483 .registers      udata_ovr       0x0000
               00484 r0x00   res     1
               00485 r0x01   res     1
               00486 r0x02   res     1
gpasm-0.13.7 beta               Objects/StackTsk.asm3-15-2010  11:43:32          PAGE 10


LOC  OBJECT CODE     LINE SOURCE TEXT
  VALUE
 
               00487 r0x03   res     1
               00488 r0x04   res     1
               00489 r0x05   res     1
               00490 r0x06   res     1
               00491 r0x07   res     1
               00492 r0x08   res     1
               00493 r0x09   res     1
               00494 r0x0a   res     1
               00495 r0x0b   res     1
               00496 r0x0c   res     1
               00497 r0x0d   res     1
               00498 
               00499 udata_StackTsk_0        udata
               00500 _smStack        res     1
               00501 
               00502 udata_StackTsk_1        udata
               00503 _StackTask_tempLocalIP_1_1      res     4
               00504 
               00505 udata_StackTsk_2        udata
               00506 _remoteNode     res     10
               00507 
               00508 udata_StackTsk_3        udata
               00509 _StackTask_cFrameType_1_1       res     1
               00510 
               00511 udata_StackTsk_4        udata
               00512 _StackTask_cIPFrameType_1_1     res     1
               00513 
               00514 udata_StackTsk_5        udata
               00515 _StackTask_dataCount_1_1        res     2
               00516 
               00517 ;--------------------------------------------------------
               00518 ; global & static initialisations
               00519 ;--------------------------------------------------------
               00520 ; I code from now on!
               00521 ; ; Starting pCode block
               00522 S_StackTsk__StackApplications   code
0000 00523 _StackApplications:
               00524 ;       .line   378; TCPIP_Stack/StackTsk.c     void StackApplications(void)
0000 CFD9 FFE5 00525         MOVFF   FSR2L, POSTDEC1
0004 CFE1 FFD9 00526         MOVFF   FSR1L, FSR2L
               00527 ;       .line   435; TCPIP_Stack/StackTsk.c     }
0008 CFE4 FFD9 00528         MOVFF   PREINC1, FSR2L
000C 0012      00529         RETURN  
               00530 
               00531 ; ; Starting pCode block
               00532 S_StackTsk__StackTask   code
0000 00533 _StackTask:
               00534 ;       .line   209; TCPIP_Stack/StackTsk.c     void StackTask(void)
0000 CFD9 FFE5 00535         MOVFF   FSR2L, POSTDEC1
0004 CFE1 FFD9 00536         MOVFF   FSR1L, FSR2L
0008 C000 FFE5 00537         MOVFF   r0x00, POSTDEC1
000C C000 FFE5 00538         MOVFF   r0x01, POSTDEC1
0010 C000 FFE5 00539         MOVFF   r0x02, POSTDEC1
0014 C000 FFE5 00540         MOVFF   r0x03, POSTDEC1
gpasm-0.13.7 beta               Objects/StackTsk.asm3-15-2010  11:43:32          PAGE 11


LOC  OBJECT CODE     LINE SOURCE TEXT
  VALUE
 
0018 C000 FFE5 00541         MOVFF   r0x04, POSTDEC1
001C C000 FFE5 00542         MOVFF   r0x05, POSTDEC1
0020 C000 FFE5 00543         MOVFF   r0x06, POSTDEC1
0024 C000 FFE5 00544         MOVFF   r0x07, POSTDEC1
0028 C000 FFE5 00545         MOVFF   r0x08, POSTDEC1
002C C000 FFE5 00546         MOVFF   r0x09, POSTDEC1
0030 C000 FFE5 00547         MOVFF   r0x0a, POSTDEC1
0034 C000 FFE5 00548         MOVFF   r0x0b, POSTDEC1
0038 C000 FFE5 00549         MOVFF   r0x0c, POSTDEC1
003C C000 FFE5 00550         MOVFF   r0x0d, POSTDEC1
0040 0000      00551         BANKSEL (_AppConfig + 44)
               00552 ;       .line   229; TCPIP_Stack/StackTsk.c     if(AppConfig.Flags.bIsDHCPEnabled)
0042 AD00      00553         BTFSS   (_AppConfig + 44), 6, B
0044 D000      00554         BRA     _00119_DS_
               00555 ;       .line   234; TCPIP_Stack/StackTsk.c     bCurrentLinkState = MACIsLinked();
0046 EC00 F000 00556         CALL    _MACIsLinked
004A 6E00      00557         MOVWF   r0x00
               00558 ;       .line   235; TCPIP_Stack/StackTsk.c     if(bCurrentLinkState != bLastLinkState)
004C 5000      00559         MOVF    r0x00, W
004E 0000      00560         BANKSEL _StackTask_bLastLinkState_2_2
0050 1900      00561         XORWF   _StackTask_bLastLinkState_2_2, W, B
0052 E100      00562         BNZ     _00157_DS_
0054 D000      00563         BRA     _00115_DS_
0056 00564 _00157_DS_:
               00565 ;       .line   237; TCPIP_Stack/StackTsk.c     bLastLinkState = bCurrentLinkState;
0056 C000 F000 00566         MOVFF   r0x00, _StackTask_bLastLinkState_2_2
               00567 ;       .line   238; TCPIP_Stack/StackTsk.c     if(!bCurrentLinkState) //we lost the MAC link
005A 5000      00568         MOVF    r0x00, W
005C E100      00569         BNZ     _00115_DS_
               00570 ;       .line   240; TCPIP_Stack/StackTsk.c     AppConfig.MyIPAddr.Val = AppConfig.DefaultIPAddr.Val;
005E C000 F000 00571         MOVFF   (_AppConfig + 20), r0x00
0062 C000 F000 00572         MOVFF   (_AppConfig + 21), r0x01
0066 C000 F000 00573         MOVFF   (_AppConfig + 22), r0x02
006A C000 F000 00574         MOVFF   (_AppConfig + 23), r0x03
006E 5000      00575         MOVF    r0x00, W
0070 0000      00576         BANKSEL _AppConfig
0072 6F00      00577         MOVWF   _AppConfig, B
0074 5000      00578         MOVF    r0x01, W
0076 0000      00579         BANKSEL (_AppConfig + 1)
0078 6F00      00580         MOVWF   (_AppConfig + 1), B
007A 5000      00581         MOVF    r0x02, W
007C 0000      00582         BANKSEL (_AppConfig + 2)
007E 6F00      00583         MOVWF   (_AppConfig + 2), B
0080 5000      00584         MOVF    r0x03, W
0082 0000      00585         BANKSEL (_AppConfig + 3)
0084 6F00      00586         MOVWF   (_AppConfig + 3), B
               00587 ;       .line   241; TCPIP_Stack/StackTsk.c     AppConfig.MyMask.Val = AppConfig.DefaultMask.Val;
0086 C000 F000 00588         MOVFF   (_AppConfig + 24), r0x00
008A C000 F000 00589         MOVFF   (_AppConfig + 25), r0x01
008E C000 F000 00590         MOVFF   (_AppConfig + 26), r0x02
0092 C000 F000 00591         MOVFF   (_AppConfig + 27), r0x03
0096 5000      00592         MOVF    r0x00, W
0098 0000      00593         BANKSEL (_AppConfig + 4)
009A 6F00      00594         MOVWF   (_AppConfig + 4), B
gpasm-0.13.7 beta               Objects/StackTsk.asm3-15-2010  11:43:32          PAGE 12


LOC  OBJECT CODE     LINE SOURCE TEXT
  VALUE
 
009C 5000      00595         MOVF    r0x01, W
009E 0000      00596         BANKSEL (_AppConfig + 5)
00A0 6F00      00597         MOVWF   (_AppConfig + 5), B
00A2 5000      00598         MOVF    r0x02, W
00A4 0000      00599         BANKSEL (_AppConfig + 6)
00A6 6F00      00600         MOVWF   (_AppConfig + 6), B
00A8 5000      00601         MOVF    r0x03, W
00AA 0000      00602         BANKSEL (_AppConfig + 7)
00AC 6F00      00603         MOVWF   (_AppConfig + 7), B
00AE 0000      00604         BANKSEL (_AppConfig + 44)
               00605 ;       .line   242; TCPIP_Stack/StackTsk.c     AppConfig.Flags.bInConfigMode = TRUE;
00B0 8F00      00606         BSF     (_AppConfig + 44), 7, B
               00607 ;       .line   243; TCPIP_Stack/StackTsk.c     DHCPInit(0);
00B2 0E00      00608         MOVLW   0x00
00B4 6EE5      00609         MOVWF   POSTDEC1
00B6 EC00 F000 00610         CALL    _DHCPInit
00BA 2AE1      00611         INCF    FSR1L, F
00BC 00612 _00115_DS_:
               00613 ;       .line   251; TCPIP_Stack/StackTsk.c     DHCPTask();
00BC EC00 F000 00614         CALL    _DHCPTask
               00615 ;       .line   253; TCPIP_Stack/StackTsk.c     if(DHCPIsBound(0))
00C0 0E00      00616         MOVLW   0x00
00C2 6EE5      00617         MOVWF   POSTDEC1
00C4 EC00 F000 00618         CALL    _DHCPIsBound
00C8 6E00      00619         MOVWF   r0x00
00CA 2AE1      00620         INCF    FSR1L, F
00CC 5000      00621         MOVF    r0x00, W
00CE E000      00622         BZ      _00119_DS_
00D0 0000      00623         BANKSEL (_AppConfig + 44)
               00624 ;       .line   254; TCPIP_Stack/StackTsk.c     AppConfig.Flags.bInConfigMode = FALSE;
00D2 9F00      00625         BCF     (_AppConfig + 44), 7, B
00D4 00626 _00119_DS_:
               00627 ;       .line   270; TCPIP_Stack/StackTsk.c     UDPTask();
00D4 EC00 F000 00628         CALL    _UDPTask
00D8 00629 _00138_DS_:
               00630 ;       .line   285; TCPIP_Stack/StackTsk.c     UDPDiscard();
00D8 EC00 F000 00631         CALL    _UDPDiscard
               00632 ;       .line   290; TCPIP_Stack/StackTsk.c     if(!MACGetHeader(&remoteNode.MACAddr, &cFrameType))
00DC 0E00      00633         MOVLW   HIGH(_remoteNode + 4)
00DE 6E00      00634         MOVWF   r0x01
00E0 0E00      00635         MOVLW   LOW(_remoteNode + 4)
00E2 6E00      00636         MOVWF   r0x00
00E4 0E80      00637         MOVLW   0x80
00E6 6E00      00638         MOVWF   r0x02
00E8 0E00      00639         MOVLW   HIGH(_StackTask_cFrameType_1_1)
00EA 6E00      00640         MOVWF   r0x04
00EC 0E00      00641         MOVLW   LOW(_StackTask_cFrameType_1_1)
00EE 6E00      00642         MOVWF   r0x03
00F0 0E80      00643         MOVLW   0x80
00F2 6E00      00644         MOVWF   r0x05
00F4 5000      00645         MOVF    r0x05, W
00F6 6EE5      00646         MOVWF   POSTDEC1
00F8 5000      00647         MOVF    r0x04, W
00FA 6EE5      00648         MOVWF   POSTDEC1
gpasm-0.13.7 beta               Objects/StackTsk.asm3-15-2010  11:43:32          PAGE 13


LOC  OBJECT CODE     LINE SOURCE TEXT
  VALUE
 
00FC 5000      00649         MOVF    r0x03, W
00FE 6EE5      00650         MOVWF   POSTDEC1
0100 5000      00651         MOVF    r0x02, W
0102 6EE5      00652         MOVWF   POSTDEC1
0104 5000      00653         MOVF    r0x01, W
0106 6EE5      00654         MOVWF   POSTDEC1
0108 5000      00655         MOVF    r0x00, W
010A 6EE5      00656         MOVWF   POSTDEC1
010C EC00 F000 00657         CALL    _MACGetHeader
0110 6E00      00658         MOVWF   r0x00
0112 0E06      00659         MOVLW   0x06
0114 26E1      00660         ADDWF   FSR1L, F
0116 5000      00661         MOVF    r0x00, W
0118 B4D8      00662         BTFSC   STATUS, 2
011A D000      00663         BRA     _00140_DS_
               00664 ;       .line   294; TCPIP_Stack/StackTsk.c     switch(cFrameType)
011C C000 F000 00665         MOVFF   _StackTask_cFrameType_1_1, r0x00
0120 6A00      00666         CLRF    r0x01
0122 5000      00667         MOVF    r0x00, W
0124 E100      00668         BNZ     _00159_DS_
0126 5000      00669         MOVF    r0x01, W
0128 E000      00670         BZ      _00123_DS_
012A 00671 _00159_DS_:
012A 5000      00672         MOVF    r0x00, W
012C 0A06      00673         XORLW   0x06
012E E100      00674         BNZ     _00160_DS_
0130 5000      00675         MOVF    r0x01, W
0132 E000      00676         BZ      _00161_DS_
0134 00677 _00160_DS_:
0134 D000      00678         BRA     _00138_DS_
0136 00679 _00161_DS_:
               00680 ;       .line   298; TCPIP_Stack/StackTsk.c     ARPProcess();
0136 EC00 F000 00681         CALL    _ARPProcess
               00682 ;       .line   299; TCPIP_Stack/StackTsk.c     break;
013A D000      00683         BRA     _00138_DS_
013C 00684 _00123_DS_:
               00685 ;       .line   303; TCPIP_Stack/StackTsk.c     if(!IPGetHeader(&tempLocalIP, &remoteNode, &cIPFrameType, &dataCount))
013C 0E00      00686         MOVLW   HIGH(_StackTask_tempLocalIP_1_1)
013E 6E00      00687         MOVWF   r0x01
0140 0E00      00688         MOVLW   LOW(_StackTask_tempLocalIP_1_1)
0142 6E00      00689         MOVWF   r0x00
0144 0E80      00690         MOVLW   0x80
0146 6E00      00691         MOVWF   r0x02
0148 0E00      00692         MOVLW   HIGH(_remoteNode)
014A 6E00      00693         MOVWF   r0x04
014C 0E00      00694         MOVLW   LOW(_remoteNode)
014E 6E00      00695         MOVWF   r0x03
0150 0E80      00696         MOVLW   0x80
0152 6E00      00697         MOVWF   r0x05
0154 0E00      00698         MOVLW   HIGH(_StackTask_cIPFrameType_1_1)
0156 6E00      00699         MOVWF   r0x07
0158 0E00      00700         MOVLW   LOW(_StackTask_cIPFrameType_1_1)
015A 6E00      00701         MOVWF   r0x06
015C 0E80      00702         MOVLW   0x80
gpasm-0.13.7 beta               Objects/StackTsk.asm3-15-2010  11:43:32          PAGE 14


LOC  OBJECT CODE     LINE SOURCE TEXT
  VALUE
 
015E 6E00      00703         MOVWF   r0x08
0160 0E00      00704         MOVLW   HIGH(_StackTask_dataCount_1_1)
0162 6E00      00705         MOVWF   r0x0a
0164 0E00      00706         MOVLW   LOW(_StackTask_dataCount_1_1)
0166 6E00      00707         MOVWF   r0x09
0168 0E80      00708         MOVLW   0x80
016A 6E00      00709         MOVWF   r0x0b
016C 5000      00710         MOVF    r0x0b, W
016E 6EE5      00711         MOVWF   POSTDEC1
0170 5000      00712         MOVF    r0x0a, W
0172 6EE5      00713         MOVWF   POSTDEC1
0174 5000      00714         MOVF    r0x09, W
0176 6EE5      00715         MOVWF   POSTDEC1
0178 5000      00716         MOVF    r0x08, W
017A 6EE5      00717         MOVWF   POSTDEC1
017C 5000      00718         MOVF    r0x07, W
017E 6EE5      00719         MOVWF   POSTDEC1
0180 5000      00720         MOVF    r0x06, W
0182 6EE5      00721         MOVWF   POSTDEC1
0184 5000      00722         MOVF    r0x05, W
0186 6EE5      00723         MOVWF   POSTDEC1
0188 5000      00724         MOVF    r0x04, W
018A 6EE5      00725         MOVWF   POSTDEC1
018C 5000      00726         MOVF    r0x03, W
018E 6EE5      00727         MOVWF   POSTDEC1
0190 5000      00728         MOVF    r0x02, W
0192 6EE5      00729         MOVWF   POSTDEC1
0194 5000      00730         MOVF    r0x01, W
0196 6EE5      00731         MOVWF   POSTDEC1
0198 5000      00732         MOVF    r0x00, W
019A 6EE5      00733         MOVWF   POSTDEC1
019C EC00 F000 00734         CALL    _IPGetHeader
01A0 6E00      00735         MOVWF   r0x00
01A2 0E0C      00736         MOVLW   0x0c
01A4 26E1      00737         ADDWF   FSR1L, F
01A6 5000      00738         MOVF    r0x00, W
01A8 B4D8      00739         BTFSC   STATUS, 2
01AA D000      00740         BRA     _00138_DS_
               00741 ;       .line   307; TCPIP_Stack/StackTsk.c     if(cIPFrameType == IP_PROT_ICMP)
01AC C000 F000 00742         MOVFF   _StackTask_cIPFrameType_1_1, r0x00
01B0 6A00      00743         CLRF    r0x01
01B2 5000      00744         MOVF    r0x00, W
01B4 0A01      00745         XORLW   0x01
01B6 E100      00746         BNZ     _00162_DS_
01B8 5000      00747         MOVF    r0x01, W
01BA E000      00748         BZ      _00163_DS_
01BC 00749 _00162_DS_:
01BC D000      00750         BRA     _00131_DS_
01BE 00751 _00163_DS_:
               00752 ;       .line   328; TCPIP_Stack/StackTsk.c     if( (tempLocalIP.Val == AppConfig.MyIPAddr.Val) ||
01BE C000 F000 00753         MOVFF   _StackTask_tempLocalIP_1_1, r0x02
01C2 C000 F000 00754         MOVFF   (_StackTask_tempLocalIP_1_1 + 1), r0x03
01C6 C000 F000 00755         MOVFF   (_StackTask_tempLocalIP_1_1 + 2), r0x04
01CA C000 F000 00756         MOVFF   (_StackTask_tempLocalIP_1_1 + 3), r0x05
gpasm-0.13.7 beta               Objects/StackTsk.asm3-15-2010  11:43:32          PAGE 15


LOC  OBJECT CODE     LINE SOURCE TEXT
  VALUE
 
01CE C000 F000 00757         MOVFF   _AppConfig, r0x06
01D2 C000 F000 00758         MOVFF   (_AppConfig + 1), r0x07
01D6 C000 F000 00759         MOVFF   (_AppConfig + 2), r0x08
01DA C000 F000 00760         MOVFF   (_AppConfig + 3), r0x09
01DE 5000      00761         MOVF    r0x02, W
01E0 1800      00762         XORWF   r0x06, W
01E2 E100      00763         BNZ     _00165_DS_
01E4 5000      00764         MOVF    r0x03, W
01E6 1800      00765         XORWF   r0x07, W
01E8 E100      00766         BNZ     _00165_DS_
01EA 5000      00767         MOVF    r0x04, W
01EC 1800      00768         XORWF   r0x08, W
01EE E100      00769         BNZ     _00165_DS_
01F0 5000      00770         MOVF    r0x05, W
01F2 1800      00771         XORWF   r0x09, W
01F4 E100      00772         BNZ     _00165_DS_
01F6 D000      00773         BRA     _00126_DS_
01F8 00774 _00165_DS_:
               00775 ;       .line   329; TCPIP_Stack/StackTsk.c     (tempLocalIP.Val == 0xFFFFFFFF) ||
01F8 5000      00776         MOVF    r0x02, W
01FA 0AFF      00777         XORLW   0xff
01FC E100      00778         BNZ     _00167_DS_
01FE 5000      00779         MOVF    r0x03, W
0200 0AFF      00780         XORLW   0xff
0202 E100      00781         BNZ     _00167_DS_
0204 5000      00782         MOVF    r0x04, W
0206 0AFF      00783         XORLW   0xff
0208 E100      00784         BNZ     _00167_DS_
020A 5000      00785         MOVF    r0x05, W
020C 0AFF      00786         XORLW   0xff
020E E000      00787         BZ      _00126_DS_
0210 00788 _00167_DS_:
0210 0000      00789         BANKSEL (_AppConfig + 4)
               00790 ;       .line   330; TCPIP_Stack/StackTsk.c     (tempLocalIP.Val == ((AppConfig.MyIPAddr.Val & AppConfig.MyMask.Val) | ~AppConfig.MyMask.Val)))
0212 5100      00791         MOVF    (_AppConfig + 4), W, B
0214 1600      00792         ANDWF   r0x06, F
0216 0000      00793         BANKSEL (_AppConfig + 5)
0218 5100      00794         MOVF    (_AppConfig + 5), W, B
021A 1600      00795         ANDWF   r0x07, F
021C 0000      00796         BANKSEL (_AppConfig + 6)
021E 5100      00797         MOVF    (_AppConfig + 6), W, B
0220 1600      00798         ANDWF   r0x08, F
0222 0000      00799         BANKSEL (_AppConfig + 7)
0224 5100      00800         MOVF    (_AppConfig + 7), W, B
0226 1600      00801         ANDWF   r0x09, F
0228 0000      00802         BANKSEL (_AppConfig + 4)
022A 1D00      00803         COMF    (_AppConfig + 4), W, B
022C 6E00      00804         MOVWF   r0x0a
022E 0000      00805         BANKSEL (_AppConfig + 5)
0230 1D00      00806         COMF    (_AppConfig + 5), W, B
0232 6E00      00807         MOVWF   r0x0b
0234 0000      00808         BANKSEL (_AppConfig + 6)
0236 1D00      00809         COMF    (_AppConfig + 6), W, B
0238 6E00      00810         MOVWF   r0x0c
gpasm-0.13.7 beta               Objects/StackTsk.asm3-15-2010  11:43:32          PAGE 16


LOC  OBJECT CODE     LINE SOURCE TEXT
  VALUE
 
023A 0000      00811         BANKSEL (_AppConfig + 7)
023C 1D00      00812         COMF    (_AppConfig + 7), W, B
023E 6E00      00813         MOVWF   r0x0d
0240 5000      00814         MOVF    r0x0a, W
0242 1200      00815         IORWF   r0x06, F
0244 5000      00816         MOVF    r0x0b, W
0246 1200      00817         IORWF   r0x07, F
0248 5000      00818         MOVF    r0x0c, W
024A 1200      00819         IORWF   r0x08, F
024C 5000      00820         MOVF    r0x0d, W
024E 1200      00821         IORWF   r0x09, F
0250 5000      00822         MOVF    r0x02, W
0252 1800      00823         XORWF   r0x06, W
0254 E100      00824         BNZ     _00170_DS_
0256 5000      00825         MOVF    r0x03, W
0258 1800      00826         XORWF   r0x07, W
025A E100      00827         BNZ     _00170_DS_
025C 5000      00828         MOVF    r0x04, W
025E 1800      00829         XORWF   r0x08, W
0260 E100      00830         BNZ     _00170_DS_
0262 5000      00831         MOVF    r0x05, W
0264 1800      00832         XORWF   r0x09, W
0266 E000      00833         BZ      _00126_DS_
0268 00834 _00170_DS_:
0268 D000      00835         BRA     _00138_DS_
026A 00836 _00126_DS_:
               00837 ;       .line   332; TCPIP_Stack/StackTsk.c     ICMPProcess(&remoteNode, dataCount);
026A 0E00      00838         MOVLW   HIGH(_remoteNode)
026C 6E00      00839         MOVWF   r0x03
026E 0E00      00840         MOVLW   LOW(_remoteNode)
0270 6E00      00841         MOVWF   r0x02
0272 0E80      00842         MOVLW   0x80
0274 6E00      00843         MOVWF   r0x04
0276 0000      00844         BANKSEL (_StackTask_dataCount_1_1 + 1)
0278 5100      00845         MOVF    (_StackTask_dataCount_1_1 + 1), W, B
027A 6EE5      00846         MOVWF   POSTDEC1
027C 0000      00847         BANKSEL _StackTask_dataCount_1_1
027E 5100      00848         MOVF    _StackTask_dataCount_1_1, W, B
0280 6EE5      00849         MOVWF   POSTDEC1
0282 5000      00850         MOVF    r0x04, W
0284 6EE5      00851         MOVWF   POSTDEC1
0286 5000      00852         MOVF    r0x03, W
0288 6EE5      00853         MOVWF   POSTDEC1
028A 5000      00854         MOVF    r0x02, W
028C 6EE5      00855         MOVWF   POSTDEC1
028E EC00 F000 00856         CALL    _ICMPProcess
0292 0E05      00857         MOVLW   0x05
0294 26E1      00858         ADDWF   FSR1L, F
               00859 ;       .line   335; TCPIP_Stack/StackTsk.c     break;
0296 D000      00860         BRA     _00138_DS_
0298 00861 _00131_DS_:
               00862 ;       .line   349; TCPIP_Stack/StackTsk.c     if(cIPFrameType == IP_PROT_UDP)
0298 5000      00863         MOVF    r0x00, W
029A 0A11      00864         XORLW   0x11
gpasm-0.13.7 beta               Objects/StackTsk.asm3-15-2010  11:43:32          PAGE 17


LOC  OBJECT CODE     LINE SOURCE TEXT
  VALUE
 
029C E100      00865         BNZ     _00172_DS_
029E 5000      00866         MOVF    r0x01, W
02A0 E000      00867         BZ      _00173_DS_
02A2 00868 _00172_DS_:
02A2 D000      00869         BRA     _00138_DS_
02A4 00870 _00173_DS_:
               00871 ;       .line   353; TCPIP_Stack/StackTsk.c     if(UDPProcess(&remoteNode, &tempLocalIP, dataCount))
02A4 0E00      00872         MOVLW   HIGH(_remoteNode)
02A6 6E00      00873         MOVWF   r0x01
02A8 0E00      00874         MOVLW   LOW(_remoteNode)
02AA 6E00      00875         MOVWF   r0x00
02AC 0E80      00876         MOVLW   0x80
02AE 6E00      00877         MOVWF   r0x02
02B0 0E00      00878         MOVLW   HIGH(_StackTask_tempLocalIP_1_1)
02B2 6E00      00879         MOVWF   r0x04
02B4 0E00      00880         MOVLW   LOW(_StackTask_tempLocalIP_1_1)
02B6 6E00      00881         MOVWF   r0x03
02B8 0E80      00882         MOVLW   0x80
02BA 6E00      00883         MOVWF   r0x05
02BC 0000      00884         BANKSEL (_StackTask_dataCount_1_1 + 1)
02BE 5100      00885         MOVF    (_StackTask_dataCount_1_1 + 1), W, B
02C0 6EE5      00886         MOVWF   POSTDEC1
02C2 0000      00887         BANKSEL _StackTask_dataCount_1_1
02C4 5100      00888         MOVF    _StackTask_dataCount_1_1, W, B
02C6 6EE5      00889         MOVWF   POSTDEC1
02C8 5000      00890         MOVF    r0x05, W
02CA 6EE5      00891         MOVWF   POSTDEC1
02CC 5000      00892         MOVF    r0x04, W
02CE 6EE5      00893         MOVWF   POSTDEC1
02D0 5000      00894         MOVF    r0x03, W
02D2 6EE5      00895         MOVWF   POSTDEC1
02D4 5000      00896         MOVF    r0x02, W
02D6 6EE5      00897         MOVWF   POSTDEC1
02D8 5000      00898         MOVF    r0x01, W
02DA 6EE5      00899         MOVWF   POSTDEC1
02DC 5000      00900         MOVF    r0x00, W
02DE 6EE5      00901         MOVWF   POSTDEC1
02E0 EC00 F000 00902         CALL    _UDPProcess
02E4 6E00      00903         MOVWF   r0x00
02E6 0E08      00904         MOVLW   0x08
02E8 26E1      00905         ADDWF   FSR1L, F
02EA 5000      00906         MOVF    r0x00, W
02EC B4D8      00907         BTFSC   STATUS, 2
02EE D000      00908         BRA     _00138_DS_
02F0 00909 _00140_DS_:
               00910 ;       .line   359; TCPIP_Stack/StackTsk.c     }
02F0 CFE4 F000 00911         MOVFF   PREINC1, r0x0d
02F4 CFE4 F000 00912         MOVFF   PREINC1, r0x0c
02F8 CFE4 F000 00913         MOVFF   PREINC1, r0x0b
02FC CFE4 F000 00914         MOVFF   PREINC1, r0x0a
0300 CFE4 F000 00915         MOVFF   PREINC1, r0x09
0304 CFE4 F000 00916         MOVFF   PREINC1, r0x08
0308 CFE4 F000 00917         MOVFF   PREINC1, r0x07
030C CFE4 F000 00918         MOVFF   PREINC1, r0x06
gpasm-0.13.7 beta               Objects/StackTsk.asm3-15-2010  11:43:32          PAGE 18


LOC  OBJECT CODE     LINE SOURCE TEXT
  VALUE
 
0310 CFE4 F000 00919         MOVFF   PREINC1, r0x05
0314 CFE4 F000 00920         MOVFF   PREINC1, r0x04
0318 CFE4 F000 00921         MOVFF   PREINC1, r0x03
031C CFE4 F000 00922         MOVFF   PREINC1, r0x02
0320 CFE4 F000 00923         MOVFF   PREINC1, r0x01
0324 CFE4 F000 00924         MOVFF   PREINC1, r0x00
0328 CFE4 FFD9 00925         MOVFF   PREINC1, FSR2L
032C 0012      00926         RETURN  
               00927 
               00928 ; ; Starting pCode block
               00929 S_StackTsk__StackInit   code
0000 00930 _StackInit:
               00931 ;       .line   115; TCPIP_Stack/StackTsk.c     void StackInit(void)
0000 CFD9 FFE5 00932         MOVFF   FSR2L, POSTDEC1
0004 CFE1 FFD9 00933         MOVFF   FSR1L, FSR2L
0008 C000 FFE5 00934         MOVFF   r0x00, POSTDEC1
000C C000 FFE5 00935         MOVFF   r0x01, POSTDEC1
0010 C000 FFE5 00936         MOVFF   r0x02, POSTDEC1
0014 C000 FFE5 00937         MOVFF   r0x03, POSTDEC1
0018 0000      00938         BANKSEL _smStack
               00939 ;       .line   117; TCPIP_Stack/StackTsk.c     smStack                     = SM_STACK_IDLE;
001A 6B00      00940         CLRF    _smStack, B
001C 0000      00941         BANKSEL (_AppConfig + 44)
               00942 ;       .line   124; TCPIP_Stack/StackTsk.c     AppConfig.Flags.bInConfigMode = TRUE;
001E 8F00      00943         BSF     (_AppConfig + 44), 7, B
               00944 ;       .line   128; TCPIP_Stack/StackTsk.c     srand(GenerateRandomDWORD());
0020 EC00 F000 00945         CALL    _GenerateRandomDWORD
0024 6E00      00946         MOVWF   r0x00
0026 CFF3 F000 00947         MOVFF   PRODL, r0x01
002A CFF4 F000 00948         MOVFF   PRODH, r0x02
002E CFE9 F000 00949         MOVFF   FSR0L, r0x03
0032 5000      00950         MOVF    r0x03, W
0034 6EE5      00951         MOVWF   POSTDEC1
0036 5000      00952         MOVF    r0x02, W
0038 6EE5      00953         MOVWF   POSTDEC1
003A 5000      00954         MOVF    r0x01, W
003C 6EE5      00955         MOVWF   POSTDEC1
003E 5000      00956         MOVF    r0x00, W
0040 6EE5      00957         MOVWF   POSTDEC1
0042 EC00 F000 00958         CALL    _srand
0046 0E04      00959         MOVLW   0x04
0048 26E1      00960         ADDWF   FSR1L, F
               00961 ;       .line   130; TCPIP_Stack/StackTsk.c     MACInit();
004A EC00 F000 00962         CALL    _MACInit
               00963 ;       .line   139; TCPIP_Stack/StackTsk.c     ARPInit();
004E EC00 F000 00964         CALL    _ARPInit
               00965 ;       .line   142; TCPIP_Stack/StackTsk.c     UDPInit();
0052 EC00 F000 00966         CALL    _UDPInit
               00967 ;       .line   174; TCPIP_Stack/StackTsk.c     DHCPInit(0);
0056 0E00      00968         MOVLW   0x00
0058 6EE5      00969         MOVWF   POSTDEC1
005A EC00 F000 00970         CALL    _DHCPInit
005E 2AE1      00971         INCF    FSR1L, F
0060 0000      00972         BANKSEL (_AppConfig + 44)
gpasm-0.13.7 beta               Objects/StackTsk.asm3-15-2010  11:43:32          PAGE 19


LOC  OBJECT CODE     LINE SOURCE TEXT
  VALUE
 
               00973 ;       .line   176; TCPIP_Stack/StackTsk.c     if(!AppConfig.Flags.bIsDHCPEnabled)
0062 BD00      00974         BTFSC   (_AppConfig + 44), 6, B
0064 D000      00975         BRA     _00107_DS_
               00976 ;       .line   178; TCPIP_Stack/StackTsk.c     DHCPDisable(0);  
0066 0E00      00977         MOVLW   0x00
0068 6EE5      00978         MOVWF   POSTDEC1
006A EC00 F000 00979         CALL    _DHCPDisable
006E 2AE1      00980         INCF    FSR1L, F
0070 00981 _00107_DS_:
0070 CFE4 F000 00982         MOVFF   PREINC1, r0x03
0074 CFE4 F000 00983         MOVFF   PREINC1, r0x02
0078 CFE4 F000 00984         MOVFF   PREINC1, r0x01
007C CFE4 F000 00985         MOVFF   PREINC1, r0x00
0080 CFE4 FFD9 00986         MOVFF   PREINC1, FSR2L
0084 0012      00987         RETURN  
               00988 
               00989 
               00990 
               00991 ; Statistics:
               00992 ; code size:      962 (0x03c2) bytes ( 0.73%)
               00993 ;                 481 (0x01e1) words
               00994 ; udata size:      19 (0x0013) bytes ( 0.49%)
               00995 ; access size:     14 (0x000e) bytes
               00996 
               00997 
gpasm-0.13.7 beta               Objects/StackTsk.asm3-15-2010  11:43:32          PAGE 20


SYMBOL TABLE
  LABEL                             VALUE 

FSR0L                             00000FE9
FSR1L                             00000FE1
FSR2L                             00000FD9
POSTDEC1                          00000FE5
PREINC1                           00000FE4
PRODH                             00000FF4
PRODL                             00000FF3
STATUS                            00000FD8
_00107_DS_                        00000070
_00115_DS_                        000000BC
_00119_DS_                        000000D4
_00123_DS_                        0000013C
_00126_DS_                        0000026A
_00131_DS_                        00000298
_00138_DS_                        000000D8
_00140_DS_                        000002F0
_00157_DS_                        00000056
_00159_DS_                        0000012A
_00160_DS_                        00000134
_00161_DS_                        00000136
_00162_DS_                        000001BC
_00163_DS_                        000001BE
_00165_DS_                        000001F8
_00167_DS_                        00000210
_00170_DS_                        00000268
_00172_DS_                        000002A2
_00173_DS_                        000002A4
_ADCON0                           00000000
_ADCON0bits                       00000000
_ADCON1                           00000000
_ADCON1bits                       00000000
_ADCON2                           00000000
_ADCON2bits                       00000000
_ADRES                            00000000
_ADRESH                           00000000
_ADRESL                           00000000
_AN0String                        00000000
_ARPInit                          00000000
_ARPProcess                       00000000
_AppConfig                        00000000
_BAUDCON                          00000000
_BAUDCON1                         00000000
_BAUDCON1bits                     00000000
_BAUDCON2                         00000000
_BAUDCON2bits                     00000000
_BAUDCONbits                      00000000
_BAUDCTL                          00000000
_BAUDCTL1                         00000000
_BAUDCTL1bits                     00000000
_BAUDCTL2                         00000000
_BAUDCTL2bits                     00000000
_BAUDCTLbits                      00000000
_BSR                              00000000
gpasm-0.13.7 beta               Objects/StackTsk.asm3-15-2010  11:43:32          PAGE 21


LOC  OBJECT CODE     LINE SOURCE TEXT
  VALUE
 
_CCP1CON                          00000000
_CCP1CONbits                      00000000
_CCP2CON                          00000000
_CCP2CONbits                      00000000
_CCP3CON                          00000000
_CCP3CONbits                      00000000
_CCP4CON                          00000000
_CCP4CONbits                      00000000
_CCP5CON                          00000000
_CCP5CONbits                      00000000
_CCPR1                            00000000
_CCPR1H                           00000000
_CCPR1L                           00000000
_CCPR2                            00000000
_CCPR2H                           00000000
_CCPR2L                           00000000
_CCPR3                            00000000
_CCPR3H                           00000000
_CCPR3L                           00000000
_CCPR4                            00000000
_CCPR4H                           00000000
_CCPR4L                           00000000
_CCPR5                            00000000
_CCPR5H                           00000000
_CCPR5L                           00000000
_CMCON                            00000000
_CMCONbits                        00000000
_CVRCON                           00000000
_CVRCONbits                       00000000
_DDRA                             00000000
_DDRAbits                         00000000
_DDRB                             00000000
_DDRBbits                         00000000
_DDRC                             00000000
_DDRCbits                         00000000
_DDRD                             00000000
_DDRDbits                         00000000
_DDRE                             00000000
_DDREbits                         00000000
_DDRF                             00000000
_DDRFbits                         00000000
_DDRG                             00000000
_DDRGbits                         00000000
_DDRH                             00000000
_DDRHbits                         00000000
_DDRJ                             00000000
_DDRJbits                         00000000
_DHCPDisable                      00000000
_DHCPInit                         00000000
_DHCPIsBound                      00000000
_DHCPTask                         00000000
_EBSTCON                          00000000
_EBSTCONbits                      00000000
_EBSTCS                           00000000
gpasm-0.13.7 beta               Objects/StackTsk.asm3-15-2010  11:43:32          PAGE 22


LOC  OBJECT CODE     LINE SOURCE TEXT
  VALUE
 
_EBSTCSH                          00000000
_EBSTCSL                          00000000
_EBSTSD                           00000000
_ECCP1AS                          00000000
_ECCP1ASbits                      00000000
_ECCP1CON                         00000000
_ECCP1CONbits                     00000000
_ECCP1DEL                         00000000
_ECCP1DELbits                     00000000
_ECCP2AS                          00000000
_ECCP2ASbits                      00000000
_ECCP2CON                         00000000
_ECCP2CONbits                     00000000
_ECCP2DEL                         00000000
_ECCP2DELbits                     00000000
_ECCP3AS                          00000000
_ECCP3ASbits                      00000000
_ECCP3CON                         00000000
_ECCP3CONbits                     00000000
_ECCP3DEL                         00000000
_ECCP3DELbits                     00000000
_ECON1                            00000000
_ECON1bits                        00000000
_ECON2                            00000000
_ECON2bits                        00000000
_EDATA                            00000000
_EDATAbits                        00000000
_EDMACS                           00000000
_EDMACSH                          00000000
_EDMACSL                          00000000
_EDMADST                          00000000
_EDMADSTH                         00000000
_EDMADSTL                         00000000
_EDMAND                           00000000
_EDMANDH                          00000000
_EDMANDL                          00000000
_EDMAST                           00000000
_EDMASTH                          00000000
_EDMASTL                          00000000
_EECON1                           00000000
_EECON1bits                       00000000
_EECON2                           00000000
_EFLOCON                          00000000
_EFLOCONbits                      00000000
_EHT0                             00000000
_EHT1                             00000000
_EHT2                             00000000
_EHT3                             00000000
_EHT4                             00000000
_EHT5                             00000000
_EHT6                             00000000
_EHT7                             00000000
_EIE                              00000000
_EIEbits                          00000000
gpasm-0.13.7 beta               Objects/StackTsk.asm3-15-2010  11:43:32          PAGE 23


LOC  OBJECT CODE     LINE SOURCE TEXT
  VALUE
 
_EIR                              00000000
_EIRbits                          00000000
_EPAUS                            00000000
_EPAUSH                           00000000
_EPAUSL                           00000000
_EPKTCNT                          00000000
_EPMCS                            00000000
_EPMCSH                           00000000
_EPMCSL                           00000000
_EPMM0                            00000000
_EPMM1                            00000000
_EPMM2                            00000000
_EPMM3                            00000000
_EPMM4                            00000000
_EPMM5                            00000000
_EPMM6                            00000000
_EPMM7                            00000000
_EPMO                             00000000
_EPMOH                            00000000
_EPMOL                            00000000
_ERDPT                            00000000
_ERDPTH                           00000000
_ERDPTL                           00000000
_ERXFCON                          00000000
_ERXFCONbits                      00000000
_ERXND                            00000000
_ERXNDH                           00000000
_ERXNDL                           00000000
_ERXRDPT                          00000000
_ERXRDPTH                         00000000
_ERXRDPTL                         00000000
_ERXST                            00000000
_ERXSTH                           00000000
_ERXSTL                           00000000
_ERXWRPT                          00000000
_ERXWRPTH                         00000000
_ERXWRPTL                         00000000
_ESTAT                            00000000
_ESTATbits                        00000000
_ETXND                            00000000
_ETXNDH                           00000000
_ETXNDL                           00000000
_ETXST                            00000000
_ETXSTH                           00000000
_ETXSTL                           00000000
_EWOLIE                           00000000
_EWOLIEbits                       00000000
_EWOLIR                           00000000
_EWOLIRbits                       00000000
_EWRPT                            00000000
_EWRPTH                           00000000
_EWRPTL                           00000000
_FSR0H                            00000000
_FSR0L                            00000000
gpasm-0.13.7 beta               Objects/StackTsk.asm3-15-2010  11:43:32          PAGE 24


LOC  OBJECT CODE     LINE SOURCE TEXT
  VALUE
 
_FSR1H                            00000000
_FSR1L                            00000000
_FSR2H                            00000000
_FSR2L                            00000000
_GenerateRandomDWORD              00000000
_ICMPProcess                      00000000
_INDF0                            00000000
_INDF1                            00000000
_INDF2                            00000000
_INTCON                           00000000
_INTCON2                          00000000
_INTCON2bits                      00000000
_INTCON3                          00000000
_INTCON3bits                      00000000
_INTCONbits                       00000000
_IPGetHeader                      00000000
_IPR1                             00000000
_IPR1bits                         00000000
_IPR2                             00000000
_IPR2bits                         00000000
_IPR3                             00000000
_IPR3bits                         00000000
_LATA                             00000000
_LATAbits                         00000000
_LATB                             00000000
_LATBbits                         00000000
_LATC                             00000000
_LATCbits                         00000000
_LATD                             00000000
_LATDbits                         00000000
_LATE                             00000000
_LATEbits                         00000000
_LATF                             00000000
_LATFbits                         00000000
_LATG                             00000000
_LATGbits                         00000000
_LATH                             00000000
_LATHbits                         00000000
_LATJ                             00000000
_LATJbits                         00000000
_LCDText                          00000000
_MAADR1                           00000000
_MAADR2                           00000000
_MAADR3                           00000000
_MAADR4                           00000000
_MAADR5                           00000000
_MAADR6                           00000000
_MABBIPG                          00000000
_MACGetHeader                     00000000
_MACInit                          00000000
_MACIsLinked                      00000000
_MACLCON1                         00000000
_MACLCON1bits                     00000000
_MACLCON2                         00000000
gpasm-0.13.7 beta               Objects/StackTsk.asm3-15-2010  11:43:32          PAGE 25


LOC  OBJECT CODE     LINE SOURCE TEXT
  VALUE
 
_MACLCON2bits                     00000000
_MACON1                           00000000
_MACON1bits                       00000000
_MACON2                           00000000
_MACON2bits                       00000000
_MACON3                           00000000
_MACON3bits                       00000000
_MACON4                           00000000
_MACON4bits                       00000000
_MAIPG                            00000000
_MAIPGH                           00000000
_MAIPGL                           00000000
_MAMXFL                           00000000
_MAMXFLH                          00000000
_MAMXFLL                          00000000
_MEMCON                           00000000
_MEMCONbits                       00000000
_MICMD                            00000000
_MICMDbits                        00000000
_MICON                            00000000
_MICONbits                        00000000
_MIRD                             00000000
_MIRDH                            00000000
_MIRDL                            00000000
_MIREGADR                         00000000
_MISTAT                           00000000
_MISTATbits                       00000000
_MIWR                             00000000
_MIWRH                            00000000
_MIWRL                            00000000
_OSCCON                           00000000
_OSCCONbits                       00000000
_OSCTUNE                          00000000
_OSCTUNEbits                      00000000
_PC                               00000000
_PCL                              00000000
_PCLATH                           00000000
_PCLATU                           00000000
_PIE1                             00000000
_PIE1bits                         00000000
_PIE2                             00000000
_PIE2bits                         00000000
_PIE3                             00000000
_PIE3bits                         00000000
_PIR1                             00000000
_PIR1bits                         00000000
_PIR2                             00000000
_PIR2bits                         00000000
_PIR3                             00000000
_PIR3bits                         00000000
_PLUSW0                           00000000
_PLUSW1                           00000000
_PLUSW2                           00000000
_PORTA                            00000000
gpasm-0.13.7 beta               Objects/StackTsk.asm3-15-2010  11:43:32          PAGE 26


LOC  OBJECT CODE     LINE SOURCE TEXT
  VALUE
 
_PORTAbits                        00000000
_PORTB                            00000000
_PORTBbits                        00000000
_PORTC                            00000000
_PORTCbits                        00000000
_PORTD                            00000000
_PORTDbits                        00000000
_PORTE                            00000000
_PORTEbits                        00000000
_PORTF                            00000000
_PORTFbits                        00000000
_PORTG                            00000000
_PORTGbits                        00000000
_PORTH                            00000000
_PORTHbits                        00000000
_PORTJ                            00000000
_PORTJbits                        00000000
_POSTDEC0                         00000000
_POSTDEC1                         00000000
_POSTDEC2                         00000000
_POSTINC0                         00000000
_POSTINC1                         00000000
_POSTINC2                         00000000
_PR2                              00000000
_PR4                              00000000
_PREINC0                          00000000
_PREINC1                          00000000
_PREINC2                          00000000
_PROD                             00000000
_PRODH                            00000000
_PRODL                            00000000
_PSPCON                           00000000
_PSPCONbits                       00000000
_RCON                             00000000
_RCONbits                         00000000
_RCREG                            00000000
_RCREG1                           00000000
_RCREG2                           00000000
_RCSTA                            00000000
_RCSTA1                           00000000
_RCSTA1bits                       00000000
_RCSTA2                           00000000
_RCSTA2bits                       00000000
_RCSTAbits                        00000000
_SPBRG                            00000000
_SPBRG1                           00000000
_SPBRG2                           00000000
_SPBRGH                           00000000
_SPBRGH1                          00000000
_SPBRGH2                          00000000
_SSP1ADD                          00000000
_SSP1BUF                          00000000
_SSP1CON1                         00000000
_SSP1CON1bits                     00000000
gpasm-0.13.7 beta               Objects/StackTsk.asm3-15-2010  11:43:32          PAGE 27


LOC  OBJECT CODE     LINE SOURCE TEXT
  VALUE
 
_SSP1CON2                         00000000
_SSP1CON2bits                     00000000
_SSP1STAT                         00000000
_SSP1STATbits                     00000000
_SSP2ADD                          00000000
_SSP2BUF                          00000000
_SSP2CON1                         00000000
_SSP2CON1bits                     00000000
_SSP2CON2                         00000000
_SSP2CON2bits                     00000000
_SSP2STAT                         00000000
_SSP2STATbits                     00000000
_SSPADD                           00000000
_SSPBUF                           00000000
_SSPCON1                          00000000
_SSPCON1bits                      00000000
_SSPCON2                          00000000
_SSPCON2bits                      00000000
_SSPSTAT                          00000000
_SSPSTATbits                      00000000
_STATUS                           00000000
_STATUSbits                       00000000
_STKPTR                           00000000
_STKPTRbits                       00000000
_StackApplications                00000000
_StackInit                        00000000
_StackTask                        00000000
_StackTask_bLastLinkState_2_2     00000000
_StackTask_cFrameType_1_1         00000000
_StackTask_cIPFrameType_1_1       00000000
_StackTask_dataCount_1_1          00000000
_StackTask_tempLocalIP_1_1        00000000
_T0CON                            00000000
_T0CONbits                        00000000
_T1CON                            00000000
_T1CONbits                        00000000
_T2CON                            00000000
_T2CONbits                        00000000
_T3CON                            00000000
_T3CONbits                        00000000
_T4CON                            00000000
_T4CONbits                        00000000
_TABLAT                           00000000
_TBLPTR                           00000000
_TBLPTRH                          00000000
_TBLPTRL                          00000000
_TBLPTRU                          00000000
_TMR0H                            00000000
_TMR0L                            00000000
_TMR1H                            00000000
_TMR1L                            00000000
_TMR2                             00000000
_TMR3H                            00000000
_TMR3L                            00000000
gpasm-0.13.7 beta               Objects/StackTsk.asm3-15-2010  11:43:32          PAGE 28


LOC  OBJECT CODE     LINE SOURCE TEXT
  VALUE
 
_TMR4                             00000000
_TOS                              00000000
_TOSH                             00000000
_TOSL                             00000000
_TOSU                             00000000
_TRISA                            00000000
_TRISAbits                        00000000
_TRISB                            00000000
_TRISBbits                        00000000
_TRISC                            00000000
_TRISCbits                        00000000
_TRISD                            00000000
_TRISDbits                        00000000
_TRISE                            00000000
_TRISEbits                        00000000
_TRISF                            00000000
_TRISFbits                        00000000
_TRISG                            00000000
_TRISGbits                        00000000
_TRISH                            00000000
_TRISHbits                        00000000
_TRISJ                            00000000
_TRISJbits                        00000000
_TXREG                            00000000
_TXREG1                           00000000
_TXREG2                           00000000
_TXSTA                            00000000
_TXSTA1                           00000000
_TXSTA1bits                       00000000
_TXSTA2                           00000000
_TXSTA2bits                       00000000
_TXSTAbits                        00000000
_UDPDiscard                       00000000
_UDPInit                          00000000
_UDPProcess                       00000000
_UDPRxCount                       00000000
_UDPSocketInfo                    00000000
_UDPTask                          00000000
_UDPTxCount                       00000000
_WDTCON                           00000000
_WDTCONbits                       00000000
_WREG                             00000000
__18F97J60                        00000001
_activeUDPSocket                  00000000
_remoteNode                       00000000
_smStack                          00000000
_srand                            00000000
_stdin                            00000000
_stdout                           00000000
r0x00                             00000000
r0x01                             00000001
r0x02                             00000002
r0x03                             00000003
r0x04                             00000004
gpasm-0.13.7 beta               Objects/StackTsk.asm3-15-2010  11:43:32          PAGE 29


LOC  OBJECT CODE     LINE SOURCE TEXT
  VALUE
 
r0x05                             00000005
r0x06                             00000006
r0x07                             00000007
r0x08                             00000008
r0x09                             00000009
r0x0a                             0000000A
r0x0b                             0000000B
r0x0c                             0000000C
r0x0d                             0000000D


Errors   :       0
Warnings :       0 reported,       0 suppressed
Messages :       0 reported,       0 suppressed

